(venv) root@ccma-X7Y7:/home/ccma/Chilung/1022/distiller/examples/lab4_2# python auto.py --arch resnet56_cifar --gpus=0 --lr=0.003 ../../../data.cifar10 -b=128 -j=1 --deterministic --resume='./pertrain base line/2018.11.08-213504/best.pth.tar' --rounds=20 --epochs=30
Files already downloaded and verified
Files already downloaded and verified
resume mode: ./pertrain base line/2018.11.08-213504/best.pth.tar
10.0
Epoch: 0, train_acc: 90.3289, val_acc: 93.0400, sparsity: 63.4339
Epoch: 1, train_acc: 91.5844, val_acc: 92.1400, sparsity: 63.4339
Epoch: 2, train_acc: 92.9000, val_acc: 93.0400, sparsity: 63.4339
Epoch: 3, train_acc: 94.1511, val_acc: 93.7800, sparsity: 63.4339
Epoch: 4, train_acc: 94.8244, val_acc: 93.6800, sparsity: 63.4339
Epoch: 5, train_acc: 96.8578, val_acc: 95.9200, sparsity: 63.4339
Epoch: 6, train_acc: 97.0444, val_acc: 95.9600, sparsity: 63.4339
Epoch: 7, train_acc: 97.1400, val_acc: 95.4600, sparsity: 63.4339
Epoch: 8, train_acc: 97.3578, val_acc: 96.0200, sparsity: 63.4339
Epoch: 9, train_acc: 97.3689, val_acc: 96.0200, sparsity: 63.4339
Epoch: 10, train_acc: 97.5956, val_acc: 95.2200, sparsity: 63.4339
Epoch: 11, train_acc: 97.5356, val_acc: 96.4200, sparsity: 63.4339
Epoch: 12, train_acc: 97.8022, val_acc: 95.9200, sparsity: 63.4339
Epoch: 13, train_acc: 97.7311, val_acc: 96.1600, sparsity: 63.4339
Epoch: 14, train_acc: 97.8044, val_acc: 96.6200, sparsity: 63.4339
Epoch: 15, train_acc: 98.6644, val_acc: 96.7800, sparsity: 63.4339
Epoch: 16, train_acc: 98.7333, val_acc: 96.8000, sparsity: 63.4339
Epoch: 17, train_acc: 98.7511, val_acc: 96.9800, sparsity: 63.4339
Epoch: 18, train_acc: 98.8289, val_acc: 96.9200, sparsity: 63.4339
Epoch: 19, train_acc: 98.9711, val_acc: 96.8200, sparsity: 63.4339
Epoch: 20, train_acc: 98.8622, val_acc: 97.0000, sparsity: 63.4339
Epoch: 21, train_acc: 99.0133, val_acc: 96.3400, sparsity: 63.4339
Epoch: 22, train_acc: 99.0733, val_acc: 97.3800, sparsity: 63.4339
Epoch: 23, train_acc: 99.2689, val_acc: 97.2200, sparsity: 63.4339
Epoch: 24, train_acc: 99.2622, val_acc: 97.0000, sparsity: 63.4339
Epoch: 25, train_acc: 99.3022, val_acc: 97.6800, sparsity: 63.4339
Epoch: 26, train_acc: 99.3267, val_acc: 97.4200, sparsity: 63.4339
Epoch: 27, train_acc: 99.2622, val_acc: 97.5400, sparsity: 63.4339
Epoch: 28, train_acc: 99.3244, val_acc: 97.1000, sparsity: 63.4339
Epoch: 29, train_acc: 99.2178, val_acc: 97.5400, sparsity: 63.4339
1 trials: score: 0.1329, train_acc:99.2178, val_acc:97.5400, test_acc:90.3700, sparsity:63.4339
resume mode: ./pertrain base line/2018.11.08-213504/best.pth.tar
0.13289836900355123
Epoch: 0, train_acc: 89.1533, val_acc: 92.6400, sparsity: 63.6942
Epoch: 1, train_acc: 90.7311, val_acc: 91.2600, sparsity: 63.6942
Epoch: 2, train_acc: 92.5178, val_acc: 92.2000, sparsity: 63.6942
Epoch: 3, train_acc: 93.3311, val_acc: 92.2800, sparsity: 63.6942
Epoch: 4, train_acc: 94.3600, val_acc: 92.5800, sparsity: 63.6942
Epoch: 5, train_acc: 96.2222, val_acc: 95.0800, sparsity: 63.6942
Epoch: 6, train_acc: 96.5244, val_acc: 93.2400, sparsity: 63.6942
Epoch: 7, train_acc: 96.5200, val_acc: 95.1200, sparsity: 63.6942
Epoch: 8, train_acc: 97.0089, val_acc: 95.0800, sparsity: 63.6942
Epoch: 9, train_acc: 97.0333, val_acc: 95.0600, sparsity: 63.6942
Epoch: 10, train_acc: 97.1067, val_acc: 95.0400, sparsity: 63.6942
Epoch: 11, train_acc: 97.1467, val_acc: 95.0400, sparsity: 63.6942
Epoch: 12, train_acc: 97.4844, val_acc: 95.4400, sparsity: 63.6942
Epoch: 13, train_acc: 97.4822, val_acc: 94.4400, sparsity: 63.6942
Epoch: 14, train_acc: 97.5511, val_acc: 94.4800, sparsity: 63.6942
Epoch: 15, train_acc: 98.3933, val_acc: 95.6600, sparsity: 63.6942
Epoch: 16, train_acc: 98.4311, val_acc: 95.7400, sparsity: 63.6942
Epoch: 17, train_acc: 98.5400, val_acc: 95.9800, sparsity: 63.6942
Epoch: 18, train_acc: 98.5467, val_acc: 96.4200, sparsity: 63.6942
Epoch: 19, train_acc: 98.7089, val_acc: 96.4200, sparsity: 63.6942
Epoch: 20, train_acc: 98.6800, val_acc: 96.3600, sparsity: 63.6942
Epoch: 21, train_acc: 98.7044, val_acc: 96.1400, sparsity: 63.6942
Epoch: 22, train_acc: 99.0533, val_acc: 96.3400, sparsity: 63.6942
Epoch: 23, train_acc: 98.9867, val_acc: 96.5800, sparsity: 63.6942
Epoch: 24, train_acc: 99.1111, val_acc: 96.6000, sparsity: 63.6942
Epoch: 25, train_acc: 99.0978, val_acc: 96.7400, sparsity: 63.6942
Epoch: 26, train_acc: 99.2000, val_acc: 96.9000, sparsity: 63.6942
Epoch: 27, train_acc: 99.2222, val_acc: 96.7200, sparsity: 63.6942
Epoch: 28, train_acc: 99.1622, val_acc: 96.9200, sparsity: 63.6942
Epoch: 29, train_acc: 99.2000, val_acc: 96.9200, sparsity: 63.6942
2 trials: score: 0.1397, train_acc:99.2000, val_acc:96.9200, test_acc:90.0700, sparsity:63.6942
resume mode: ./pertrain base line/2018.11.08-213504/best.pth.tar
0.13289836900355123
Epoch: 0, train_acc: 90.2022, val_acc: 93.5800, sparsity: 61.5247
Epoch: 1, train_acc: 90.9689, val_acc: 91.6600, sparsity: 61.5247
Epoch: 2, train_acc: 92.7267, val_acc: 92.5400, sparsity: 61.5247
Epoch: 3, train_acc: 93.6711, val_acc: 92.7200, sparsity: 61.5247
Epoch: 4, train_acc: 94.2289, val_acc: 94.1000, sparsity: 61.5247
Epoch: 5, train_acc: 96.5422, val_acc: 95.4800, sparsity: 61.5247
Epoch: 6, train_acc: 96.9000, val_acc: 95.8000, sparsity: 61.5247
Epoch: 7, train_acc: 97.0578, val_acc: 95.8600, sparsity: 61.5247
Epoch: 8, train_acc: 97.3044, val_acc: 96.3200, sparsity: 61.5247
Epoch: 9, train_acc: 97.1867, val_acc: 95.4600, sparsity: 61.5247
Epoch: 10, train_acc: 97.3956, val_acc: 96.3000, sparsity: 61.5247
Epoch: 11, train_acc: 97.7067, val_acc: 95.5200, sparsity: 61.5247
Epoch: 12, train_acc: 97.6200, val_acc: 96.4200, sparsity: 61.5247
Epoch: 13, train_acc: 97.6200, val_acc: 96.3200, sparsity: 61.5247
Epoch: 14, train_acc: 97.7356, val_acc: 95.4000, sparsity: 61.5247
Epoch: 15, train_acc: 98.5600, val_acc: 97.0600, sparsity: 61.5247
Epoch: 16, train_acc: 98.6111, val_acc: 96.8800, sparsity: 61.5247
Epoch: 17, train_acc: 98.6600, val_acc: 96.8600, sparsity: 61.5247
Epoch: 18, train_acc: 98.7178, val_acc: 96.8400, sparsity: 61.5247
Epoch: 19, train_acc: 98.8400, val_acc: 96.8400, sparsity: 61.5247
Epoch: 20, train_acc: 98.8089, val_acc: 97.0200, sparsity: 61.5247
Epoch: 21, train_acc: 98.8911, val_acc: 96.7800, sparsity: 61.5247
Epoch: 22, train_acc: 99.1400, val_acc: 97.3600, sparsity: 61.5247
Epoch: 23, train_acc: 99.2111, val_acc: 97.6400, sparsity: 61.5247
Epoch: 24, train_acc: 99.1956, val_acc: 97.3600, sparsity: 61.5247
Epoch: 25, train_acc: 99.3000, val_acc: 97.1800, sparsity: 61.5247
Epoch: 26, train_acc: 99.2644, val_acc: 97.3600, sparsity: 61.5247
Epoch: 27, train_acc: 99.2400, val_acc: 97.0000, sparsity: 61.5247
Epoch: 28, train_acc: 99.2844, val_acc: 97.5400, sparsity: 61.5247
Epoch: 29, train_acc: 99.2111, val_acc: 97.5600, sparsity: 61.5247
3 trials: score: 0.1390, train_acc:99.2111, val_acc:97.5600, test_acc:90.0100, sparsity:61.5247
resume mode: ./pertrain base line/2018.11.08-213504/best.pth.tar
0.13289836900355123
Epoch: 0, train_acc: 87.8200, val_acc: 90.7800, sparsity: 65.9488
Epoch: 1, train_acc: 89.6311, val_acc: 90.9600, sparsity: 65.9488
Epoch: 2, train_acc: 91.0644, val_acc: 91.7800, sparsity: 65.9488
Epoch: 3, train_acc: 92.1133, val_acc: 90.5000, sparsity: 65.9488
Epoch: 4, train_acc: 92.7800, val_acc: 91.9600, sparsity: 65.9488
Epoch: 5, train_acc: 95.1689, val_acc: 93.5000, sparsity: 65.9488
Epoch: 6, train_acc: 95.4756, val_acc: 93.7800, sparsity: 65.9488
Epoch: 7, train_acc: 95.6222, val_acc: 93.9600, sparsity: 65.9488
Epoch: 8, train_acc: 95.9378, val_acc: 94.1000, sparsity: 65.9488
Epoch: 9, train_acc: 96.0978, val_acc: 94.3400, sparsity: 65.9488
Epoch: 10, train_acc: 96.1556, val_acc: 94.3600, sparsity: 65.9488
Epoch: 11, train_acc: 96.2511, val_acc: 94.4000, sparsity: 65.9488
Epoch: 12, train_acc: 96.4933, val_acc: 94.1000, sparsity: 65.9488
Epoch: 13, train_acc: 96.5822, val_acc: 94.4200, sparsity: 65.9488
Epoch: 14, train_acc: 96.5489, val_acc: 94.4000, sparsity: 65.9488
Epoch: 15, train_acc: 97.6822, val_acc: 95.1000, sparsity: 65.9488
Epoch: 16, train_acc: 97.7978, val_acc: 95.5400, sparsity: 65.9488
Epoch: 17, train_acc: 97.8467, val_acc: 95.4000, sparsity: 65.9488
Epoch: 18, train_acc: 97.7711, val_acc: 95.0800, sparsity: 65.9488
Epoch: 19, train_acc: 97.9822, val_acc: 94.9000, sparsity: 65.9488
Epoch: 20, train_acc: 98.0556, val_acc: 94.8200, sparsity: 65.9488
Epoch: 21, train_acc: 98.0689, val_acc: 95.2400, sparsity: 65.9488
Epoch: 22, train_acc: 98.3778, val_acc: 95.4600, sparsity: 65.9488
Epoch: 23, train_acc: 98.4289, val_acc: 95.9400, sparsity: 65.9488
Epoch: 24, train_acc: 98.5622, val_acc: 95.7400, sparsity: 65.9488
Epoch: 25, train_acc: 98.6489, val_acc: 95.8400, sparsity: 65.9488
Epoch: 26, train_acc: 98.6333, val_acc: 95.4600, sparsity: 65.9488
Epoch: 27, train_acc: 98.5556, val_acc: 95.5800, sparsity: 65.9488
Epoch: 28, train_acc: 98.7044, val_acc: 95.7000, sparsity: 65.9488
Epoch: 29, train_acc: 98.5911, val_acc: 95.2600, sparsity: 65.9488
4 trials: score: 0.1428, train_acc:98.5911, val_acc:95.2600, test_acc:90.0000, sparsity:65.9488
resume mode: ./pertrain base line/2018.11.08-213504/best.pth.tar
0.13289836900355123
Epoch: 0, train_acc: 87.9222, val_acc: 92.6400, sparsity: 67.9112
Epoch: 1, train_acc: 89.1356, val_acc: 91.1600, sparsity: 67.9112
Epoch: 2, train_acc: 91.6822, val_acc: 90.5800, sparsity: 67.9112
Epoch: 3, train_acc: 92.5178, val_acc: 91.7200, sparsity: 67.9112
Epoch: 4, train_acc: 93.2289, val_acc: 91.8000, sparsity: 67.9112
Epoch: 5, train_acc: 95.3733, val_acc: 94.3800, sparsity: 67.9112
Epoch: 6, train_acc: 95.9267, val_acc: 93.9000, sparsity: 67.9112
Epoch: 7, train_acc: 96.0444, val_acc: 95.1800, sparsity: 67.9112
Epoch: 8, train_acc: 96.3800, val_acc: 94.2400, sparsity: 67.9112
Epoch: 9, train_acc: 96.2511, val_acc: 94.5800, sparsity: 67.9112
Epoch: 10, train_acc: 96.5200, val_acc: 95.0000, sparsity: 67.9112
Epoch: 11, train_acc: 96.5244, val_acc: 94.5000, sparsity: 67.9112
Epoch: 12, train_acc: 96.4822, val_acc: 94.4200, sparsity: 67.9112
Epoch: 13, train_acc: 96.7978, val_acc: 94.0200, sparsity: 67.9112
Epoch: 14, train_acc: 97.0889, val_acc: 94.6800, sparsity: 67.9112
Epoch: 15, train_acc: 97.8800, val_acc: 95.4600, sparsity: 67.9112
Epoch: 16, train_acc: 97.9556, val_acc: 95.4000, sparsity: 67.9112
Epoch: 17, train_acc: 98.0467, val_acc: 95.8400, sparsity: 67.9112
Epoch: 18, train_acc: 98.0133, val_acc: 95.7000, sparsity: 67.9112
Epoch: 19, train_acc: 98.0800, val_acc: 95.2000, sparsity: 67.9112
Epoch: 20, train_acc: 98.0178, val_acc: 95.9600, sparsity: 67.9112
Epoch: 21, train_acc: 98.2467, val_acc: 95.8800, sparsity: 67.9112
Epoch: 22, train_acc: 98.5956, val_acc: 95.9000, sparsity: 67.9112
Epoch: 23, train_acc: 98.7422, val_acc: 95.7600, sparsity: 67.9112
Epoch: 24, train_acc: 98.7156, val_acc: 96.3000, sparsity: 67.9112
Epoch: 25, train_acc: 98.7622, val_acc: 96.1800, sparsity: 67.9112
Epoch: 26, train_acc: 98.7778, val_acc: 95.8600, sparsity: 67.9112
Epoch: 27, train_acc: 98.6867, val_acc: 96.0000, sparsity: 67.9112
Epoch: 28, train_acc: 98.7289, val_acc: 95.8600, sparsity: 67.9112
Epoch: 29, train_acc: 98.7778, val_acc: 96.1600, sparsity: 67.9112
5 trials: score: 0.1333, train_acc:98.7778, val_acc:96.1600, test_acc:90.1200, sparsity:67.9112
resume mode: ./pertrain base line/2018.11.08-213504/best.pth.tar
0.13289836900355123
Epoch: 0, train_acc: 92.4311, val_acc: 94.9800, sparsity: 63.3144
Epoch: 1, train_acc: 92.9733, val_acc: 90.6800, sparsity: 63.3144
Epoch: 2, train_acc: 94.1200, val_acc: 93.5800, sparsity: 63.3144
Epoch: 3, train_acc: 94.8556, val_acc: 95.1800, sparsity: 63.3144
Epoch: 4, train_acc: 95.3489, val_acc: 95.7000, sparsity: 63.3144
Epoch: 5, train_acc: 97.3578, val_acc: 96.3400, sparsity: 63.3144
Epoch: 6, train_acc: 97.7667, val_acc: 96.5200, sparsity: 63.3144
Epoch: 7, train_acc: 97.7689, val_acc: 96.4800, sparsity: 63.3144
Epoch: 8, train_acc: 97.8978, val_acc: 95.7400, sparsity: 63.3144
Epoch: 9, train_acc: 97.8244, val_acc: 96.9000, sparsity: 63.3144
Epoch: 10, train_acc: 98.2111, val_acc: 96.5600, sparsity: 63.3144
Epoch: 11, train_acc: 98.1178, val_acc: 96.8800, sparsity: 63.3144
Epoch: 12, train_acc: 98.2556, val_acc: 96.9400, sparsity: 63.3144
Epoch: 13, train_acc: 98.2044, val_acc: 96.8600, sparsity: 63.3144
Epoch: 14, train_acc: 98.3044, val_acc: 96.6200, sparsity: 63.3144
Epoch: 15, train_acc: 99.0400, val_acc: 97.2400, sparsity: 63.3144
Epoch: 16, train_acc: 99.1511, val_acc: 97.6200, sparsity: 63.3144
Epoch: 17, train_acc: 99.1556, val_acc: 97.5200, sparsity: 63.3144
Epoch: 18, train_acc: 99.2133, val_acc: 97.8200, sparsity: 63.3144
Epoch: 19, train_acc: 99.1467, val_acc: 96.9800, sparsity: 63.3144
Epoch: 20, train_acc: 99.2600, val_acc: 97.8400, sparsity: 63.3144
Epoch: 21, train_acc: 99.1489, val_acc: 97.3400, sparsity: 63.3144
Epoch: 22, train_acc: 99.4444, val_acc: 98.0200, sparsity: 63.3144
Epoch: 23, train_acc: 99.5200, val_acc: 98.1000, sparsity: 63.3144
Epoch: 24, train_acc: 99.5044, val_acc: 97.8200, sparsity: 63.3144
Epoch: 25, train_acc: 99.5467, val_acc: 97.7200, sparsity: 63.3144
Epoch: 26, train_acc: 99.5844, val_acc: 97.9800, sparsity: 63.3144
Epoch: 27, train_acc: 99.5000, val_acc: 97.9400, sparsity: 63.3144
Epoch: 28, train_acc: 99.5711, val_acc: 97.7400, sparsity: 63.3144
Epoch: 29, train_acc: 99.5467, val_acc: 97.8800, sparsity: 63.3144
6 trials: score: 0.1291, train_acc:99.5467, val_acc:97.8800, test_acc:90.7800, sparsity:63.3144
resume mode: ./pertrain base line/2018.11.08-213504/best.pth.tar
0.12905667618707606
Epoch: 0, train_acc: 92.0311, val_acc: 95.1400, sparsity: 62.8851
Epoch: 1, train_acc: 92.8089, val_acc: 92.8200, sparsity: 62.8851
Epoch: 2, train_acc: 93.7756, val_acc: 93.3400, sparsity: 62.8851
Epoch: 3, train_acc: 94.4978, val_acc: 92.6000, sparsity: 62.8851
Epoch: 4, train_acc: 95.2600, val_acc: 91.7800, sparsity: 62.8851
Epoch: 5, train_acc: 97.2156, val_acc: 96.6200, sparsity: 62.8851
Epoch: 6, train_acc: 97.3244, val_acc: 96.2800, sparsity: 62.8851
Epoch: 7, train_acc: 97.7244, val_acc: 95.9200, sparsity: 62.8851
Epoch: 8, train_acc: 97.7044, val_acc: 96.4800, sparsity: 62.8851
Epoch: 9, train_acc: 98.1311, val_acc: 96.2800, sparsity: 62.8851
Epoch: 10, train_acc: 98.0022, val_acc: 97.0600, sparsity: 62.8851
Epoch: 11, train_acc: 98.1667, val_acc: 96.8200, sparsity: 62.8851
Epoch: 12, train_acc: 98.2489, val_acc: 96.3000, sparsity: 62.8851
Epoch: 13, train_acc: 98.1733, val_acc: 96.4400, sparsity: 62.8851
Epoch: 14, train_acc: 98.2867, val_acc: 96.8200, sparsity: 62.8851
Epoch: 15, train_acc: 98.9911, val_acc: 97.5000, sparsity: 62.8851
Epoch: 16, train_acc: 99.1489, val_acc: 97.1800, sparsity: 62.8851
Epoch: 17, train_acc: 99.0467, val_acc: 97.3600, sparsity: 62.8851
Epoch: 18, train_acc: 99.2422, val_acc: 97.4600, sparsity: 62.8851
Epoch: 19, train_acc: 99.0311, val_acc: 97.3600, sparsity: 62.8851
Epoch: 20, train_acc: 99.0556, val_acc: 97.2200, sparsity: 62.8851
Epoch: 21, train_acc: 99.3444, val_acc: 97.5200, sparsity: 62.8851
Epoch: 22, train_acc: 99.4889, val_acc: 97.6600, sparsity: 62.8851
Epoch: 23, train_acc: 99.4289, val_acc: 97.6800, sparsity: 62.8851
Epoch: 24, train_acc: 99.5067, val_acc: 97.5400, sparsity: 62.8851
Epoch: 25, train_acc: 99.4956, val_acc: 97.8000, sparsity: 62.8851
Epoch: 26, train_acc: 99.4867, val_acc: 97.8800, sparsity: 62.8851
Epoch: 27, train_acc: 99.4822, val_acc: 97.9800, sparsity: 62.8851
Epoch: 28, train_acc: 99.5733, val_acc: 97.7200, sparsity: 62.8851
Epoch: 29, train_acc: 99.5200, val_acc: 97.8000, sparsity: 62.8851
7 trials: score: 0.1315, train_acc:99.5200, val_acc:97.8000, test_acc:90.5300, sparsity:62.8851
resume mode: ./pertrain base line/2018.11.08-213504/best.pth.tar
0.12905667618707606
Epoch: 0, train_acc: 89.6511, val_acc: 94.2600, sparsity: 57.4099
Epoch: 1, train_acc: 91.5044, val_acc: 92.5400, sparsity: 57.4099
Epoch: 2, train_acc: 93.5111, val_acc: 92.4000, sparsity: 57.4099
Epoch: 3, train_acc: 94.1356, val_acc: 92.5200, sparsity: 57.4099
Epoch: 4, train_acc: 95.0956, val_acc: 94.5000, sparsity: 57.4099
Epoch: 5, train_acc: 97.3689, val_acc: 96.5200, sparsity: 57.4099
Epoch: 6, train_acc: 97.4911, val_acc: 96.0200, sparsity: 57.4099
Epoch: 7, train_acc: 97.5733, val_acc: 95.8800, sparsity: 57.4099
Epoch: 8, train_acc: 97.7511, val_acc: 96.6600, sparsity: 57.4099
Epoch: 9, train_acc: 97.7244, val_acc: 96.7000, sparsity: 57.4099
Epoch: 10, train_acc: 97.7911, val_acc: 96.3000, sparsity: 57.4099
Epoch: 11, train_acc: 98.0311, val_acc: 96.7000, sparsity: 57.4099
Epoch: 12, train_acc: 98.0089, val_acc: 96.4600, sparsity: 57.4099
Epoch: 13, train_acc: 98.1778, val_acc: 96.7400, sparsity: 57.4099
Epoch: 14, train_acc: 98.3844, val_acc: 97.1600, sparsity: 57.4099
Epoch: 15, train_acc: 98.9511, val_acc: 97.5800, sparsity: 57.4099
Epoch: 16, train_acc: 99.1000, val_acc: 97.6200, sparsity: 57.4099
Epoch: 17, train_acc: 99.1044, val_acc: 97.1000, sparsity: 57.4099
Epoch: 18, train_acc: 99.0911, val_acc: 97.6000, sparsity: 57.4099
Epoch: 19, train_acc: 99.1778, val_acc: 97.1800, sparsity: 57.4099
Epoch: 20, train_acc: 99.1622, val_acc: 97.6400, sparsity: 57.4099
Epoch: 21, train_acc: 99.2089, val_acc: 97.9200, sparsity: 57.4099
Epoch: 22, train_acc: 99.4067, val_acc: 97.7800, sparsity: 57.4099
Epoch: 23, train_acc: 99.4400, val_acc: 97.7600, sparsity: 57.4099
Epoch: 24, train_acc: 99.4578, val_acc: 97.6800, sparsity: 57.4099
Epoch: 25, train_acc: 99.5022, val_acc: 97.9800, sparsity: 57.4099
Epoch: 26, train_acc: 99.5800, val_acc: 97.9600, sparsity: 57.4099
Epoch: 27, train_acc: 99.5667, val_acc: 98.0600, sparsity: 57.4099
Epoch: 28, train_acc: 99.5289, val_acc: 97.9800, sparsity: 57.4099
Epoch: 29, train_acc: 99.5111, val_acc: 98.2200, sparsity: 57.4099
8 trials: score: 0.1456, train_acc:99.5111, val_acc:98.2200, test_acc:89.8900, sparsity:57.4099
resume mode: ./pertrain base line/2018.11.08-213504/best.pth.tar
0.12905667618707606
Epoch: 0, train_acc: 88.9733, val_acc: 92.6800, sparsity: 67.1856
Epoch: 1, train_acc: 90.0778, val_acc: 91.0800, sparsity: 67.1856
Epoch: 2, train_acc: 91.8578, val_acc: 92.2800, sparsity: 67.1856
Epoch: 3, train_acc: 93.0556, val_acc: 91.5200, sparsity: 67.1856
Epoch: 4, train_acc: 93.7044, val_acc: 93.1200, sparsity: 67.1856
Epoch: 5, train_acc: 95.6089, val_acc: 94.6000, sparsity: 67.1856
Epoch: 6, train_acc: 96.0844, val_acc: 95.0800, sparsity: 67.1856
Epoch: 7, train_acc: 96.3933, val_acc: 94.9000, sparsity: 67.1856
Epoch: 8, train_acc: 96.5667, val_acc: 95.1000, sparsity: 67.1856
Epoch: 9, train_acc: 96.7689, val_acc: 95.1200, sparsity: 67.1856
Epoch: 10, train_acc: 96.7489, val_acc: 95.3400, sparsity: 67.1856
Epoch: 11, train_acc: 97.0378, val_acc: 94.5400, sparsity: 67.1856
Epoch: 12, train_acc: 97.1267, val_acc: 95.1800, sparsity: 67.1856
Epoch: 13, train_acc: 97.2756, val_acc: 94.2600, sparsity: 67.1856
Epoch: 14, train_acc: 97.2133, val_acc: 95.3200, sparsity: 67.1856
Epoch: 15, train_acc: 98.0467, val_acc: 95.3200, sparsity: 67.1856
Epoch: 16, train_acc: 98.1622, val_acc: 96.3800, sparsity: 67.1856
Epoch: 17, train_acc: 98.2156, val_acc: 96.2000, sparsity: 67.1856
Epoch: 18, train_acc: 98.4422, val_acc: 96.1600, sparsity: 67.1856
Epoch: 19, train_acc: 98.4867, val_acc: 96.2400, sparsity: 67.1856
Epoch: 20, train_acc: 98.4311, val_acc: 95.9800, sparsity: 67.1856
Epoch: 21, train_acc: 98.4711, val_acc: 96.2200, sparsity: 67.1856
Epoch: 22, train_acc: 98.8222, val_acc: 96.6000, sparsity: 67.1856
Epoch: 23, train_acc: 98.9089, val_acc: 96.3400, sparsity: 67.1856
Epoch: 24, train_acc: 98.9222, val_acc: 96.3400, sparsity: 67.1856
Epoch: 25, train_acc: 98.9311, val_acc: 96.3400, sparsity: 67.1856
Epoch: 26, train_acc: 98.9778, val_acc: 96.6000, sparsity: 67.1856
Epoch: 27, train_acc: 98.9978, val_acc: 96.4400, sparsity: 67.1856
Epoch: 28, train_acc: 99.0111, val_acc: 96.6000, sparsity: 67.1856
Epoch: 29, train_acc: 99.0044, val_acc: 96.9600, sparsity: 67.1856
9 trials: score: 0.1288, train_acc:99.0044, val_acc:96.9600, test_acc:89.9700, sparsity:67.1856
resume mode: ./pertrain base line/2018.11.08-213504/best.pth.tar
0.12884322516394528
Epoch: 0, train_acc: 94.3133, val_acc: 96.1200, sparsity: 62.0543
Epoch: 1, train_acc: 93.1600, val_acc: 94.1600, sparsity: 62.0543
Epoch: 2, train_acc: 95.0089, val_acc: 94.1400, sparsity: 62.0543
Epoch: 3, train_acc: 94.9178, val_acc: 94.6400, sparsity: 62.0543
Epoch: 4, train_acc: 95.5133, val_acc: 95.8600, sparsity: 62.0543
Epoch: 5, train_acc: 97.6333, val_acc: 96.4400, sparsity: 62.0543
Epoch: 6, train_acc: 98.0867, val_acc: 97.4800, sparsity: 62.0543
Epoch: 7, train_acc: 98.1756, val_acc: 96.7000, sparsity: 62.0543
Epoch: 8, train_acc: 98.0600, val_acc: 96.8800, sparsity: 62.0543
Epoch: 9, train_acc: 98.2422, val_acc: 97.4200, sparsity: 62.0543
Epoch: 10, train_acc: 98.3467, val_acc: 95.8600, sparsity: 62.0543
Epoch: 11, train_acc: 98.3133, val_acc: 96.8000, sparsity: 62.0543
Epoch: 12, train_acc: 98.4200, val_acc: 96.7800, sparsity: 62.0543
Epoch: 13, train_acc: 98.5444, val_acc: 96.7400, sparsity: 62.0543
Epoch: 14, train_acc: 98.6511, val_acc: 97.7400, sparsity: 62.0543
Epoch: 15, train_acc: 99.1689, val_acc: 97.8800, sparsity: 62.0543
Epoch: 16, train_acc: 99.3067, val_acc: 97.9200, sparsity: 62.0543
Epoch: 17, train_acc: 99.3178, val_acc: 97.7000, sparsity: 62.0543
Epoch: 18, train_acc: 99.2867, val_acc: 98.0800, sparsity: 62.0543
Epoch: 19, train_acc: 99.3689, val_acc: 97.9000, sparsity: 62.0543
Epoch: 20, train_acc: 99.3667, val_acc: 98.0800, sparsity: 62.0543
Epoch: 21, train_acc: 99.4822, val_acc: 97.9400, sparsity: 62.0543
Epoch: 22, train_acc: 99.5400, val_acc: 98.4600, sparsity: 62.0543
Epoch: 23, train_acc: 99.6511, val_acc: 97.9600, sparsity: 62.0543
Epoch: 24, train_acc: 99.6067, val_acc: 97.9400, sparsity: 62.0543
Epoch: 25, train_acc: 99.6200, val_acc: 98.4000, sparsity: 62.0543
Epoch: 26, train_acc: 99.6556, val_acc: 98.4600, sparsity: 62.0543
Epoch: 27, train_acc: 99.7000, val_acc: 98.2600, sparsity: 62.0543
Epoch: 28, train_acc: 99.6311, val_acc: 98.0800, sparsity: 62.0543
Epoch: 29, train_acc: 99.6444, val_acc: 98.2200, sparsity: 62.0543
10 trials: score: 0.1292, train_acc:99.6444, val_acc:98.2200, test_acc:90.6200, sparsity:62.0543
resume mode: ./pertrain base line/2018.11.08-213504/best.pth.tar
0.12884322516394528
Epoch: 0, train_acc: 91.3578, val_acc: 93.6400, sparsity: 68.3670
Epoch: 1, train_acc: 92.0911, val_acc: 92.6000, sparsity: 68.3670
Epoch: 2, train_acc: 92.9556, val_acc: 91.2400, sparsity: 68.3670
Epoch: 3, train_acc: 93.7400, val_acc: 92.7200, sparsity: 68.3670
Epoch: 4, train_acc: 94.2711, val_acc: 93.0800, sparsity: 68.3670
Epoch: 5, train_acc: 96.5667, val_acc: 95.2400, sparsity: 68.3670
Epoch: 6, train_acc: 96.9667, val_acc: 94.4800, sparsity: 68.3670
Epoch: 7, train_acc: 96.8622, val_acc: 95.6000, sparsity: 68.3670
Epoch: 8, train_acc: 97.1756, val_acc: 95.9800, sparsity: 68.3670
Epoch: 9, train_acc: 97.2822, val_acc: 93.9400, sparsity: 68.3670
Epoch: 10, train_acc: 97.3933, val_acc: 95.8600, sparsity: 68.3670
Epoch: 11, train_acc: 97.6689, val_acc: 95.4800, sparsity: 68.3670
Epoch: 12, train_acc: 97.6733, val_acc: 95.1800, sparsity: 68.3670
Epoch: 13, train_acc: 97.6933, val_acc: 95.3600, sparsity: 68.3670
Epoch: 14, train_acc: 97.7356, val_acc: 96.1200, sparsity: 68.3670
Epoch: 15, train_acc: 98.6333, val_acc: 96.8800, sparsity: 68.3670
Epoch: 16, train_acc: 98.5711, val_acc: 96.6600, sparsity: 68.3670
Epoch: 17, train_acc: 98.7822, val_acc: 96.5000, sparsity: 68.3670
Epoch: 18, train_acc: 98.8244, val_acc: 96.2000, sparsity: 68.3670
Epoch: 19, train_acc: 98.6400, val_acc: 95.8400, sparsity: 68.3670
Epoch: 20, train_acc: 98.8200, val_acc: 96.8800, sparsity: 68.3670
Epoch: 21, train_acc: 98.7111, val_acc: 96.7000, sparsity: 68.3670
Epoch: 22, train_acc: 99.1200, val_acc: 96.8800, sparsity: 68.3670
Epoch: 23, train_acc: 99.2244, val_acc: 97.2800, sparsity: 68.3670
Epoch: 24, train_acc: 99.1933, val_acc: 96.3800, sparsity: 68.3670
Epoch: 25, train_acc: 99.2711, val_acc: 96.8600, sparsity: 68.3670
Epoch: 26, train_acc: 99.2867, val_acc: 96.8200, sparsity: 68.3670
Epoch: 27, train_acc: 99.2689, val_acc: 97.0200, sparsity: 68.3670
Epoch: 28, train_acc: 99.3044, val_acc: 96.7800, sparsity: 68.3670
Epoch: 29, train_acc: 99.2667, val_acc: 97.1200, sparsity: 68.3670
11 trials: score: 0.1221, train_acc:99.2667, val_acc:97.1200, test_acc:90.3000, sparsity:68.3670
resume mode: ./pertrain base line/2018.11.08-213504/best.pth.tar
0.12209890828463517
Epoch: 0, train_acc: 91.6756, val_acc: 94.4200, sparsity: 62.3675
Epoch: 1, train_acc: 92.4956, val_acc: 93.9200, sparsity: 62.3675
Epoch: 2, train_acc: 93.8667, val_acc: 92.8200, sparsity: 62.3675
Epoch: 3, train_acc: 94.5289, val_acc: 94.3200, sparsity: 62.3675
Epoch: 4, train_acc: 94.8489, val_acc: 93.7400, sparsity: 62.3675
Epoch: 5, train_acc: 97.0311, val_acc: 96.2400, sparsity: 62.3675
Epoch: 6, train_acc: 97.5000, val_acc: 96.2400, sparsity: 62.3675
Epoch: 7, train_acc: 97.4822, val_acc: 96.6600, sparsity: 62.3675
Epoch: 8, train_acc: 97.5356, val_acc: 96.7000, sparsity: 62.3675
Epoch: 9, train_acc: 97.8267, val_acc: 96.6200, sparsity: 62.3675
Epoch: 10, train_acc: 97.9467, val_acc: 96.7600, sparsity: 62.3675
Epoch: 11, train_acc: 97.9267, val_acc: 95.5800, sparsity: 62.3675
Epoch: 12, train_acc: 98.1000, val_acc: 95.5800, sparsity: 62.3675
Epoch: 13, train_acc: 98.0489, val_acc: 96.1600, sparsity: 62.3675
Epoch: 14, train_acc: 98.2200, val_acc: 95.6800, sparsity: 62.3675
Epoch: 15, train_acc: 98.8778, val_acc: 97.3800, sparsity: 62.3675
Epoch: 16, train_acc: 98.9622, val_acc: 97.3200, sparsity: 62.3675
Epoch: 17, train_acc: 99.0511, val_acc: 97.0000, sparsity: 62.3675
Epoch: 18, train_acc: 99.0800, val_acc: 97.4800, sparsity: 62.3675
Epoch: 19, train_acc: 99.0311, val_acc: 96.5200, sparsity: 62.3675
Epoch: 20, train_acc: 99.0044, val_acc: 97.4200, sparsity: 62.3675
Epoch: 21, train_acc: 99.1733, val_acc: 97.1400, sparsity: 62.3675
Epoch: 22, train_acc: 99.4089, val_acc: 97.7600, sparsity: 62.3675
Epoch: 23, train_acc: 99.3444, val_acc: 97.6800, sparsity: 62.3675
Epoch: 24, train_acc: 99.4067, val_acc: 97.5400, sparsity: 62.3675
Epoch: 25, train_acc: 99.4556, val_acc: 97.8400, sparsity: 62.3675
Epoch: 26, train_acc: 99.4778, val_acc: 97.4000, sparsity: 62.3675
Epoch: 27, train_acc: 99.4178, val_acc: 97.6600, sparsity: 62.3675
Epoch: 28, train_acc: 99.4178, val_acc: 97.6800, sparsity: 62.3675
Epoch: 29, train_acc: 99.4578, val_acc: 97.8400, sparsity: 62.3675
12 trials: score: 0.1345, train_acc:99.4578, val_acc:97.8400, test_acc:90.7100, sparsity:62.3675
resume mode: ./pertrain base line/2018.11.08-213504/best.pth.tar
0.12209890828463517
Epoch: 0, train_acc: 86.0733, val_acc: 91.2600, sparsity: 59.3125
Epoch: 1, train_acc: 89.1511, val_acc: 89.9800, sparsity: 59.3125
Epoch: 2, train_acc: 91.7511, val_acc: 92.1800, sparsity: 59.3125
Epoch: 3, train_acc: 92.8067, val_acc: 92.4600, sparsity: 59.3125
Epoch: 4, train_acc: 93.5556, val_acc: 89.9600, sparsity: 59.3125
Epoch: 5, train_acc: 95.8511, val_acc: 94.7200, sparsity: 59.3125
Epoch: 6, train_acc: 96.3333, val_acc: 94.8000, sparsity: 59.3125
Epoch: 7, train_acc: 96.4333, val_acc: 94.2200, sparsity: 59.3125
Epoch: 8, train_acc: 96.5689, val_acc: 94.4200, sparsity: 59.3125
Epoch: 9, train_acc: 96.7489, val_acc: 95.0800, sparsity: 59.3125
Epoch: 10, train_acc: 96.8911, val_acc: 95.3400, sparsity: 59.3125
Epoch: 11, train_acc: 97.1067, val_acc: 94.7400, sparsity: 59.3125
Epoch: 12, train_acc: 97.2222, val_acc: 93.9400, sparsity: 59.3125
Epoch: 13, train_acc: 97.3244, val_acc: 95.8800, sparsity: 59.3125
Epoch: 14, train_acc: 97.5400, val_acc: 96.0200, sparsity: 59.3125
Epoch: 15, train_acc: 98.2400, val_acc: 96.4800, sparsity: 59.3125
Epoch: 16, train_acc: 98.3911, val_acc: 96.1000, sparsity: 59.3125
Epoch: 17, train_acc: 98.4644, val_acc: 96.7600, sparsity: 59.3125
Epoch: 18, train_acc: 98.5022, val_acc: 96.3000, sparsity: 59.3125
Epoch: 19, train_acc: 98.4844, val_acc: 96.5400, sparsity: 59.3125
Epoch: 20, train_acc: 98.5667, val_acc: 96.0600, sparsity: 59.3125
Epoch: 21, train_acc: 98.6133, val_acc: 96.1400, sparsity: 59.3125
Epoch: 22, train_acc: 98.9356, val_acc: 97.2000, sparsity: 59.3125
Epoch: 23, train_acc: 99.0089, val_acc: 96.7200, sparsity: 59.3125
Epoch: 24, train_acc: 99.1022, val_acc: 97.2400, sparsity: 59.3125
Epoch: 25, train_acc: 99.0378, val_acc: 96.6400, sparsity: 59.3125
Epoch: 26, train_acc: 99.0956, val_acc: 96.9800, sparsity: 59.3125
Epoch: 27, train_acc: 99.1000, val_acc: 97.1200, sparsity: 59.3125
Epoch: 28, train_acc: 99.0889, val_acc: 97.0600, sparsity: 59.3125
Epoch: 29, train_acc: 99.1933, val_acc: 96.9400, sparsity: 59.3125
13 trials: score: 0.1497, train_acc:99.1933, val_acc:96.9400, test_acc:90.2200, sparsity:59.3125
resume mode: ./pertrain base line/2018.11.08-213504/best.pth.tar
0.12209890828463517
Epoch: 0, train_acc: 88.3956, val_acc: 92.3200, sparsity: 61.4334
Epoch: 1, train_acc: 90.2378, val_acc: 92.2600, sparsity: 61.4334
Epoch: 2, train_acc: 92.2111, val_acc: 91.5400, sparsity: 61.4334
Epoch: 3, train_acc: 92.9622, val_acc: 92.7400, sparsity: 61.4334
Epoch: 4, train_acc: 93.9244, val_acc: 93.6400, sparsity: 61.4334
Epoch: 5, train_acc: 96.1111, val_acc: 94.4000, sparsity: 61.4334
Epoch: 6, train_acc: 96.5978, val_acc: 93.6600, sparsity: 61.4334
Epoch: 7, train_acc: 96.4778, val_acc: 94.5000, sparsity: 61.4334
Epoch: 8, train_acc: 96.8778, val_acc: 95.1800, sparsity: 61.4334
Epoch: 9, train_acc: 96.8689, val_acc: 95.3000, sparsity: 61.4334
Epoch: 10, train_acc: 97.3022, val_acc: 95.5800, sparsity: 61.4334
Epoch: 11, train_acc: 97.4000, val_acc: 95.8800, sparsity: 61.4334
Epoch: 12, train_acc: 97.3800, val_acc: 95.8200, sparsity: 61.4334
Epoch: 13, train_acc: 97.5044, val_acc: 95.3400, sparsity: 61.4334
Epoch: 14, train_acc: 97.6311, val_acc: 95.5200, sparsity: 61.4334
Epoch: 15, train_acc: 98.4489, val_acc: 96.2200, sparsity: 61.4334
Epoch: 16, train_acc: 98.5333, val_acc: 96.1000, sparsity: 61.4334
Epoch: 17, train_acc: 98.7533, val_acc: 96.4400, sparsity: 61.4334
Epoch: 18, train_acc: 98.4667, val_acc: 96.0800, sparsity: 61.4334
Epoch: 19, train_acc: 98.7200, val_acc: 96.4000, sparsity: 61.4334
Epoch: 20, train_acc: 98.6600, val_acc: 96.3200, sparsity: 61.4334
Epoch: 21, train_acc: 98.6244, val_acc: 96.4800, sparsity: 61.4334
Epoch: 22, train_acc: 99.0933, val_acc: 96.5800, sparsity: 61.4334
Epoch: 23, train_acc: 99.1733, val_acc: 96.6000, sparsity: 61.4334
Epoch: 24, train_acc: 99.0756, val_acc: 96.8600, sparsity: 61.4334
Epoch: 25, train_acc: 99.1289, val_acc: 96.9800, sparsity: 61.4334
Epoch: 26, train_acc: 99.1356, val_acc: 96.4600, sparsity: 61.4334
Epoch: 27, train_acc: 99.1156, val_acc: 96.1600, sparsity: 61.4334
Epoch: 28, train_acc: 99.1489, val_acc: 96.5000, sparsity: 61.4334
Epoch: 29, train_acc: 99.1444, val_acc: 96.5000, sparsity: 61.4334
14 trials: score: 0.1459, train_acc:99.1444, val_acc:96.5000, test_acc:90.3800, sparsity:61.4334
resume mode: ./pertrain base line/2018.11.08-213504/best.pth.tar
0.12209890828463517
Epoch: 0, train_acc: 88.8600, val_acc: 91.4800, sparsity: 67.6239
Epoch: 1, train_acc: 90.0444, val_acc: 91.0400, sparsity: 67.6239
Epoch: 2, train_acc: 92.2333, val_acc: 90.9400, sparsity: 67.6239
Epoch: 3, train_acc: 92.3311, val_acc: 92.0800, sparsity: 67.6239
Epoch: 4, train_acc: 93.5778, val_acc: 92.4000, sparsity: 67.6239
Epoch: 5, train_acc: 95.6356, val_acc: 94.1800, sparsity: 67.6239
Epoch: 6, train_acc: 96.0178, val_acc: 94.7200, sparsity: 67.6239
Epoch: 7, train_acc: 96.2756, val_acc: 93.7800, sparsity: 67.6239
Epoch: 8, train_acc: 96.2644, val_acc: 94.0600, sparsity: 67.6239
Epoch: 9, train_acc: 96.5000, val_acc: 94.9600, sparsity: 67.6239
Epoch: 10, train_acc: 96.6378, val_acc: 95.4200, sparsity: 67.6239
Epoch: 11, train_acc: 96.8244, val_acc: 94.2000, sparsity: 67.6239
Epoch: 12, train_acc: 97.1111, val_acc: 94.4400, sparsity: 67.6239
Epoch: 13, train_acc: 97.0933, val_acc: 93.0800, sparsity: 67.6239
Epoch: 14, train_acc: 97.0444, val_acc: 95.0000, sparsity: 67.6239
Epoch: 15, train_acc: 98.0422, val_acc: 95.7400, sparsity: 67.6239
Epoch: 16, train_acc: 98.0844, val_acc: 95.7000, sparsity: 67.6239
Epoch: 17, train_acc: 98.0711, val_acc: 95.8200, sparsity: 67.6239
Epoch: 18, train_acc: 98.1556, val_acc: 95.5800, sparsity: 67.6239
Epoch: 19, train_acc: 98.2889, val_acc: 95.9800, sparsity: 67.6239
Epoch: 20, train_acc: 98.2689, val_acc: 95.8200, sparsity: 67.6239
Epoch: 21, train_acc: 98.3533, val_acc: 95.6400, sparsity: 67.6239
Epoch: 22, train_acc: 98.6111, val_acc: 96.1200, sparsity: 67.6239
Epoch: 23, train_acc: 98.8289, val_acc: 95.9400, sparsity: 67.6239
Epoch: 24, train_acc: 98.8667, val_acc: 96.0800, sparsity: 67.6239
Epoch: 25, train_acc: 98.8800, val_acc: 95.8800, sparsity: 67.6239
Epoch: 26, train_acc: 98.8067, val_acc: 96.0400, sparsity: 67.6239
Epoch: 27, train_acc: 98.9222, val_acc: 96.3600, sparsity: 67.6239
Epoch: 28, train_acc: 98.8622, val_acc: 96.0200, sparsity: 67.6239
Epoch: 29, train_acc: 98.9800, val_acc: 96.3800, sparsity: 67.6239
15 trials: score: 0.1333, train_acc:98.9800, val_acc:96.3800, test_acc:90.1100, sparsity:67.6239
resume mode: ./pertrain base line/2018.11.08-213504/best.pth.tar
0.12209890828463517
Epoch: 0, train_acc: 91.3622, val_acc: 93.2800, sparsity: 62.4456
Epoch: 1, train_acc: 92.0400, val_acc: 93.0600, sparsity: 62.4456
Epoch: 2, train_acc: 93.4156, val_acc: 93.0800, sparsity: 62.4456
Epoch: 3, train_acc: 94.5067, val_acc: 93.7000, sparsity: 62.4456
Epoch: 4, train_acc: 94.4911, val_acc: 93.4000, sparsity: 62.4456
Epoch: 5, train_acc: 96.9778, val_acc: 95.8000, sparsity: 62.4456
Epoch: 6, train_acc: 97.1600, val_acc: 96.0000, sparsity: 62.4456
Epoch: 7, train_acc: 97.4711, val_acc: 96.0000, sparsity: 62.4456
Epoch: 8, train_acc: 97.4556, val_acc: 95.9400, sparsity: 62.4456
Epoch: 9, train_acc: 97.8378, val_acc: 95.2400, sparsity: 62.4456
Epoch: 10, train_acc: 97.9200, val_acc: 95.3000, sparsity: 62.4456
Epoch: 11, train_acc: 97.9267, val_acc: 95.6200, sparsity: 62.4456
Epoch: 12, train_acc: 97.9756, val_acc: 96.1600, sparsity: 62.4456
Epoch: 13, train_acc: 98.0800, val_acc: 96.4000, sparsity: 62.4456
Epoch: 14, train_acc: 98.3444, val_acc: 96.4400, sparsity: 62.4456
Epoch: 15, train_acc: 98.8378, val_acc: 97.1600, sparsity: 62.4456
Epoch: 16, train_acc: 98.9111, val_acc: 96.7000, sparsity: 62.4456
Epoch: 17, train_acc: 98.9133, val_acc: 97.5600, sparsity: 62.4456
Epoch: 18, train_acc: 98.9956, val_acc: 96.5400, sparsity: 62.4456
Epoch: 19, train_acc: 99.0244, val_acc: 97.0400, sparsity: 62.4456
Epoch: 20, train_acc: 99.0378, val_acc: 97.2800, sparsity: 62.4456
Epoch: 21, train_acc: 99.1422, val_acc: 97.0000, sparsity: 62.4456
Epoch: 22, train_acc: 99.3778, val_acc: 97.4800, sparsity: 62.4456
Epoch: 23, train_acc: 99.3400, val_acc: 97.4200, sparsity: 62.4456
Epoch: 24, train_acc: 99.4378, val_acc: 97.3000, sparsity: 62.4456
Epoch: 25, train_acc: 99.4156, val_acc: 97.3800, sparsity: 62.4456
Epoch: 26, train_acc: 99.3556, val_acc: 97.4600, sparsity: 62.4456
Epoch: 27, train_acc: 99.4333, val_acc: 97.8000, sparsity: 62.4456
Epoch: 28, train_acc: 99.4156, val_acc: 97.5600, sparsity: 62.4456
Epoch: 29, train_acc: 99.4556, val_acc: 97.6200, sparsity: 62.4456
16 trials: score: 0.1347, train_acc:99.4556, val_acc:97.6200, test_acc:90.1300, sparsity:62.4456
resume mode: ./pertrain base line/2018.11.08-213504/best.pth.tar
0.12209890828463517
Epoch: 0, train_acc: 92.0422, val_acc: 95.0200, sparsity: 62.0389
Epoch: 1, train_acc: 92.5978, val_acc: 93.3000, sparsity: 62.0389
Epoch: 2, train_acc: 93.7733, val_acc: 94.2600, sparsity: 62.0389
Epoch: 3, train_acc: 94.8600, val_acc: 91.9600, sparsity: 62.0389
Epoch: 4, train_acc: 95.4333, val_acc: 94.0200, sparsity: 62.0389
Epoch: 5, train_acc: 97.3311, val_acc: 96.5000, sparsity: 62.0389
Epoch: 6, train_acc: 97.7689, val_acc: 95.7200, sparsity: 62.0389
Epoch: 7, train_acc: 97.7689, val_acc: 96.7800, sparsity: 62.0389
Epoch: 8, train_acc: 97.8822, val_acc: 96.1800, sparsity: 62.0389
Epoch: 9, train_acc: 98.0000, val_acc: 96.2600, sparsity: 62.0389
Epoch: 10, train_acc: 98.1178, val_acc: 96.9400, sparsity: 62.0389
Epoch: 11, train_acc: 98.0911, val_acc: 96.4200, sparsity: 62.0389
Epoch: 12, train_acc: 98.2200, val_acc: 96.6400, sparsity: 62.0389
Epoch: 13, train_acc: 98.1911, val_acc: 95.5800, sparsity: 62.0389
Epoch: 14, train_acc: 98.4444, val_acc: 96.3000, sparsity: 62.0389
Epoch: 15, train_acc: 98.8800, val_acc: 97.5800, sparsity: 62.0389
Epoch: 16, train_acc: 99.1156, val_acc: 97.1000, sparsity: 62.0389
Epoch: 17, train_acc: 99.0356, val_acc: 97.6800, sparsity: 62.0389
Epoch: 18, train_acc: 99.1511, val_acc: 97.2800, sparsity: 62.0389
Epoch: 19, train_acc: 99.1311, val_acc: 97.6000, sparsity: 62.0389
Epoch: 20, train_acc: 99.2556, val_acc: 97.2800, sparsity: 62.0389
Epoch: 21, train_acc: 99.1778, val_acc: 97.5600, sparsity: 62.0389
Epoch: 22, train_acc: 99.4311, val_acc: 97.9800, sparsity: 62.0389
Epoch: 23, train_acc: 99.4889, val_acc: 97.5600, sparsity: 62.0389
Epoch: 24, train_acc: 99.4533, val_acc: 97.8200, sparsity: 62.0389
Epoch: 25, train_acc: 99.5556, val_acc: 97.9200, sparsity: 62.0389
Epoch: 26, train_acc: 99.4422, val_acc: 97.8400, sparsity: 62.0389
Epoch: 27, train_acc: 99.5178, val_acc: 97.7400, sparsity: 62.0389
Epoch: 28, train_acc: 99.6178, val_acc: 97.7400, sparsity: 62.0389
Epoch: 29, train_acc: 99.5222, val_acc: 97.8800, sparsity: 62.0389
17 trials: score: 0.1341, train_acc:99.5222, val_acc:97.8800, test_acc:90.2900, sparsity:62.0389
resume mode: ./pertrain base line/2018.11.08-213504/best.pth.tar
0.12209890828463517
Epoch: 0, train_acc: 90.1756, val_acc: 93.3600, sparsity: 65.4029
Epoch: 1, train_acc: 91.0378, val_acc: 92.0600, sparsity: 65.4029
Epoch: 2, train_acc: 92.7178, val_acc: 92.1600, sparsity: 65.4029
Epoch: 3, train_acc: 93.8711, val_acc: 91.8800, sparsity: 65.4029
Epoch: 4, train_acc: 94.2822, val_acc: 92.8800, sparsity: 65.4029
Epoch: 5, train_acc: 96.3511, val_acc: 94.3000, sparsity: 65.4029
Epoch: 6, train_acc: 96.6044, val_acc: 95.6800, sparsity: 65.4029
Epoch: 7, train_acc: 96.7200, val_acc: 95.4600, sparsity: 65.4029
Epoch: 8, train_acc: 97.1356, val_acc: 95.4400, sparsity: 65.4029
Epoch: 9, train_acc: 97.0244, val_acc: 95.5800, sparsity: 65.4029
Epoch: 10, train_acc: 97.3000, val_acc: 95.9000, sparsity: 65.4029
Epoch: 11, train_acc: 97.4333, val_acc: 95.2800, sparsity: 65.4029
Epoch: 12, train_acc: 97.4733, val_acc: 95.8200, sparsity: 65.4029
Epoch: 13, train_acc: 97.5556, val_acc: 94.7200, sparsity: 65.4029
Epoch: 14, train_acc: 97.6400, val_acc: 95.3800, sparsity: 65.4029
Epoch: 15, train_acc: 98.5089, val_acc: 96.3400, sparsity: 65.4029
Epoch: 16, train_acc: 98.3711, val_acc: 96.2600, sparsity: 65.4029
Epoch: 17, train_acc: 98.6933, val_acc: 96.9000, sparsity: 65.4029
Epoch: 18, train_acc: 98.7978, val_acc: 96.8000, sparsity: 65.4029
Epoch: 19, train_acc: 98.6156, val_acc: 96.5400, sparsity: 65.4029
Epoch: 20, train_acc: 98.7289, val_acc: 96.6800, sparsity: 65.4029
Epoch: 21, train_acc: 98.7644, val_acc: 96.4000, sparsity: 65.4029
Epoch: 22, train_acc: 99.0867, val_acc: 96.8200, sparsity: 65.4029
Epoch: 23, train_acc: 99.1089, val_acc: 97.2400, sparsity: 65.4029
Epoch: 24, train_acc: 99.1756, val_acc: 97.1000, sparsity: 65.4029
Epoch: 25, train_acc: 99.1511, val_acc: 97.4000, sparsity: 65.4029
Epoch: 26, train_acc: 99.1867, val_acc: 97.0600, sparsity: 65.4029
Epoch: 27, train_acc: 99.2156, val_acc: 97.0600, sparsity: 65.4029
Epoch: 28, train_acc: 99.2067, val_acc: 97.3600, sparsity: 65.4029
Epoch: 29, train_acc: 99.2333, val_acc: 96.8400, sparsity: 65.4029
18 trials: score: 0.1298, train_acc:99.2333, val_acc:96.8400, test_acc:90.1000, sparsity:65.4029
resume mode: ./pertrain base line/2018.11.08-213504/best.pth.tar
0.12209890828463517
Epoch: 0, train_acc: 91.0933, val_acc: 93.6200, sparsity: 66.3396
Epoch: 1, train_acc: 91.8156, val_acc: 90.7000, sparsity: 66.3396
Epoch: 2, train_acc: 93.3578, val_acc: 93.6800, sparsity: 66.3396
Epoch: 3, train_acc: 94.0222, val_acc: 93.3800, sparsity: 66.3396
Epoch: 4, train_acc: 95.0311, val_acc: 92.7200, sparsity: 66.3396
Epoch: 5, train_acc: 96.9711, val_acc: 95.6400, sparsity: 66.3396
Epoch: 6, train_acc: 97.2044, val_acc: 95.4000, sparsity: 66.3396
Epoch: 7, train_acc: 97.4378, val_acc: 96.0000, sparsity: 66.3396
Epoch: 8, train_acc: 97.5133, val_acc: 96.5400, sparsity: 66.3396
Epoch: 9, train_acc: 97.6956, val_acc: 96.7200, sparsity: 66.3396
Epoch: 10, train_acc: 97.5867, val_acc: 95.1800, sparsity: 66.3396
Epoch: 11, train_acc: 97.8778, val_acc: 96.6600, sparsity: 66.3396
Epoch: 12, train_acc: 97.9533, val_acc: 96.2600, sparsity: 66.3396
Epoch: 13, train_acc: 98.0689, val_acc: 95.5400, sparsity: 66.3396
Epoch: 14, train_acc: 97.9689, val_acc: 96.1000, sparsity: 66.3396
Epoch: 15, train_acc: 98.7711, val_acc: 96.6600, sparsity: 66.3396
Epoch: 16, train_acc: 98.8778, val_acc: 96.6800, sparsity: 66.3396
Epoch: 17, train_acc: 98.9356, val_acc: 96.7400, sparsity: 66.3396
Epoch: 18, train_acc: 98.9444, val_acc: 96.3400, sparsity: 66.3396
Epoch: 19, train_acc: 98.9667, val_acc: 97.1400, sparsity: 66.3396
Epoch: 20, train_acc: 99.0289, val_acc: 97.0800, sparsity: 66.3396
Epoch: 21, train_acc: 99.0844, val_acc: 96.6600, sparsity: 66.3396
Epoch: 22, train_acc: 99.2889, val_acc: 97.1000, sparsity: 66.3396
Epoch: 23, train_acc: 99.3333, val_acc: 97.2200, sparsity: 66.3396
Epoch: 24, train_acc: 99.3489, val_acc: 97.4000, sparsity: 66.3396
Epoch: 25, train_acc: 99.3578, val_acc: 97.7000, sparsity: 66.3396
Epoch: 26, train_acc: 99.3022, val_acc: 97.1800, sparsity: 66.3396
Epoch: 27, train_acc: 99.4267, val_acc: 97.6400, sparsity: 66.3396
Epoch: 28, train_acc: 99.4333, val_acc: 97.5200, sparsity: 66.3396
Epoch: 29, train_acc: 99.3911, val_acc: 97.6200, sparsity: 66.3396
19 trials: score: 0.1240, train_acc:99.3911, val_acc:97.6200, test_acc:90.2000, sparsity:66.3396
resume mode: ./pertrain base line/2018.11.08-213504/best.pth.tar
0.12209890828463517
Epoch: 0, train_acc: 89.9267, val_acc: 93.1400, sparsity: 62.8307
Epoch: 1, train_acc: 90.5644, val_acc: 91.1400, sparsity: 62.8307
Epoch: 2, train_acc: 92.9622, val_acc: 92.5000, sparsity: 62.8307
Epoch: 3, train_acc: 93.9956, val_acc: 93.7400, sparsity: 62.8307
Epoch: 4, train_acc: 94.1356, val_acc: 94.5400, sparsity: 62.8307
Epoch: 5, train_acc: 96.4000, val_acc: 95.6400, sparsity: 62.8307
Epoch: 6, train_acc: 96.8756, val_acc: 95.3400, sparsity: 62.8307
Epoch: 7, train_acc: 96.9689, val_acc: 95.6600, sparsity: 62.8307
Epoch: 8, train_acc: 97.2422, val_acc: 95.9800, sparsity: 62.8307
Epoch: 9, train_acc: 97.3067, val_acc: 94.2000, sparsity: 62.8307
Epoch: 10, train_acc: 97.3644, val_acc: 95.1800, sparsity: 62.8307
Epoch: 11, train_acc: 97.4422, val_acc: 96.0200, sparsity: 62.8307
Epoch: 12, train_acc: 97.5489, val_acc: 95.5800, sparsity: 62.8307
Epoch: 13, train_acc: 97.5689, val_acc: 96.6600, sparsity: 62.8307
Epoch: 14, train_acc: 97.6356, val_acc: 96.3800, sparsity: 62.8307
Epoch: 15, train_acc: 98.5667, val_acc: 96.9600, sparsity: 62.8307
Epoch: 16, train_acc: 98.6844, val_acc: 97.3000, sparsity: 62.8307
Epoch: 17, train_acc: 98.7378, val_acc: 97.2800, sparsity: 62.8307
Epoch: 18, train_acc: 98.7111, val_acc: 96.8200, sparsity: 62.8307
Epoch: 19, train_acc: 98.7978, val_acc: 97.2000, sparsity: 62.8307
Epoch: 20, train_acc: 98.8200, val_acc: 96.9800, sparsity: 62.8307
Epoch: 21, train_acc: 98.9089, val_acc: 97.1400, sparsity: 62.8307
Epoch: 22, train_acc: 99.0711, val_acc: 97.1800, sparsity: 62.8307
Epoch: 23, train_acc: 99.1200, val_acc: 97.4400, sparsity: 62.8307
Epoch: 24, train_acc: 99.1422, val_acc: 97.6600, sparsity: 62.8307
Epoch: 25, train_acc: 99.2689, val_acc: 96.7000, sparsity: 62.8307
Epoch: 26, train_acc: 99.1667, val_acc: 97.5800, sparsity: 62.8307
Epoch: 27, train_acc: 99.1667, val_acc: 97.3000, sparsity: 62.8307
Epoch: 28, train_acc: 99.2889, val_acc: 97.7600, sparsity: 62.8307
Epoch: 29, train_acc: 99.2667, val_acc: 97.1600, sparsity: 62.8307
20 trials: score: 0.1339, train_acc:99.2667, val_acc:97.1600, test_acc:90.2900, sparsity:62.8307
{'module.layer3.4.conv1.weight': 0.7179242448146458, 'module.layer1.7.conv2.weight': 0.595538741654875, 'module.layer2.1.conv1.weight': 0.914350048478572, 'module.layer3.8.conv2.weight': 0.9346263981800862, 'module.layer3.5.conv1.weight': 0.7437203635570573, 'module.layer3.6.conv2.weight': 0.8396301352022388, 'module.layer1.1.conv2.weight': 0.7582947208184044, 'module.layer2.0.conv1.weight': 0.4720499331251051, 'module.layer3.7.conv2.weight': 0.5621937638060444, 'module.layer1.5.conv2.weight': 0.3797556919205255, 'module.layer1.0.conv2.weight': 0.7267698917976484, 'module.layer3.1.conv2.weight': 0.8864892691266273, 'module.layer1.2.conv2.weight': 0.9371574763484356, 'module.layer1.8.conv1.weight': 0.5251330913889184, 'module.conv1.weight': 0.5194535348518798, 'module.layer1.4.conv2.weight': 0.9087427319150598, 'module.layer1.5.conv1.weight': 0.805953997682668, 'module.layer2.4.conv2.weight': 0.6150045024391584, 'module.layer2.3.conv1.weight': 0.972311697355797, 'module.layer3.4.conv2.weight': 0.570831766815719, 'module.layer2.6.conv1.weight': 0.5865771681621621, 'module.layer2.8.conv1.weight': 0.5218551540435429, 'module.layer3.2.conv1.weight': 0.7240177528897591, 'module.layer2.1.conv2.weight': 0.3975575174004762, 'module.layer2.0.conv2.weight': 0.3865046128648781, 'module.layer2.2.conv2.weight': 0.9200914484465734, 'module.layer1.8.conv2.weight': 0.6951642166267687, 'module.layer2.8.conv2.weight': 0.5390525809921946, 'module.layer3.2.conv2.weight': 0.30066644385031444, 'module.layer3.0.conv1.weight': 0.5744179465798449, 'module.layer2.2.conv1.weight': 0.3792972000275787, 'module.layer1.6.conv1.weight': 0.368141891071684, 'module.layer3.5.conv2.weight': 0.7446806275134369, 'module.layer3.0.conv2.weight': 0.8405076842019539, 'module.layer3.8.conv1.weight': 0.4818312523313128, 'module.layer1.6.conv2.weight': 0.3434993387019012, 'module.layer1.0.conv1.weight': 0.6012716397353274, 'module.layer1.4.conv1.weight': 0.7633862595150838, 'module.layer1.3.conv2.weight': 0.76934172597243, 'module.layer3.6.conv1.weight': 0.8869186106692295, 'module.layer1.7.conv1.weight': 0.3932932049312776, 'module.layer2.6.conv2.weight': 0.5503621746403488, 'module.layer2.7.conv1.weight': 0.8265281662702622, 'module.layer2.4.conv1.weight': 0.9200734903198717, 'module.layer2.5.conv1.weight': 0.7982760079739961, 'module.layer1.1.conv1.weight': 0.5080057453400921, 'module.layer2.7.conv2.weight': 0.3913370638665347, 'module.layer3.7.conv1.weight': 0.5455590141715766, 'module.layer3.1.conv1.weight': 0.7252093671418963, 'module.layer1.2.conv1.weight': 0.6463815269010496, 'module.layer1.3.conv1.weight': 0.7675537875544625, 'module.layer3.3.conv2.weight': 0.4647140185832457, 'module.layer2.5.conv2.weight': 0.9853008500128666, 'module.layer2.3.conv2.weight': 0.6908451194256224, 'module.layer3.3.conv1.weight': 0.9035237092664263}

