python auto.py --arch resnet56_cifar --gpus=0 --lr=0.03 ../../../data.cifar10 -b=128 -j=1 --deterministic --resume='./pertrain base line/2018.11.12-210049/best.pth.tar' --rounds=20 --epochs=20 --method=random --pruner-constraint

Namespace(arch='resnet56_cifar', batch_size=128, data='../../../data.cifar10', deterministic=True, epochs=20, gpus='0', lr=0.03, method='random', momentum=0.9, pruner_constraint=True, resume='./pertrain base line/2018.11.12-210049/best.pth.tar', rounds=20, validation_size=0.1, weight_decay=0.0001, workers=1)
Files already downloaded and verified
Files already downloaded and verified
PrunerConstraint = True
random
resume mode: ./pertrain base line/2018.11.12-210049/best.pth.tar
10.0
Epoch: 0, train_acc: 93.4289, val_acc: 93.3200, sparsity: 68.5825
Epoch: 1, train_acc: 90.7867, val_acc: 92.7600, sparsity: 68.5825
Epoch: 2, train_acc: 92.3822, val_acc: 92.3600, sparsity: 68.5825
Epoch: 3, train_acc: 92.6489, val_acc: 91.2800, sparsity: 68.5825
Epoch: 4, train_acc: 93.0622, val_acc: 90.9200, sparsity: 68.5825
Epoch: 5, train_acc: 92.9222, val_acc: 90.8400, sparsity: 68.5825
Epoch: 6, train_acc: 96.1689, val_acc: 94.5200, sparsity: 68.5825
Epoch: 7, train_acc: 96.6889, val_acc: 94.8800, sparsity: 68.5825
Epoch: 8, train_acc: 96.8622, val_acc: 95.2000, sparsity: 68.5825
Epoch: 9, train_acc: 97.0467, val_acc: 95.0200, sparsity: 68.5825
Epoch: 10, train_acc: 97.1622, val_acc: 95.4000, sparsity: 68.5825
Epoch: 11, train_acc: 97.2133, val_acc: 95.1600, sparsity: 68.5825
Epoch: 12, train_acc: 97.5578, val_acc: 95.0200, sparsity: 68.5825
Epoch: 13, train_acc: 97.4933, val_acc: 95.5400, sparsity: 68.5825
Epoch: 14, train_acc: 97.5556, val_acc: 95.5200, sparsity: 68.5825
Epoch: 15, train_acc: 97.6111, val_acc: 95.0800, sparsity: 68.5825
Epoch: 16, train_acc: 97.6644, val_acc: 95.6800, sparsity: 68.5825
Epoch: 17, train_acc: 97.6600, val_acc: 95.1000, sparsity: 68.5825
Epoch: 18, train_acc: 97.6444, val_acc: 95.4000, sparsity: 68.5825
Epoch: 19, train_acc: 97.6578, val_acc: 95.0000, sparsity: 68.5825
1 trials: score: 0.1375, train_acc:97.6578, val_acc:95.0000, test_acc:91.1600, sparsity:68.5825
resume mode: ./pertrain base line/2018.11.12-210049/best.pth.tar
0.13745240515605317
Epoch: 0, train_acc: 93.6978, val_acc: 94.6200, sparsity: 67.9800
Epoch: 1, train_acc: 90.8578, val_acc: 91.6000, sparsity: 67.9800
Epoch: 2, train_acc: 92.2422, val_acc: 92.1000, sparsity: 67.9800
Epoch: 3, train_acc: 93.0089, val_acc: 90.6200, sparsity: 67.9800
Epoch: 4, train_acc: 92.7711, val_acc: 91.1600, sparsity: 67.9800
Epoch: 5, train_acc: 93.2800, val_acc: 92.3400, sparsity: 67.9800
Epoch: 6, train_acc: 96.2733, val_acc: 94.8600, sparsity: 67.9800
Epoch: 7, train_acc: 96.8578, val_acc: 94.8600, sparsity: 67.9800
Epoch: 8, train_acc: 97.0067, val_acc: 94.6800, sparsity: 67.9800
Epoch: 9, train_acc: 97.0578, val_acc: 94.7400, sparsity: 67.9800
Epoch: 10, train_acc: 97.2800, val_acc: 95.2400, sparsity: 67.9800
Epoch: 11, train_acc: 97.2889, val_acc: 94.9800, sparsity: 67.9800
Epoch: 12, train_acc: 97.6378, val_acc: 95.5400, sparsity: 67.9800
Epoch: 13, train_acc: 97.5244, val_acc: 94.9400, sparsity: 67.9800
Epoch: 14, train_acc: 97.6333, val_acc: 95.2400, sparsity: 67.9800
Epoch: 15, train_acc: 97.6889, val_acc: 95.3200, sparsity: 67.9800
Epoch: 16, train_acc: 97.5711, val_acc: 95.3200, sparsity: 67.9800
Epoch: 17, train_acc: 97.7600, val_acc: 95.4200, sparsity: 67.9800
Epoch: 18, train_acc: 97.6178, val_acc: 95.5400, sparsity: 67.9800
Epoch: 19, train_acc: 97.6556, val_acc: 95.0000, sparsity: 67.9800
2 trials: score: 0.1407, train_acc:97.6556, val_acc:95.0000, test_acc:90.9500, sparsity:67.9800
resume mode: ./pertrain base line/2018.11.12-210049/best.pth.tar
0.13745240515605317
Epoch: 0, train_acc: 93.6911, val_acc: 93.4400, sparsity: 66.3998
3 trials: score: 0.1664, train_acc:93.6911, val_acc:93.4400, test_acc:89.0100, sparsity:66.3998
resume mode: ./pertrain base line/2018.11.12-210049/best.pth.tar
0.13745240515605317
Epoch: 0, train_acc: 93.5800, val_acc: 94.8200, sparsity: 71.1025
Epoch: 1, train_acc: 90.7022, val_acc: 91.8000, sparsity: 71.1025
Epoch: 2, train_acc: 92.1356, val_acc: 87.6800, sparsity: 71.1025
Epoch: 3, train_acc: 92.3578, val_acc: 91.4000, sparsity: 71.1025
Epoch: 4, train_acc: 92.9933, val_acc: 90.9000, sparsity: 71.1025
Epoch: 5, train_acc: 93.2867, val_acc: 91.3000, sparsity: 71.1025
Epoch: 6, train_acc: 96.1156, val_acc: 94.6000, sparsity: 71.1025
Epoch: 7, train_acc: 96.6311, val_acc: 94.9200, sparsity: 71.1025
Epoch: 8, train_acc: 96.8178, val_acc: 95.1600, sparsity: 71.1025
Epoch: 9, train_acc: 96.9356, val_acc: 94.8200, sparsity: 71.1025
Epoch: 10, train_acc: 97.0644, val_acc: 94.7000, sparsity: 71.1025
Epoch: 11, train_acc: 97.1756, val_acc: 94.9600, sparsity: 71.1025
Epoch: 12, train_acc: 97.5933, val_acc: 95.3600, sparsity: 71.1025
Epoch: 13, train_acc: 97.4200, val_acc: 95.4200, sparsity: 71.1025
Epoch: 14, train_acc: 97.4822, val_acc: 95.5000, sparsity: 71.1025
Epoch: 15, train_acc: 97.6244, val_acc: 95.2400, sparsity: 71.1025
Epoch: 16, train_acc: 97.4556, val_acc: 94.9400, sparsity: 71.1025
Epoch: 17, train_acc: 97.5578, val_acc: 95.6600, sparsity: 71.1025
Epoch: 18, train_acc: 97.6733, val_acc: 95.1600, sparsity: 71.1025
Epoch: 19, train_acc: 97.7444, val_acc: 95.2600, sparsity: 71.1025
4 trials: score: 0.1301, train_acc:97.7444, val_acc:95.2600, test_acc:90.8300, sparsity:71.1025
resume mode: ./pertrain base line/2018.11.12-210049/best.pth.tar
0.1300923702061294
Epoch: 0, train_acc: 93.5289, val_acc: 93.9200, sparsity: 69.3519
Epoch: 1, train_acc: 90.7467, val_acc: 91.6400, sparsity: 69.3519
Epoch: 2, train_acc: 91.7267, val_acc: 92.7600, sparsity: 69.3519
Epoch: 3, train_acc: 92.9822, val_acc: 92.0200, sparsity: 69.3519
Epoch: 4, train_acc: 92.7289, val_acc: 91.9200, sparsity: 69.3519
Epoch: 5, train_acc: 93.2622, val_acc: 91.2400, sparsity: 69.3519
Epoch: 6, train_acc: 96.3000, val_acc: 94.4600, sparsity: 69.3519
Epoch: 7, train_acc: 96.7267, val_acc: 94.8000, sparsity: 69.3519
Epoch: 8, train_acc: 96.9578, val_acc: 94.6600, sparsity: 69.3519
Epoch: 9, train_acc: 96.9578, val_acc: 95.0200, sparsity: 69.3519
Epoch: 10, train_acc: 97.1800, val_acc: 95.1600, sparsity: 69.3519
Epoch: 11, train_acc: 97.0978, val_acc: 95.1400, sparsity: 69.3519
Epoch: 12, train_acc: 97.5378, val_acc: 95.0800, sparsity: 69.3519
Epoch: 13, train_acc: 97.5667, val_acc: 95.2400, sparsity: 69.3519
Epoch: 14, train_acc: 97.5956, val_acc: 95.6400, sparsity: 69.3519
Epoch: 15, train_acc: 97.5956, val_acc: 95.5400, sparsity: 69.3519
Epoch: 16, train_acc: 97.6022, val_acc: 95.4400, sparsity: 69.3519
Epoch: 17, train_acc: 97.6733, val_acc: 95.3600, sparsity: 69.3519
Epoch: 18, train_acc: 97.7289, val_acc: 95.5600, sparsity: 69.3519
Epoch: 19, train_acc: 97.6422, val_acc: 95.6000, sparsity: 69.3519
5 trials: score: 0.1355, train_acc:97.6422, val_acc:95.6000, test_acc:90.9800, sparsity:69.3519
resume mode: ./pertrain base line/2018.11.12-210049/best.pth.tar
0.1300923702061294
Epoch: 0, train_acc: 93.5622, val_acc: 93.7000, sparsity: 67.3438
6 trials: score: 0.1610, train_acc:93.5622, val_acc:93.7000, test_acc:88.9200, sparsity:67.3438
resume mode: ./pertrain base line/2018.11.12-210049/best.pth.tar
0.1300923702061294
Epoch: 0, train_acc: 92.9333, val_acc: 93.2800, sparsity: 70.6276
Epoch: 1, train_acc: 90.3667, val_acc: 89.3600, sparsity: 70.6276
Epoch: 2, train_acc: 91.7756, val_acc: 91.9600, sparsity: 70.6276
Epoch: 3, train_acc: 92.0178, val_acc: 91.5200, sparsity: 70.6276
Epoch: 4, train_acc: 92.7267, val_acc: 92.2800, sparsity: 70.6276
Epoch: 5, train_acc: 93.0844, val_acc: 88.1000, sparsity: 70.6276
Epoch: 6, train_acc: 95.6978, val_acc: 94.6800, sparsity: 70.6276
Epoch: 7, train_acc: 96.3733, val_acc: 94.8400, sparsity: 70.6276
Epoch: 8, train_acc: 96.7400, val_acc: 94.7200, sparsity: 70.6276
Epoch: 9, train_acc: 96.7200, val_acc: 95.0600, sparsity: 70.6276
Epoch: 10, train_acc: 96.8978, val_acc: 94.6600, sparsity: 70.6276
Epoch: 11, train_acc: 97.0378, val_acc: 94.5200, sparsity: 70.6276
Epoch: 12, train_acc: 97.4178, val_acc: 95.3800, sparsity: 70.6276
Epoch: 13, train_acc: 97.3600, val_acc: 95.3200, sparsity: 70.6276
Epoch: 14, train_acc: 97.4622, val_acc: 94.8000, sparsity: 70.6276
Epoch: 15, train_acc: 97.4133, val_acc: 95.2400, sparsity: 70.6276
Epoch: 16, train_acc: 97.4556, val_acc: 95.1200, sparsity: 70.6276
Epoch: 17, train_acc: 97.3333, val_acc: 95.0400, sparsity: 70.6276
Epoch: 18, train_acc: 97.4956, val_acc: 95.2000, sparsity: 70.6276
Epoch: 19, train_acc: 97.4778, val_acc: 94.8000, sparsity: 70.6276
7 trials: score: 0.1343, train_acc:97.4778, val_acc:94.8000, test_acc:90.8500, sparsity:70.6276
resume mode: ./pertrain base line/2018.11.12-210049/best.pth.tar
0.1300923702061294
Epoch: 0, train_acc: 93.6244, val_acc: 93.7200, sparsity: 70.9180
Epoch: 1, train_acc: 90.9089, val_acc: 91.2200, sparsity: 70.9180
Epoch: 2, train_acc: 92.2689, val_acc: 92.6800, sparsity: 70.9180
Epoch: 3, train_acc: 92.7311, val_acc: 89.0600, sparsity: 70.9180
Epoch: 4, train_acc: 92.8511, val_acc: 92.0000, sparsity: 70.9180
Epoch: 5, train_acc: 93.2778, val_acc: 91.5400, sparsity: 70.9180
Epoch: 6, train_acc: 96.1978, val_acc: 94.8400, sparsity: 70.9180
Epoch: 7, train_acc: 96.7556, val_acc: 95.4800, sparsity: 70.9180
Epoch: 8, train_acc: 96.9511, val_acc: 94.9800, sparsity: 70.9180
Epoch: 9, train_acc: 97.0844, val_acc: 95.0200, sparsity: 70.9180
Epoch: 10, train_acc: 97.1867, val_acc: 95.2000, sparsity: 70.9180
Epoch: 11, train_acc: 97.2822, val_acc: 95.1200, sparsity: 70.9180
Epoch: 12, train_acc: 97.5689, val_acc: 95.4200, sparsity: 70.9180
Epoch: 13, train_acc: 97.6200, val_acc: 95.7400, sparsity: 70.9180
Epoch: 14, train_acc: 97.6156, val_acc: 95.6800, sparsity: 70.9180
Epoch: 15, train_acc: 97.6600, val_acc: 95.4000, sparsity: 70.9180
Epoch: 16, train_acc: 97.6156, val_acc: 95.3400, sparsity: 70.9180
Epoch: 17, train_acc: 97.6356, val_acc: 95.4600, sparsity: 70.9180
Epoch: 18, train_acc: 97.7511, val_acc: 95.0800, sparsity: 70.9180
Epoch: 19, train_acc: 97.6578, val_acc: 95.5000, sparsity: 70.9180
8 trials: score: 0.1298, train_acc:97.6578, val_acc:95.5000, test_acc:91.0200, sparsity:70.9180
resume mode: ./pertrain base line/2018.11.12-210049/best.pth.tar
0.12984586144046306
Epoch: 0, train_acc: 93.6489, val_acc: 94.2200, sparsity: 71.4041
Epoch: 1, train_acc: 90.9356, val_acc: 90.0600, sparsity: 71.4041
Epoch: 2, train_acc: 92.1889, val_acc: 92.7400, sparsity: 71.4041
Epoch: 3, train_acc: 92.5244, val_acc: 92.4600, sparsity: 71.4041
Epoch: 4, train_acc: 92.7844, val_acc: 91.0400, sparsity: 71.4041
Epoch: 5, train_acc: 93.1933, val_acc: 92.0800, sparsity: 71.4041
Epoch: 6, train_acc: 96.1511, val_acc: 94.7600, sparsity: 71.4041
Epoch: 7, train_acc: 96.6667, val_acc: 94.4400, sparsity: 71.4041
Epoch: 8, train_acc: 96.9200, val_acc: 94.9600, sparsity: 71.4041
Epoch: 9, train_acc: 97.0933, val_acc: 94.8800, sparsity: 71.4041
Epoch: 10, train_acc: 97.1822, val_acc: 95.3000, sparsity: 71.4041
Epoch: 11, train_acc: 97.2444, val_acc: 95.2600, sparsity: 71.4041
Epoch: 12, train_acc: 97.5533, val_acc: 95.8800, sparsity: 71.4041
Epoch: 13, train_acc: 97.5667, val_acc: 95.4000, sparsity: 71.4041
Epoch: 14, train_acc: 97.4911, val_acc: 95.1000, sparsity: 71.4041
Epoch: 15, train_acc: 97.5778, val_acc: 95.4400, sparsity: 71.4041
Epoch: 16, train_acc: 97.7089, val_acc: 95.4400, sparsity: 71.4041
Epoch: 17, train_acc: 97.5222, val_acc: 95.4200, sparsity: 71.4041
Epoch: 18, train_acc: 97.7400, val_acc: 95.5800, sparsity: 71.4041
Epoch: 19, train_acc: 97.6822, val_acc: 95.2200, sparsity: 71.4041
9 trials: score: 0.1270, train_acc:97.6822, val_acc:95.2200, test_acc:90.9700, sparsity:71.4041
resume mode: ./pertrain base line/2018.11.12-210049/best.pth.tar
0.126987618143896
Epoch: 0, train_acc: 93.8178, val_acc: 94.4200, sparsity: 69.9838
Epoch: 1, train_acc: 90.9489, val_acc: 91.2200, sparsity: 69.9838
Epoch: 2, train_acc: 92.3044, val_acc: 91.6000, sparsity: 69.9838
Epoch: 3, train_acc: 92.6044, val_acc: 91.0400, sparsity: 69.9838
Epoch: 4, train_acc: 92.9022, val_acc: 90.8600, sparsity: 69.9838
Epoch: 5, train_acc: 93.0422, val_acc: 92.6600, sparsity: 69.9838
Epoch: 6, train_acc: 96.0356, val_acc: 94.4000, sparsity: 69.9838
Epoch: 7, train_acc: 96.7311, val_acc: 94.4400, sparsity: 69.9838
Epoch: 8, train_acc: 96.8867, val_acc: 94.8600, sparsity: 69.9838
Epoch: 9, train_acc: 97.0667, val_acc: 94.7600, sparsity: 69.9838
Epoch: 10, train_acc: 97.1511, val_acc: 94.7400, sparsity: 69.9838
Epoch: 11, train_acc: 97.2689, val_acc: 94.7400, sparsity: 69.9838
Epoch: 12, train_acc: 97.5333, val_acc: 95.2200, sparsity: 69.9838
Epoch: 13, train_acc: 97.5444, val_acc: 95.7200, sparsity: 69.9838
Epoch: 14, train_acc: 97.5778, val_acc: 95.6200, sparsity: 69.9838
Epoch: 15, train_acc: 97.7022, val_acc: 95.5000, sparsity: 69.9838
Epoch: 16, train_acc: 97.5911, val_acc: 95.2800, sparsity: 69.9838
Epoch: 17, train_acc: 97.6067, val_acc: 95.4200, sparsity: 69.9838
Epoch: 18, train_acc: 97.6911, val_acc: 95.5800, sparsity: 69.9838
Epoch: 19, train_acc: 97.5867, val_acc: 94.9800, sparsity: 69.9838
10 trials: score: 0.1328, train_acc:97.5867, val_acc:94.9800, test_acc:91.0700, sparsity:69.9838
resume mode: ./pertrain base line/2018.11.12-210049/best.pth.tar
0.126987618143896
Epoch: 0, train_acc: 93.2689, val_acc: 94.0000, sparsity: 70.1533
Epoch: 1, train_acc: 91.0800, val_acc: 91.1800, sparsity: 70.1533
Epoch: 2, train_acc: 91.7467, val_acc: 91.4200, sparsity: 70.1533
Epoch: 3, train_acc: 92.2933, val_acc: 92.1400, sparsity: 70.1533
Epoch: 4, train_acc: 92.3422, val_acc: 92.8400, sparsity: 70.1533
Epoch: 5, train_acc: 92.9022, val_acc: 93.0400, sparsity: 70.1533
Epoch: 6, train_acc: 96.0533, val_acc: 94.5800, sparsity: 70.1533
Epoch: 7, train_acc: 96.5511, val_acc: 94.7800, sparsity: 70.1533
Epoch: 8, train_acc: 96.7778, val_acc: 94.6400, sparsity: 70.1533
Epoch: 9, train_acc: 96.9333, val_acc: 95.3800, sparsity: 70.1533
Epoch: 10, train_acc: 97.1622, val_acc: 95.2000, sparsity: 70.1533
Epoch: 11, train_acc: 97.0889, val_acc: 95.0000, sparsity: 70.1533
Epoch: 12, train_acc: 97.4667, val_acc: 95.3800, sparsity: 70.1533
Epoch: 13, train_acc: 97.5222, val_acc: 95.2400, sparsity: 70.1533
Epoch: 14, train_acc: 97.5333, val_acc: 95.0400, sparsity: 70.1533
Epoch: 15, train_acc: 97.4533, val_acc: 95.1200, sparsity: 70.1533
Epoch: 16, train_acc: 97.4511, val_acc: 95.0800, sparsity: 70.1533
Epoch: 17, train_acc: 97.6156, val_acc: 95.2800, sparsity: 70.1533
Epoch: 18, train_acc: 97.6111, val_acc: 95.5000, sparsity: 70.1533
Epoch: 19, train_acc: 97.4867, val_acc: 95.1400, sparsity: 70.1533
11 trials: score: 0.1345, train_acc:97.4867, val_acc:95.1400, test_acc:90.9300, sparsity:70.1533
resume mode: ./pertrain base line/2018.11.12-210049/best.pth.tar
0.126987618143896
Epoch: 0, train_acc: 93.8756, val_acc: 94.4800, sparsity: 69.0207
Epoch: 1, train_acc: 90.9378, val_acc: 91.5600, sparsity: 69.0207
Epoch: 2, train_acc: 92.1644, val_acc: 91.4600, sparsity: 69.0207
Epoch: 3, train_acc: 92.5444, val_acc: 91.6000, sparsity: 69.0207
Epoch: 4, train_acc: 93.0622, val_acc: 92.7400, sparsity: 69.0207
Epoch: 5, train_acc: 93.1622, val_acc: 90.4000, sparsity: 69.0207
Epoch: 6, train_acc: 96.1356, val_acc: 94.3400, sparsity: 69.0207
Epoch: 7, train_acc: 96.7778, val_acc: 94.6000, sparsity: 69.0207
Epoch: 8, train_acc: 96.9956, val_acc: 94.8600, sparsity: 69.0207
Epoch: 9, train_acc: 97.0800, val_acc: 95.4600, sparsity: 69.0207
Epoch: 10, train_acc: 97.1844, val_acc: 95.2800, sparsity: 69.0207
Epoch: 11, train_acc: 97.2889, val_acc: 95.4000, sparsity: 69.0207
Epoch: 12, train_acc: 97.5556, val_acc: 95.1800, sparsity: 69.0207
Epoch: 13, train_acc: 97.6311, val_acc: 95.0800, sparsity: 69.0207
Epoch: 14, train_acc: 97.6711, val_acc: 94.8800, sparsity: 69.0207
Epoch: 15, train_acc: 97.6711, val_acc: 95.2200, sparsity: 69.0207
Epoch: 16, train_acc: 97.7178, val_acc: 95.0400, sparsity: 69.0207
Epoch: 17, train_acc: 97.7089, val_acc: 94.9200, sparsity: 69.0207
Epoch: 18, train_acc: 97.6400, val_acc: 95.8200, sparsity: 69.0207
Epoch: 19, train_acc: 97.7356, val_acc: 95.3200, sparsity: 69.0207
12 trials: score: 0.1347, train_acc:97.7356, val_acc:95.3200, test_acc:90.8900, sparsity:69.0207
resume mode: ./pertrain base line/2018.11.12-210049/best.pth.tar
0.126987618143896
Epoch: 0, train_acc: 93.7378, val_acc: 94.7200, sparsity: 70.3825
Epoch: 1, train_acc: 91.4556, val_acc: 91.0600, sparsity: 70.3825
Epoch: 2, train_acc: 92.2844, val_acc: 92.0600, sparsity: 70.3825
Epoch: 3, train_acc: 92.9400, val_acc: 93.3600, sparsity: 70.3825
Epoch: 4, train_acc: 93.1622, val_acc: 92.2000, sparsity: 70.3825
Epoch: 5, train_acc: 93.4111, val_acc: 90.8000, sparsity: 70.3825
Epoch: 6, train_acc: 96.3400, val_acc: 94.4600, sparsity: 70.3825
Epoch: 7, train_acc: 96.7689, val_acc: 95.2600, sparsity: 70.3825
Epoch: 8, train_acc: 97.1000, val_acc: 94.6800, sparsity: 70.3825
Epoch: 9, train_acc: 97.1978, val_acc: 95.1800, sparsity: 70.3825
Epoch: 10, train_acc: 97.4622, val_acc: 95.6200, sparsity: 70.3825
Epoch: 11, train_acc: 97.4778, val_acc: 94.8000, sparsity: 70.3825
Epoch: 12, train_acc: 97.5867, val_acc: 95.4600, sparsity: 70.3825
Epoch: 13, train_acc: 97.6711, val_acc: 95.2600, sparsity: 70.3825
Epoch: 14, train_acc: 97.7156, val_acc: 95.5800, sparsity: 70.3825
Epoch: 15, train_acc: 97.7978, val_acc: 95.4400, sparsity: 70.3825
Epoch: 16, train_acc: 97.7578, val_acc: 95.0200, sparsity: 70.3825
Epoch: 17, train_acc: 97.7578, val_acc: 95.1200, sparsity: 70.3825
Epoch: 18, train_acc: 97.8200, val_acc: 95.2600, sparsity: 70.3825
Epoch: 19, train_acc: 97.8044, val_acc: 95.2000, sparsity: 70.3825
13 trials: score: 0.1327, train_acc:97.8044, val_acc:95.2000, test_acc:90.9500, sparsity:70.3825
resume mode: ./pertrain base line/2018.11.12-210049/best.pth.tar
0.126987618143896
Epoch: 0, train_acc: 94.0467, val_acc: 94.1800, sparsity: 67.7771
Epoch: 1, train_acc: 91.1578, val_acc: 90.9200, sparsity: 67.7771
Epoch: 2, train_acc: 92.6467, val_acc: 88.0000, sparsity: 67.7771
Epoch: 3, train_acc: 92.8111, val_acc: 93.4600, sparsity: 67.7771
Epoch: 4, train_acc: 93.2244, val_acc: 92.5400, sparsity: 67.7771
Epoch: 5, train_acc: 93.4956, val_acc: 92.8400, sparsity: 67.7771
Epoch: 6, train_acc: 96.3889, val_acc: 94.7600, sparsity: 67.7771
Epoch: 7, train_acc: 96.8933, val_acc: 95.1400, sparsity: 67.7771
Epoch: 8, train_acc: 97.2111, val_acc: 95.1000, sparsity: 67.7771
Epoch: 9, train_acc: 97.3111, val_acc: 95.1400, sparsity: 67.7771
Epoch: 10, train_acc: 97.2867, val_acc: 95.5200, sparsity: 67.7771
Epoch: 11, train_acc: 97.4933, val_acc: 95.5200, sparsity: 67.7771
Epoch: 12, train_acc: 97.7378, val_acc: 95.7200, sparsity: 67.7771
Epoch: 13, train_acc: 97.7178, val_acc: 95.7000, sparsity: 67.7771
Epoch: 14, train_acc: 97.8000, val_acc: 95.8000, sparsity: 67.7771
Epoch: 15, train_acc: 97.8333, val_acc: 95.7400, sparsity: 67.7771
Epoch: 16, train_acc: 97.7689, val_acc: 95.5600, sparsity: 67.7771
Epoch: 17, train_acc: 97.7889, val_acc: 95.7600, sparsity: 67.7771
Epoch: 18, train_acc: 97.9044, val_acc: 95.5600, sparsity: 67.7771
Epoch: 19, train_acc: 97.9378, val_acc: 95.7200, sparsity: 67.7771
14 trials: score: 0.1387, train_acc:97.9378, val_acc:95.7200, test_acc:91.0100, sparsity:67.7771
resume mode: ./pertrain base line/2018.11.12-210049/best.pth.tar
0.126987618143896
Epoch: 0, train_acc: 93.4844, val_acc: 93.6400, sparsity: 70.9170
Epoch: 1, train_acc: 90.2822, val_acc: 91.6800, sparsity: 70.9170
Epoch: 2, train_acc: 91.8844, val_acc: 92.0000, sparsity: 70.9170
Epoch: 3, train_acc: 92.4333, val_acc: 91.8200, sparsity: 70.9170
Epoch: 4, train_acc: 92.9378, val_acc: 91.9600, sparsity: 70.9170
Epoch: 5, train_acc: 92.7111, val_acc: 91.6200, sparsity: 70.9170
Epoch: 6, train_acc: 95.9689, val_acc: 94.3800, sparsity: 70.9170
Epoch: 7, train_acc: 96.4867, val_acc: 94.6400, sparsity: 70.9170
Epoch: 8, train_acc: 96.7444, val_acc: 95.0400, sparsity: 70.9170
Epoch: 9, train_acc: 96.8111, val_acc: 94.9600, sparsity: 70.9170
Epoch: 10, train_acc: 97.0378, val_acc: 95.1400, sparsity: 70.9170
Epoch: 11, train_acc: 97.1067, val_acc: 94.9400, sparsity: 70.9170
Epoch: 12, train_acc: 97.3844, val_acc: 95.4000, sparsity: 70.9170
Epoch: 13, train_acc: 97.4244, val_acc: 95.3200, sparsity: 70.9170
Epoch: 14, train_acc: 97.3800, val_acc: 95.3000, sparsity: 70.9170
Epoch: 15, train_acc: 97.3800, val_acc: 95.5200, sparsity: 70.9170
Epoch: 16, train_acc: 97.4600, val_acc: 95.3600, sparsity: 70.9170
Epoch: 17, train_acc: 97.3778, val_acc: 95.6800, sparsity: 70.9170
Epoch: 18, train_acc: 97.4711, val_acc: 95.3200, sparsity: 70.9170
Epoch: 19, train_acc: 97.5133, val_acc: 95.3800, sparsity: 70.9170
15 trials: score: 0.1304, train_acc:97.5133, val_acc:95.3800, test_acc:90.8800, sparsity:70.9170
resume mode: ./pertrain base line/2018.11.12-210049/best.pth.tar
0.126987618143896
Epoch: 0, train_acc: 93.4689, val_acc: 94.2800, sparsity: 70.2825
Epoch: 1, train_acc: 91.0444, val_acc: 91.4200, sparsity: 70.2825
Epoch: 2, train_acc: 92.4222, val_acc: 90.2600, sparsity: 70.2825
Epoch: 3, train_acc: 92.4822, val_acc: 93.2800, sparsity: 70.2825
Epoch: 4, train_acc: 93.0044, val_acc: 90.7200, sparsity: 70.2825
Epoch: 5, train_acc: 92.8289, val_acc: 92.5400, sparsity: 70.2825
Epoch: 6, train_acc: 96.0511, val_acc: 94.1200, sparsity: 70.2825
Epoch: 7, train_acc: 96.5956, val_acc: 94.8600, sparsity: 70.2825
Epoch: 8, train_acc: 96.8622, val_acc: 94.9200, sparsity: 70.2825
Epoch: 9, train_acc: 97.0022, val_acc: 95.1600, sparsity: 70.2825
Epoch: 10, train_acc: 96.9533, val_acc: 94.9000, sparsity: 70.2825
Epoch: 11, train_acc: 97.1000, val_acc: 95.2800, sparsity: 70.2825
Epoch: 12, train_acc: 97.3600, val_acc: 95.1000, sparsity: 70.2825
Epoch: 13, train_acc: 97.4244, val_acc: 95.0200, sparsity: 70.2825
Epoch: 14, train_acc: 97.5267, val_acc: 95.5400, sparsity: 70.2825
Epoch: 15, train_acc: 97.4844, val_acc: 95.5800, sparsity: 70.2825
Epoch: 16, train_acc: 97.6000, val_acc: 95.7600, sparsity: 70.2825
Epoch: 17, train_acc: 97.5644, val_acc: 95.3200, sparsity: 70.2825
Epoch: 18, train_acc: 97.5689, val_acc: 95.0200, sparsity: 70.2825
Epoch: 19, train_acc: 97.6422, val_acc: 95.2400, sparsity: 70.2825
16 trials: score: 0.1316, train_acc:97.6422, val_acc:95.2400, test_acc:90.9200, sparsity:70.2825
resume mode: ./pertrain base line/2018.11.12-210049/best.pth.tar
0.126987618143896
Epoch: 0, train_acc: 94.1044, val_acc: 94.6400, sparsity: 67.9026
Epoch: 1, train_acc: 91.4156, val_acc: 91.8200, sparsity: 67.9026
Epoch: 2, train_acc: 92.4756, val_acc: 91.8800, sparsity: 67.9026
Epoch: 3, train_acc: 93.0022, val_acc: 91.1600, sparsity: 67.9026
Epoch: 4, train_acc: 93.1667, val_acc: 92.9600, sparsity: 67.9026
Epoch: 5, train_acc: 93.4156, val_acc: 92.6600, sparsity: 67.9026
Epoch: 6, train_acc: 96.2800, val_acc: 94.9000, sparsity: 67.9026
Epoch: 7, train_acc: 96.9400, val_acc: 95.0200, sparsity: 67.9026
Epoch: 8, train_acc: 97.1711, val_acc: 95.3000, sparsity: 67.9026
Epoch: 9, train_acc: 97.3244, val_acc: 95.1000, sparsity: 67.9026
Epoch: 10, train_acc: 97.4489, val_acc: 95.2200, sparsity: 67.9026
Epoch: 11, train_acc: 97.4711, val_acc: 95.1400, sparsity: 67.9026
Epoch: 12, train_acc: 97.6533, val_acc: 95.3400, sparsity: 67.9026
Epoch: 13, train_acc: 97.7267, val_acc: 95.6400, sparsity: 67.9026
Epoch: 14, train_acc: 97.8267, val_acc: 95.2000, sparsity: 67.9026
Epoch: 15, train_acc: 97.7622, val_acc: 95.6000, sparsity: 67.9026
Epoch: 16, train_acc: 97.8244, val_acc: 95.5600, sparsity: 67.9026
Epoch: 17, train_acc: 97.7933, val_acc: 95.5600, sparsity: 67.9026
Epoch: 18, train_acc: 97.8244, val_acc: 96.0000, sparsity: 67.9026
Epoch: 19, train_acc: 97.7711, val_acc: 95.7600, sparsity: 67.9026
17 trials: score: 0.1363, train_acc:97.7711, val_acc:95.7600, test_acc:91.2500, sparsity:67.9026
resume mode: ./pertrain base line/2018.11.12-210049/best.pth.tar
0.126987618143896
Epoch: 0, train_acc: 93.3644, val_acc: 94.3400, sparsity: 71.3114
Epoch: 1, train_acc: 90.8267, val_acc: 90.8400, sparsity: 71.3114
Epoch: 2, train_acc: 91.6400, val_acc: 92.0800, sparsity: 71.3114
Epoch: 3, train_acc: 92.2822, val_acc: 92.0000, sparsity: 71.3114
Epoch: 4, train_acc: 92.7111, val_acc: 91.4200, sparsity: 71.3114
Epoch: 5, train_acc: 93.2311, val_acc: 91.0600, sparsity: 71.3114
Epoch: 6, train_acc: 96.0756, val_acc: 94.4400, sparsity: 71.3114
Epoch: 7, train_acc: 96.6289, val_acc: 94.5400, sparsity: 71.3114
Epoch: 8, train_acc: 96.7756, val_acc: 94.8200, sparsity: 71.3114
Epoch: 9, train_acc: 97.0044, val_acc: 95.2200, sparsity: 71.3114
Epoch: 10, train_acc: 97.1756, val_acc: 94.7000, sparsity: 71.3114
Epoch: 11, train_acc: 97.1022, val_acc: 95.1200, sparsity: 71.3114
Epoch: 12, train_acc: 97.5333, val_acc: 95.3000, sparsity: 71.3114
Epoch: 13, train_acc: 97.5667, val_acc: 95.5000, sparsity: 71.3114
Epoch: 14, train_acc: 97.5356, val_acc: 95.3200, sparsity: 71.3114
Epoch: 15, train_acc: 97.4911, val_acc: 95.2400, sparsity: 71.3114
Epoch: 16, train_acc: 97.5467, val_acc: 95.3200, sparsity: 71.3114
Epoch: 17, train_acc: 97.6333, val_acc: 95.1600, sparsity: 71.3114
Epoch: 18, train_acc: 97.7533, val_acc: 95.2000, sparsity: 71.3114
Epoch: 19, train_acc: 97.5956, val_acc: 95.3800, sparsity: 71.3114
18 trials: score: 0.1311, train_acc:97.5956, val_acc:95.3800, test_acc:90.7800, sparsity:71.3114
resume mode: ./pertrain base line/2018.11.12-210049/best.pth.tar
0.126987618143896
Epoch: 0, train_acc: 93.7644, val_acc: 94.1000, sparsity: 69.5795
Epoch: 1, train_acc: 91.2400, val_acc: 89.7000, sparsity: 69.5795
Epoch: 2, train_acc: 92.1889, val_acc: 90.9800, sparsity: 69.5795
Epoch: 3, train_acc: 92.4933, val_acc: 91.8200, sparsity: 69.5795
Epoch: 4, train_acc: 93.0956, val_acc: 92.0800, sparsity: 69.5795
Epoch: 5, train_acc: 93.2022, val_acc: 92.0800, sparsity: 69.5795
Epoch: 6, train_acc: 96.1933, val_acc: 94.7400, sparsity: 69.5795
Epoch: 7, train_acc: 96.7533, val_acc: 95.4800, sparsity: 69.5795
Epoch: 8, train_acc: 97.0178, val_acc: 94.7600, sparsity: 69.5795
Epoch: 9, train_acc: 97.0467, val_acc: 95.4400, sparsity: 69.5795
Epoch: 10, train_acc: 97.2422, val_acc: 95.2400, sparsity: 69.5795
Epoch: 11, train_acc: 97.2800, val_acc: 95.1400, sparsity: 69.5795
Epoch: 12, train_acc: 97.5467, val_acc: 95.1800, sparsity: 69.5795
Epoch: 13, train_acc: 97.6022, val_acc: 95.5000, sparsity: 69.5795
Epoch: 14, train_acc: 97.7333, val_acc: 95.3200, sparsity: 69.5795
Epoch: 15, train_acc: 97.6222, val_acc: 95.1000, sparsity: 69.5795
Epoch: 16, train_acc: 97.7511, val_acc: 95.5200, sparsity: 69.5795
Epoch: 17, train_acc: 97.6222, val_acc: 95.3000, sparsity: 69.5795
Epoch: 18, train_acc: 97.8156, val_acc: 95.8000, sparsity: 69.5795
Epoch: 19, train_acc: 97.7267, val_acc: 95.3600, sparsity: 69.5795
19 trials: score: 0.1333, train_acc:97.7267, val_acc:95.3600, test_acc:91.1400, sparsity:69.5795
resume mode: ./pertrain base line/2018.11.12-210049/best.pth.tar
0.126987618143896
Epoch: 0, train_acc: 94.2889, val_acc: 94.6600, sparsity: 67.8443
Epoch: 1, train_acc: 91.4089, val_acc: 90.3200, sparsity: 67.8443
Epoch: 2, train_acc: 92.5000, val_acc: 89.4000, sparsity: 67.8443
Epoch: 3, train_acc: 93.0711, val_acc: 92.3000, sparsity: 67.8443
Epoch: 4, train_acc: 93.0867, val_acc: 90.4600, sparsity: 67.8443
Epoch: 5, train_acc: 93.7733, val_acc: 92.8000, sparsity: 67.8443
Epoch: 6, train_acc: 96.4689, val_acc: 95.1200, sparsity: 67.8443
Epoch: 7, train_acc: 96.9778, val_acc: 95.2000, sparsity: 67.8443
Epoch: 8, train_acc: 97.3667, val_acc: 95.8000, sparsity: 67.8443
Epoch: 9, train_acc: 97.3756, val_acc: 95.5800, sparsity: 67.8443
Epoch: 10, train_acc: 97.5511, val_acc: 95.4600, sparsity: 67.8443
Epoch: 11, train_acc: 97.5622, val_acc: 95.3400, sparsity: 67.8443
Epoch: 12, train_acc: 97.8400, val_acc: 95.5600, sparsity: 67.8443
Epoch: 13, train_acc: 97.8378, val_acc: 95.5200, sparsity: 67.8443
Epoch: 14, train_acc: 97.8244, val_acc: 95.4600, sparsity: 67.8443
Epoch: 15, train_acc: 97.8578, val_acc: 95.7600, sparsity: 67.8443
Epoch: 16, train_acc: 97.8644, val_acc: 95.2800, sparsity: 67.8443
Epoch: 17, train_acc: 97.7822, val_acc: 95.8400, sparsity: 67.8443
Epoch: 18, train_acc: 98.0022, val_acc: 95.9400, sparsity: 67.8443
Epoch: 19, train_acc: 97.8689, val_acc: 96.0600, sparsity: 67.8443
20 trials: score: 0.1359, train_acc:97.8689, val_acc:96.0600, test_acc:91.1300, sparsity:67.8443
{'module.layer2.3.conv2.weight': 0.6911128280828315, 'module.layer1.0.conv1.weight': 0.5754350365349785, 'module.layer1.0.conv2.weight': 0.6671071243755837, 'module.conv1.weight': 0.8117258056729648, 'module.layer2.1.conv2.weight': 0.7612357685066494, 'module.layer1.7.conv2.weight': 0.5526525604127476, 'module.layer1.1.conv1.weight': 0.6108368191963942, 'module.layer3.6.conv2.weight': 0.7913198788649971, 'module.layer3.2.conv2.weight': 0.8244890651795944, 'module.layer2.7.conv2.weight': 0.657732900452954, 'module.layer2.0.conv2.weight': 0.6655161850299549, 'module.layer3.2.conv1.weight': 0.6197969045537279, 'module.layer3.1.conv2.weight': 0.7928933861286528, 'module.layer2.5.conv1.weight': 0.6085268595058868, 'module.layer1.8.conv2.weight': 0.8109696004437519, 'module.layer2.4.conv1.weight': 0.7972151695171262, 'module.layer1.5.conv1.weight': 0.6167948594076568, 'module.layer3.1.conv1.weight': 0.5777785768439425, 'module.layer2.5.conv2.weight': 0.663044310226901, 'module.layer1.6.conv2.weight': 0.8075737052909377, 'module.layer3.0.conv1.weight': 0.6497888302194352, 'module.layer2.8.conv2.weight': 0.7796586054914542, 'module.layer3.7.conv1.weight': 0.6831305777600453, 'module.layer3.5.conv2.weight': 0.7365022196069054, 'module.layer1.7.conv1.weight': 0.6828982312808466, 'module.layer1.3.conv1.weight': 0.6437561686474831, 'module.layer1.3.conv2.weight': 0.6847061382440915, 'module.layer1.4.conv1.weight': 0.8128392565070475, 'module.layer1.6.conv1.weight': 0.6498938861974033, 'module.layer3.7.conv2.weight': 0.8306648713142277, 'module.layer2.6.conv2.weight': 0.6630767787637011, 'module.layer1.8.conv1.weight': 0.6484032686374046, 'module.layer3.3.conv1.weight': 0.6673171836536408, 'module.layer3.8.conv1.weight': 0.6240779818735592, 'module.layer3.4.conv1.weight': 0.7308793239477663, 'module.layer1.2.conv1.weight': 0.7611561433406593, 'module.layer2.2.conv2.weight': 0.7059248181880884, 'module.layer2.1.conv1.weight': 0.8034704453471873, 'module.layer1.2.conv2.weight': 0.8208892815521365, 'module.layer1.4.conv2.weight': 0.7194618710770686, 'module.layer2.6.conv1.weight': 0.623614655187583, 'module.layer2.7.conv1.weight': 0.839087878242321, 'module.layer1.1.conv2.weight': 0.6855687872228937, 'module.layer2.3.conv1.weight': 0.830971110213376, 'module.layer3.4.conv2.weight': 0.7150932925538587, 'module.layer2.0.conv1.weight': 0.7258470307205702, 'module.layer3.5.conv1.weight': 0.7231179263400279, 'module.layer2.2.conv1.weight': 0.7998537678877384, 'module.layer3.0.conv2.weight': 0.6865850929263854, 'module.layer2.8.conv1.weight': 0.5831471232056473, 'module.layer1.5.conv2.weight': 0.8468239850516985, 'module.layer3.8.conv2.weight': 0.7264984103125206, 'module.layer3.6.conv1.weight': 0.8140959104545198, 'module.layer3.3.conv2.weight': 0.6753027578396368, 'module.layer2.4.conv2.weight': 0.7745904064014009}

