python auto.py --arch resnet56_cifar --gpus=0 --lr=0.03 ../../../data.cifar10 -b=128 -j=1 --deterministic --resume='./pertrain base line/2018.11.12-210049/best.pth.tar' --rounds=20 --epochs=20 --method=tpe --pruner-constraint

Namespace(arch='resnet56_cifar', batch_size=128, data='../../../data.cifar10', deterministic=True, epochs=20, gpus='0', lr=0.03, method='tpe', momentum=0.9, pruner_constraint=True, resume='./pertrain base line/2018.11.12-210049/best.pth.tar', rounds=20, validation_size=0.1, weight_decay=0.0001, workers=1)
Files already downloaded and verified
Files already downloaded and verified
PrunerConstraint = True
tpe
resume mode: ./pertrain base line/2018.11.12-210049/best.pth.tar
10.0
Epoch: 0, train_acc: 93.4533, val_acc: 95.1200, sparsity: 68.1798
Epoch: 1, train_acc: 91.1356, val_acc: 89.8400, sparsity: 68.1798
Epoch: 2, train_acc: 92.1556, val_acc: 91.1000, sparsity: 68.1798
Epoch: 3, train_acc: 92.5533, val_acc: 92.5400, sparsity: 68.1798
Epoch: 4, train_acc: 92.8911, val_acc: 92.6800, sparsity: 68.1798
Epoch: 5, train_acc: 92.7267, val_acc: 92.3000, sparsity: 68.1798
Epoch: 6, train_acc: 96.0978, val_acc: 95.2800, sparsity: 68.1798
Epoch: 7, train_acc: 96.7956, val_acc: 95.1600, sparsity: 68.1798
Epoch: 8, train_acc: 96.9067, val_acc: 95.3200, sparsity: 68.1798
Epoch: 9, train_acc: 97.0356, val_acc: 95.6200, sparsity: 68.1798
Epoch: 10, train_acc: 97.2356, val_acc: 95.6800, sparsity: 68.1798
Epoch: 11, train_acc: 97.2956, val_acc: 95.4400, sparsity: 68.1798
Epoch: 12, train_acc: 97.4533, val_acc: 95.5400, sparsity: 68.1798
Epoch: 13, train_acc: 97.5111, val_acc: 95.7200, sparsity: 68.1798
Epoch: 14, train_acc: 97.5489, val_acc: 95.6400, sparsity: 68.1798
Epoch: 15, train_acc: 97.5911, val_acc: 95.8600, sparsity: 68.1798
Epoch: 16, train_acc: 97.5289, val_acc: 96.1400, sparsity: 68.1798
Epoch: 17, train_acc: 97.5667, val_acc: 95.9400, sparsity: 68.1798
Epoch: 18, train_acc: 97.6978, val_acc: 95.7200, sparsity: 68.1798
Epoch: 19, train_acc: 97.6156, val_acc: 95.7600, sparsity: 68.1798
1 trials: score: 0.1341, train_acc:97.6156, val_acc:95.7600, test_acc:90.7400, sparsity:68.1798
resume mode: ./pertrain base line/2018.11.12-210049/best.pth.tar
0.13406050282793736
Epoch: 0, train_acc: 93.5733, val_acc: 94.6200, sparsity: 70.2498
Epoch: 1, train_acc: 91.1289, val_acc: 92.0600, sparsity: 70.2498
Epoch: 2, train_acc: 92.0689, val_acc: 92.1800, sparsity: 70.2498
Epoch: 3, train_acc: 92.7200, val_acc: 91.9600, sparsity: 70.2498
Epoch: 4, train_acc: 92.8711, val_acc: 91.7800, sparsity: 70.2498
Epoch: 5, train_acc: 93.2067, val_acc: 91.6200, sparsity: 70.2498
Epoch: 6, train_acc: 96.1733, val_acc: 95.2400, sparsity: 70.2498
Epoch: 7, train_acc: 96.6689, val_acc: 95.6000, sparsity: 70.2498
Epoch: 8, train_acc: 96.9600, val_acc: 95.1400, sparsity: 70.2498
Epoch: 9, train_acc: 96.9356, val_acc: 95.7200, sparsity: 70.2498
Epoch: 10, train_acc: 97.1600, val_acc: 95.3400, sparsity: 70.2498
Epoch: 11, train_acc: 97.3067, val_acc: 95.8400, sparsity: 70.2498
Epoch: 12, train_acc: 97.4022, val_acc: 95.7400, sparsity: 70.2498
Epoch: 13, train_acc: 97.6000, val_acc: 95.7200, sparsity: 70.2498
Epoch: 14, train_acc: 97.5267, val_acc: 95.9200, sparsity: 70.2498
Epoch: 15, train_acc: 97.6022, val_acc: 95.8200, sparsity: 70.2498
Epoch: 16, train_acc: 97.6133, val_acc: 95.4000, sparsity: 70.2498
Epoch: 17, train_acc: 97.6867, val_acc: 95.4000, sparsity: 70.2498
Epoch: 18, train_acc: 97.7911, val_acc: 95.6800, sparsity: 70.2498
Epoch: 19, train_acc: 97.7556, val_acc: 95.8200, sparsity: 70.2498
2 trials: score: 0.1301, train_acc:97.7556, val_acc:95.8200, test_acc:91.1500, sparsity:70.2498
resume mode: ./pertrain base line/2018.11.12-210049/best.pth.tar
0.1300505496157387
Epoch: 0, train_acc: 93.4378, val_acc: 94.2600, sparsity: 69.6132
Epoch: 1, train_acc: 90.7111, val_acc: 92.2400, sparsity: 69.6132
Epoch: 2, train_acc: 92.1111, val_acc: 91.1400, sparsity: 69.6132
Epoch: 3, train_acc: 92.4667, val_acc: 91.7600, sparsity: 69.6132
Epoch: 4, train_acc: 92.3956, val_acc: 92.1800, sparsity: 69.6132
Epoch: 5, train_acc: 93.1222, val_acc: 92.7200, sparsity: 69.6132
Epoch: 6, train_acc: 96.2733, val_acc: 95.3400, sparsity: 69.6132
Epoch: 7, train_acc: 96.7422, val_acc: 94.6600, sparsity: 69.6132
Epoch: 8, train_acc: 96.8067, val_acc: 95.4200, sparsity: 69.6132
Epoch: 9, train_acc: 96.8956, val_acc: 95.3200, sparsity: 69.6132
Epoch: 10, train_acc: 97.0933, val_acc: 95.8600, sparsity: 69.6132
Epoch: 11, train_acc: 97.2156, val_acc: 95.2400, sparsity: 69.6132
Epoch: 12, train_acc: 97.4578, val_acc: 95.6600, sparsity: 69.6132
Epoch: 13, train_acc: 97.5600, val_acc: 95.8200, sparsity: 69.6132
Epoch: 14, train_acc: 97.5978, val_acc: 95.4800, sparsity: 69.6132
Epoch: 15, train_acc: 97.5622, val_acc: 95.7400, sparsity: 69.6132
Epoch: 16, train_acc: 97.4978, val_acc: 95.5000, sparsity: 69.6132
Epoch: 17, train_acc: 97.5733, val_acc: 95.7800, sparsity: 69.6132
Epoch: 18, train_acc: 97.6511, val_acc: 95.2600, sparsity: 69.6132
Epoch: 19, train_acc: 97.6667, val_acc: 95.7400, sparsity: 69.6132
3 trials: score: 0.1326, train_acc:97.6667, val_acc:95.7400, test_acc:90.7400, sparsity:69.6132
resume mode: ./pertrain base line/2018.11.12-210049/best.pth.tar
0.1300505496157387
Epoch: 0, train_acc: 93.9622, val_acc: 93.8800, sparsity: 69.5233
Epoch: 1, train_acc: 90.9356, val_acc: 90.9400, sparsity: 69.5233
Epoch: 2, train_acc: 92.1978, val_acc: 93.2400, sparsity: 69.5233
Epoch: 3, train_acc: 92.8133, val_acc: 90.4200, sparsity: 69.5233
Epoch: 4, train_acc: 92.8933, val_acc: 89.3400, sparsity: 69.5233
Epoch: 5, train_acc: 93.2289, val_acc: 92.2400, sparsity: 69.5233
Epoch: 6, train_acc: 96.1511, val_acc: 95.1600, sparsity: 69.5233
Epoch: 7, train_acc: 96.8333, val_acc: 95.2200, sparsity: 69.5233
Epoch: 8, train_acc: 96.8889, val_acc: 95.4800, sparsity: 69.5233
Epoch: 9, train_acc: 97.1556, val_acc: 95.4600, sparsity: 69.5233
Epoch: 10, train_acc: 97.2644, val_acc: 95.5600, sparsity: 69.5233
Epoch: 11, train_acc: 97.4133, val_acc: 95.5000, sparsity: 69.5233
Epoch: 12, train_acc: 97.6867, val_acc: 95.8400, sparsity: 69.5233
Epoch: 13, train_acc: 97.6089, val_acc: 95.8200, sparsity: 69.5233
Epoch: 14, train_acc: 97.8133, val_acc: 95.7800, sparsity: 69.5233
Epoch: 15, train_acc: 97.6356, val_acc: 96.1000, sparsity: 69.5233
Epoch: 16, train_acc: 97.7333, val_acc: 95.6800, sparsity: 69.5233
Epoch: 17, train_acc: 97.8156, val_acc: 95.7800, sparsity: 69.5233
Epoch: 18, train_acc: 97.7333, val_acc: 95.4400, sparsity: 69.5233
Epoch: 19, train_acc: 97.7600, val_acc: 95.7000, sparsity: 69.5233
4 trials: score: 0.1304, train_acc:97.7600, val_acc:95.7000, test_acc:91.2000, sparsity:69.5233
resume mode: ./pertrain base line/2018.11.12-210049/best.pth.tar
0.1300505496157387
Epoch: 0, train_acc: 92.6844, val_acc: 94.3000, sparsity: 71.0469
Epoch: 1, train_acc: 89.9333, val_acc: 91.9600, sparsity: 71.0469
Epoch: 2, train_acc: 91.7422, val_acc: 92.1000, sparsity: 71.0469
Epoch: 3, train_acc: 92.2667, val_acc: 92.0000, sparsity: 71.0469
Epoch: 4, train_acc: 92.5511, val_acc: 91.8000, sparsity: 71.0469
Epoch: 5, train_acc: 92.5067, val_acc: 92.4400, sparsity: 71.0469
Epoch: 6, train_acc: 95.7556, val_acc: 94.6000, sparsity: 71.0469
Epoch: 7, train_acc: 96.2022, val_acc: 94.5400, sparsity: 71.0469
Epoch: 8, train_acc: 96.4067, val_acc: 94.7000, sparsity: 71.0469
Epoch: 9, train_acc: 96.6689, val_acc: 95.3600, sparsity: 71.0469
Epoch: 10, train_acc: 96.6111, val_acc: 95.4600, sparsity: 71.0469
Epoch: 11, train_acc: 96.9556, val_acc: 95.0800, sparsity: 71.0469
Epoch: 12, train_acc: 97.1889, val_acc: 95.1600, sparsity: 71.0469
Epoch: 13, train_acc: 97.1711, val_acc: 95.7000, sparsity: 71.0469
Epoch: 14, train_acc: 97.2511, val_acc: 95.8400, sparsity: 71.0469
Epoch: 15, train_acc: 97.2511, val_acc: 95.6200, sparsity: 71.0469
Epoch: 16, train_acc: 97.2156, val_acc: 95.4000, sparsity: 71.0469
Epoch: 17, train_acc: 97.2622, val_acc: 95.2400, sparsity: 71.0469
Epoch: 18, train_acc: 97.2822, val_acc: 95.2200, sparsity: 71.0469
Epoch: 19, train_acc: 97.3822, val_acc: 95.3200, sparsity: 71.0469
5 trials: score: 0.1285, train_acc:97.3822, val_acc:95.3200, test_acc:90.7800, sparsity:71.0469
resume mode: ./pertrain base line/2018.11.12-210049/best.pth.tar
0.12845936883443876
Epoch: 0, train_acc: 93.4444, val_acc: 94.4800, sparsity: 69.0773
Epoch: 1, train_acc: 90.8333, val_acc: 92.6200, sparsity: 69.0773
Epoch: 2, train_acc: 92.0200, val_acc: 90.0400, sparsity: 69.0773
Epoch: 3, train_acc: 92.0000, val_acc: 91.1400, sparsity: 69.0773
Epoch: 4, train_acc: 92.6756, val_acc: 92.7000, sparsity: 69.0773
Epoch: 5, train_acc: 93.0267, val_acc: 91.8200, sparsity: 69.0773
Epoch: 6, train_acc: 96.0267, val_acc: 94.7800, sparsity: 69.0773
Epoch: 7, train_acc: 96.5422, val_acc: 95.0800, sparsity: 69.0773
Epoch: 8, train_acc: 96.7711, val_acc: 95.2200, sparsity: 69.0773
Epoch: 9, train_acc: 96.9778, val_acc: 94.8600, sparsity: 69.0773
Epoch: 10, train_acc: 97.0911, val_acc: 94.9600, sparsity: 69.0773
Epoch: 11, train_acc: 97.0889, val_acc: 95.1000, sparsity: 69.0773
Epoch: 12, train_acc: 97.4556, val_acc: 95.7600, sparsity: 69.0773
Epoch: 13, train_acc: 97.4222, val_acc: 95.4200, sparsity: 69.0773
Epoch: 14, train_acc: 97.5511, val_acc: 95.5000, sparsity: 69.0773
Epoch: 15, train_acc: 97.5378, val_acc: 95.5800, sparsity: 69.0773
Epoch: 16, train_acc: 97.4578, val_acc: 95.5600, sparsity: 69.0773
Epoch: 17, train_acc: 97.4756, val_acc: 95.5400, sparsity: 69.0773
Epoch: 18, train_acc: 97.5933, val_acc: 95.4400, sparsity: 69.0773
Epoch: 19, train_acc: 97.5956, val_acc: 95.7200, sparsity: 69.0773
6 trials: score: 0.1352, train_acc:97.5956, val_acc:95.7200, test_acc:90.6400, sparsity:69.0773
resume mode: ./pertrain base line/2018.11.12-210049/best.pth.tar
0.12845936883443876
Epoch: 0, train_acc: 94.1178, val_acc: 95.0000, sparsity: 66.8788
7 trials: score: 0.1494, train_acc:94.1178, val_acc:95.0000, test_acc:89.0900, sparsity:66.8788
resume mode: ./pertrain base line/2018.11.12-210049/best.pth.tar
0.12845936883443876
Epoch: 0, train_acc: 93.7711, val_acc: 93.7600, sparsity: 71.2922
Epoch: 1, train_acc: 91.2133, val_acc: 89.9000, sparsity: 71.2922
Epoch: 2, train_acc: 92.1644, val_acc: 90.0000, sparsity: 71.2922
Epoch: 3, train_acc: 92.3778, val_acc: 92.6400, sparsity: 71.2922
Epoch: 4, train_acc: 92.8311, val_acc: 92.1200, sparsity: 71.2922
Epoch: 5, train_acc: 93.1222, val_acc: 89.8400, sparsity: 71.2922
Epoch: 6, train_acc: 96.1533, val_acc: 95.1000, sparsity: 71.2922
Epoch: 7, train_acc: 96.7178, val_acc: 95.3200, sparsity: 71.2922
Epoch: 8, train_acc: 96.9556, val_acc: 95.4200, sparsity: 71.2922
Epoch: 9, train_acc: 97.0178, val_acc: 95.5800, sparsity: 71.2922
Epoch: 10, train_acc: 97.1667, val_acc: 95.6000, sparsity: 71.2922
Epoch: 11, train_acc: 97.2778, val_acc: 95.7200, sparsity: 71.2922
Epoch: 12, train_acc: 97.6000, val_acc: 95.5800, sparsity: 71.2922
Epoch: 13, train_acc: 97.7644, val_acc: 95.8800, sparsity: 71.2922
Epoch: 14, train_acc: 97.6889, val_acc: 95.7200, sparsity: 71.2922
Epoch: 15, train_acc: 97.6378, val_acc: 95.9400, sparsity: 71.2922
Epoch: 16, train_acc: 97.7067, val_acc: 95.7800, sparsity: 71.2922
Epoch: 17, train_acc: 97.7089, val_acc: 95.4800, sparsity: 71.2922
Epoch: 18, train_acc: 97.5933, val_acc: 95.6600, sparsity: 71.2922
Epoch: 19, train_acc: 97.7778, val_acc: 95.7000, sparsity: 71.2922
8 trials: score: 0.1267, train_acc:97.7778, val_acc:95.7000, test_acc:91.0600, sparsity:71.2922
resume mode: ./pertrain base line/2018.11.12-210049/best.pth.tar
0.12672337698942104
Epoch: 0, train_acc: 92.7533, val_acc: 94.5800, sparsity: 71.0287
Epoch: 1, train_acc: 90.3067, val_acc: 91.3200, sparsity: 71.0287
Epoch: 2, train_acc: 91.5467, val_acc: 91.2000, sparsity: 71.0287
Epoch: 3, train_acc: 92.1844, val_acc: 91.4200, sparsity: 71.0287
Epoch: 4, train_acc: 92.5244, val_acc: 92.2400, sparsity: 71.0287
Epoch: 5, train_acc: 92.5578, val_acc: 92.0000, sparsity: 71.0287
Epoch: 6, train_acc: 95.7933, val_acc: 94.6000, sparsity: 71.0287
Epoch: 7, train_acc: 96.3022, val_acc: 94.9800, sparsity: 71.0287
Epoch: 8, train_acc: 96.6689, val_acc: 95.3400, sparsity: 71.0287
Epoch: 9, train_acc: 96.7378, val_acc: 95.0800, sparsity: 71.0287
Epoch: 10, train_acc: 96.8200, val_acc: 95.3000, sparsity: 71.0287
Epoch: 11, train_acc: 96.9111, val_acc: 95.0400, sparsity: 71.0287
Epoch: 12, train_acc: 97.2311, val_acc: 95.5800, sparsity: 71.0287
Epoch: 13, train_acc: 97.3000, val_acc: 95.2200, sparsity: 71.0287
Epoch: 14, train_acc: 97.3333, val_acc: 95.3800, sparsity: 71.0287
Epoch: 15, train_acc: 97.2844, val_acc: 95.4800, sparsity: 71.0287
Epoch: 16, train_acc: 97.2622, val_acc: 95.6200, sparsity: 71.0287
Epoch: 17, train_acc: 97.2756, val_acc: 95.3400, sparsity: 71.0287
Epoch: 18, train_acc: 97.3511, val_acc: 95.2200, sparsity: 71.0287
Epoch: 19, train_acc: 97.4067, val_acc: 95.6400, sparsity: 71.0287
9 trials: score: 0.1305, train_acc:97.4067, val_acc:95.6400, test_acc:90.9800, sparsity:71.0287
resume mode: ./pertrain base line/2018.11.12-210049/best.pth.tar
0.12672337698942104
Epoch: 0, train_acc: 93.5489, val_acc: 94.6000, sparsity: 69.4719
Epoch: 1, train_acc: 91.0756, val_acc: 90.8000, sparsity: 69.4719
Epoch: 2, train_acc: 92.1311, val_acc: 90.9800, sparsity: 69.4719
Epoch: 3, train_acc: 92.5156, val_acc: 90.0400, sparsity: 69.4719
Epoch: 4, train_acc: 93.2867, val_acc: 91.5600, sparsity: 69.4719
Epoch: 5, train_acc: 92.8422, val_acc: 93.0200, sparsity: 69.4719
Epoch: 6, train_acc: 96.0844, val_acc: 95.1800, sparsity: 69.4719
Epoch: 7, train_acc: 96.7822, val_acc: 95.2400, sparsity: 69.4719
Epoch: 8, train_acc: 96.8156, val_acc: 95.2200, sparsity: 69.4719
Epoch: 9, train_acc: 96.9800, val_acc: 95.7000, sparsity: 69.4719
Epoch: 10, train_acc: 97.2111, val_acc: 95.9600, sparsity: 69.4719
Epoch: 11, train_acc: 97.1956, val_acc: 95.5600, sparsity: 69.4719
Epoch: 12, train_acc: 97.5178, val_acc: 95.6600, sparsity: 69.4719
Epoch: 13, train_acc: 97.6044, val_acc: 96.0000, sparsity: 69.4719
Epoch: 14, train_acc: 97.5889, val_acc: 95.7400, sparsity: 69.4719
Epoch: 15, train_acc: 97.6733, val_acc: 95.3200, sparsity: 69.4719
Epoch: 16, train_acc: 97.6622, val_acc: 95.5600, sparsity: 69.4719
Epoch: 17, train_acc: 97.6267, val_acc: 96.0800, sparsity: 69.4719
Epoch: 18, train_acc: 97.7467, val_acc: 96.1800, sparsity: 69.4719
Epoch: 19, train_acc: 97.6311, val_acc: 95.8000, sparsity: 69.4719
10 trials: score: 0.1298, train_acc:97.6311, val_acc:95.8000, test_acc:91.0500, sparsity:69.4719
resume mode: ./pertrain base line/2018.11.12-210049/best.pth.tar
0.12672337698942104
Epoch: 0, train_acc: 93.6156, val_acc: 95.1600, sparsity: 69.8307
Epoch: 1, train_acc: 90.5422, val_acc: 91.9400, sparsity: 69.8307
Epoch: 2, train_acc: 92.0311, val_acc: 92.5200, sparsity: 69.8307
Epoch: 3, train_acc: 92.1889, val_acc: 92.7200, sparsity: 69.8307
Epoch: 4, train_acc: 93.1378, val_acc: 92.5000, sparsity: 69.8307
Epoch: 5, train_acc: 92.9133, val_acc: 92.3000, sparsity: 69.8307
Epoch: 6, train_acc: 96.0933, val_acc: 95.1400, sparsity: 69.8307
Epoch: 7, train_acc: 96.6600, val_acc: 95.0400, sparsity: 69.8307
Epoch: 8, train_acc: 96.7800, val_acc: 95.3800, sparsity: 69.8307
Epoch: 9, train_acc: 97.0200, val_acc: 95.5600, sparsity: 69.8307
Epoch: 10, train_acc: 97.1800, val_acc: 95.4200, sparsity: 69.8307
Epoch: 11, train_acc: 97.3200, val_acc: 95.7000, sparsity: 69.8307
Epoch: 12, train_acc: 97.5422, val_acc: 95.6400, sparsity: 69.8307
Epoch: 13, train_acc: 97.6111, val_acc: 96.0200, sparsity: 69.8307
Epoch: 14, train_acc: 97.5689, val_acc: 95.7000, sparsity: 69.8307
Epoch: 15, train_acc: 97.6489, val_acc: 95.5400, sparsity: 69.8307
Epoch: 16, train_acc: 97.6222, val_acc: 95.5800, sparsity: 69.8307
Epoch: 17, train_acc: 97.5956, val_acc: 95.5200, sparsity: 69.8307
Epoch: 18, train_acc: 97.5889, val_acc: 95.7200, sparsity: 69.8307
Epoch: 19, train_acc: 97.5444, val_acc: 96.0600, sparsity: 69.8307
11 trials: score: 0.1299, train_acc:97.5444, val_acc:96.0600, test_acc:91.0200, sparsity:69.8307
resume mode: ./pertrain base line/2018.11.12-210049/best.pth.tar
0.12672337698942104
Epoch: 0, train_acc: 94.1333, val_acc: 94.9800, sparsity: 68.7279
Epoch: 1, train_acc: 90.9067, val_acc: 91.3600, sparsity: 68.7279
Epoch: 2, train_acc: 92.1356, val_acc: 90.4600, sparsity: 68.7279
Epoch: 3, train_acc: 92.8356, val_acc: 89.7200, sparsity: 68.7279
Epoch: 4, train_acc: 93.0222, val_acc: 91.3200, sparsity: 68.7279
Epoch: 5, train_acc: 93.2067, val_acc: 92.9400, sparsity: 68.7279
Epoch: 6, train_acc: 96.3244, val_acc: 95.1400, sparsity: 68.7279
Epoch: 7, train_acc: 96.8111, val_acc: 95.4600, sparsity: 68.7279
Epoch: 8, train_acc: 97.1178, val_acc: 96.0800, sparsity: 68.7279
Epoch: 9, train_acc: 97.2444, val_acc: 95.6400, sparsity: 68.7279
Epoch: 10, train_acc: 97.2667, val_acc: 95.5200, sparsity: 68.7279
Epoch: 11, train_acc: 97.3867, val_acc: 95.7000, sparsity: 68.7279
Epoch: 12, train_acc: 97.4867, val_acc: 95.9600, sparsity: 68.7279
Epoch: 13, train_acc: 97.6578, val_acc: 95.6200, sparsity: 68.7279
Epoch: 14, train_acc: 97.7022, val_acc: 95.9400, sparsity: 68.7279
Epoch: 15, train_acc: 97.7067, val_acc: 95.6800, sparsity: 68.7279
Epoch: 16, train_acc: 97.6978, val_acc: 95.7200, sparsity: 68.7279
Epoch: 17, train_acc: 97.8111, val_acc: 95.9200, sparsity: 68.7279
Epoch: 18, train_acc: 97.7333, val_acc: 95.9800, sparsity: 68.7279
Epoch: 19, train_acc: 97.7733, val_acc: 95.8600, sparsity: 68.7279
12 trials: score: 0.1330, train_acc:97.7733, val_acc:95.8600, test_acc:90.8700, sparsity:68.7279
resume mode: ./pertrain base line/2018.11.12-210049/best.pth.tar
0.12672337698942104
Epoch: 0, train_acc: 92.7911, val_acc: 94.1600, sparsity: 70.7307
Epoch: 1, train_acc: 89.9711, val_acc: 90.9000, sparsity: 70.7307
Epoch: 2, train_acc: 91.7267, val_acc: 92.0600, sparsity: 70.7307
Epoch: 3, train_acc: 92.0667, val_acc: 89.0600, sparsity: 70.7307
Epoch: 4, train_acc: 92.0644, val_acc: 90.1800, sparsity: 70.7307
Epoch: 5, train_acc: 92.6289, val_acc: 92.6600, sparsity: 70.7307
Epoch: 6, train_acc: 95.8133, val_acc: 94.9200, sparsity: 70.7307
Epoch: 7, train_acc: 96.4422, val_acc: 95.1800, sparsity: 70.7307
Epoch: 8, train_acc: 96.5644, val_acc: 95.0800, sparsity: 70.7307
Epoch: 9, train_acc: 96.7089, val_acc: 95.6200, sparsity: 70.7307
Epoch: 10, train_acc: 96.8644, val_acc: 95.2400, sparsity: 70.7307
Epoch: 11, train_acc: 96.9289, val_acc: 95.1600, sparsity: 70.7307
Epoch: 12, train_acc: 97.1156, val_acc: 95.2800, sparsity: 70.7307
Epoch: 13, train_acc: 97.2889, val_acc: 95.5400, sparsity: 70.7307
Epoch: 14, train_acc: 97.2600, val_acc: 95.6400, sparsity: 70.7307
Epoch: 15, train_acc: 97.3711, val_acc: 95.5000, sparsity: 70.7307
Epoch: 16, train_acc: 97.2822, val_acc: 95.7200, sparsity: 70.7307
Epoch: 17, train_acc: 97.2911, val_acc: 95.4400, sparsity: 70.7307
Epoch: 18, train_acc: 97.4022, val_acc: 95.7600, sparsity: 70.7307
Epoch: 19, train_acc: 97.3244, val_acc: 95.4000, sparsity: 70.7307
13 trials: score: 0.1302, train_acc:97.3244, val_acc:95.4000, test_acc:90.7700, sparsity:70.7307
resume mode: ./pertrain base line/2018.11.12-210049/best.pth.tar
0.12672337698942104
Epoch: 0, train_acc: 93.4378, val_acc: 94.3000, sparsity: 68.7455
Epoch: 1, train_acc: 90.4044, val_acc: 91.5800, sparsity: 68.7455
Epoch: 2, train_acc: 92.1733, val_acc: 91.9800, sparsity: 68.7455
Epoch: 3, train_acc: 92.5489, val_acc: 90.5000, sparsity: 68.7455
Epoch: 4, train_acc: 92.7644, val_acc: 93.0800, sparsity: 68.7455
Epoch: 5, train_acc: 92.9689, val_acc: 92.2800, sparsity: 68.7455
Epoch: 6, train_acc: 96.0533, val_acc: 95.0600, sparsity: 68.7455
Epoch: 7, train_acc: 96.6244, val_acc: 94.9600, sparsity: 68.7455
Epoch: 8, train_acc: 96.7978, val_acc: 95.4400, sparsity: 68.7455
Epoch: 9, train_acc: 96.9600, val_acc: 96.1800, sparsity: 68.7455
Epoch: 10, train_acc: 96.9956, val_acc: 95.5600, sparsity: 68.7455
Epoch: 11, train_acc: 97.1800, val_acc: 95.8000, sparsity: 68.7455
Epoch: 12, train_acc: 97.3978, val_acc: 95.5000, sparsity: 68.7455
Epoch: 13, train_acc: 97.3889, val_acc: 95.6400, sparsity: 68.7455
Epoch: 14, train_acc: 97.4733, val_acc: 95.5000, sparsity: 68.7455
Epoch: 15, train_acc: 97.5378, val_acc: 95.5000, sparsity: 68.7455
Epoch: 16, train_acc: 97.4733, val_acc: 95.7400, sparsity: 68.7455
Epoch: 17, train_acc: 97.5822, val_acc: 95.7200, sparsity: 68.7455
Epoch: 18, train_acc: 97.4444, val_acc: 95.8200, sparsity: 68.7455
Epoch: 19, train_acc: 97.5644, val_acc: 95.8400, sparsity: 68.7455
14 trials: score: 0.1320, train_acc:97.5644, val_acc:95.8400, test_acc:91.0100, sparsity:68.7455
resume mode: ./pertrain base line/2018.11.12-210049/best.pth.tar
0.12672337698942104
Epoch: 0, train_acc: 93.5200, val_acc: 93.8200, sparsity: 69.4272
Epoch: 1, train_acc: 91.2133, val_acc: 90.4200, sparsity: 69.4272
Epoch: 2, train_acc: 92.3156, val_acc: 91.9000, sparsity: 69.4272
Epoch: 3, train_acc: 92.2000, val_acc: 92.6600, sparsity: 69.4272
Epoch: 4, train_acc: 93.0156, val_acc: 92.5200, sparsity: 69.4272
Epoch: 5, train_acc: 93.1556, val_acc: 88.9600, sparsity: 69.4272
Epoch: 6, train_acc: 95.9089, val_acc: 95.3800, sparsity: 69.4272
Epoch: 7, train_acc: 96.7400, val_acc: 95.2000, sparsity: 69.4272
Epoch: 8, train_acc: 96.8800, val_acc: 95.5600, sparsity: 69.4272
Epoch: 9, train_acc: 97.1556, val_acc: 95.5600, sparsity: 69.4272
Epoch: 10, train_acc: 97.1378, val_acc: 95.1600, sparsity: 69.4272
Epoch: 11, train_acc: 97.2222, val_acc: 95.3200, sparsity: 69.4272
Epoch: 12, train_acc: 97.5556, val_acc: 96.1200, sparsity: 69.4272
Epoch: 13, train_acc: 97.6311, val_acc: 96.0000, sparsity: 69.4272
Epoch: 14, train_acc: 97.6578, val_acc: 95.7200, sparsity: 69.4272
Epoch: 15, train_acc: 97.6822, val_acc: 96.1000, sparsity: 69.4272
Epoch: 16, train_acc: 97.6711, val_acc: 95.8200, sparsity: 69.4272
Epoch: 17, train_acc: 97.6644, val_acc: 95.8000, sparsity: 69.4272
Epoch: 18, train_acc: 97.5978, val_acc: 96.1000, sparsity: 69.4272
Epoch: 19, train_acc: 97.6089, val_acc: 95.6400, sparsity: 69.4272
15 trials: score: 0.1305, train_acc:97.6089, val_acc:95.6400, test_acc:91.1800, sparsity:69.4272
resume mode: ./pertrain base line/2018.11.12-210049/best.pth.tar
0.12672337698942104
Epoch: 0, train_acc: 93.3844, val_acc: 93.7400, sparsity: 73.0056
16 trials: score: 0.1436, train_acc:93.3844, val_acc:93.7400, test_acc:89.2200, sparsity:73.0056
resume mode: ./pertrain base line/2018.11.12-210049/best.pth.tar
0.12672337698942104
Epoch: 0, train_acc: 93.3000, val_acc: 94.4800, sparsity: 72.3522
Epoch: 1, train_acc: 90.5200, val_acc: 92.1600, sparsity: 72.3522
Epoch: 2, train_acc: 92.2067, val_acc: 91.0400, sparsity: 72.3522
Epoch: 3, train_acc: 92.3378, val_acc: 91.3200, sparsity: 72.3522
Epoch: 4, train_acc: 92.5244, val_acc: 90.8600, sparsity: 72.3522
Epoch: 5, train_acc: 92.7400, val_acc: 93.1000, sparsity: 72.3522
Epoch: 6, train_acc: 96.0533, val_acc: 94.6800, sparsity: 72.3522
Epoch: 7, train_acc: 96.4822, val_acc: 95.0400, sparsity: 72.3522
Epoch: 8, train_acc: 96.7333, val_acc: 94.9000, sparsity: 72.3522
Epoch: 9, train_acc: 96.8089, val_acc: 95.2400, sparsity: 72.3522
Epoch: 10, train_acc: 96.9533, val_acc: 95.1400, sparsity: 72.3522
Epoch: 11, train_acc: 97.0022, val_acc: 95.1800, sparsity: 72.3522
Epoch: 12, train_acc: 97.2822, val_acc: 95.6200, sparsity: 72.3522
Epoch: 13, train_acc: 97.3111, val_acc: 95.5800, sparsity: 72.3522
Epoch: 14, train_acc: 97.4733, val_acc: 95.3000, sparsity: 72.3522
Epoch: 15, train_acc: 97.4800, val_acc: 95.5200, sparsity: 72.3522
Epoch: 16, train_acc: 97.4067, val_acc: 95.7200, sparsity: 72.3522
Epoch: 17, train_acc: 97.5156, val_acc: 95.6000, sparsity: 72.3522
Epoch: 18, train_acc: 97.4822, val_acc: 95.4400, sparsity: 72.3522
Epoch: 19, train_acc: 97.4622, val_acc: 95.6600, sparsity: 72.3522
17 trials: score: 0.1257, train_acc:97.4622, val_acc:95.6600, test_acc:90.9600, sparsity:72.3522
resume mode: ./pertrain base line/2018.11.12-210049/best.pth.tar
0.12574335669591694
Epoch: 0, train_acc: 93.1600, val_acc: 93.8200, sparsity: 69.1600
Epoch: 1, train_acc: 90.4156, val_acc: 91.6600, sparsity: 69.1600
Epoch: 2, train_acc: 91.8578, val_acc: 90.2400, sparsity: 69.1600
Epoch: 3, train_acc: 92.4022, val_acc: 92.6200, sparsity: 69.1600
Epoch: 4, train_acc: 92.6978, val_acc: 92.8400, sparsity: 69.1600
Epoch: 5, train_acc: 92.8711, val_acc: 92.3200, sparsity: 69.1600
Epoch: 6, train_acc: 95.8422, val_acc: 94.7400, sparsity: 69.1600
Epoch: 7, train_acc: 96.5511, val_acc: 95.1000, sparsity: 69.1600
Epoch: 8, train_acc: 96.6822, val_acc: 95.3600, sparsity: 69.1600
Epoch: 9, train_acc: 96.9000, val_acc: 94.9600, sparsity: 69.1600
Epoch: 10, train_acc: 97.1178, val_acc: 94.8400, sparsity: 69.1600
Epoch: 11, train_acc: 97.0444, val_acc: 94.8200, sparsity: 69.1600
Epoch: 12, train_acc: 97.3978, val_acc: 95.2600, sparsity: 69.1600
Epoch: 13, train_acc: 97.4800, val_acc: 95.3800, sparsity: 69.1600
Epoch: 14, train_acc: 97.4200, val_acc: 95.5000, sparsity: 69.1600
Epoch: 15, train_acc: 97.4422, val_acc: 95.5800, sparsity: 69.1600
Epoch: 16, train_acc: 97.3733, val_acc: 95.3800, sparsity: 69.1600
Epoch: 17, train_acc: 97.4222, val_acc: 95.3000, sparsity: 69.1600
Epoch: 18, train_acc: 97.4244, val_acc: 95.8200, sparsity: 69.1600
Epoch: 19, train_acc: 97.5467, val_acc: 95.4200, sparsity: 69.1600
18 trials: score: 0.1343, train_acc:97.5467, val_acc:95.4200, test_acc:90.9100, sparsity:69.1600
resume mode: ./pertrain base line/2018.11.12-210049/best.pth.tar
0.12574335669591694
Epoch: 0, train_acc: 93.4578, val_acc: 94.8600, sparsity: 70.8529
Epoch: 1, train_acc: 90.8667, val_acc: 87.3800, sparsity: 70.8529
Epoch: 2, train_acc: 92.0244, val_acc: 92.0600, sparsity: 70.8529
Epoch: 3, train_acc: 92.4200, val_acc: 92.5800, sparsity: 70.8529
Epoch: 4, train_acc: 93.1400, val_acc: 91.8800, sparsity: 70.8529
Epoch: 5, train_acc: 93.2467, val_acc: 91.6400, sparsity: 70.8529
Epoch: 6, train_acc: 96.0867, val_acc: 94.7800, sparsity: 70.8529
Epoch: 7, train_acc: 96.5489, val_acc: 95.3000, sparsity: 70.8529
Epoch: 8, train_acc: 96.7289, val_acc: 95.1200, sparsity: 70.8529
Epoch: 9, train_acc: 96.9578, val_acc: 95.8000, sparsity: 70.8529
Epoch: 10, train_acc: 97.0933, val_acc: 95.6000, sparsity: 70.8529
Epoch: 11, train_acc: 97.1578, val_acc: 95.6000, sparsity: 70.8529
Epoch: 12, train_acc: 97.4467, val_acc: 95.9200, sparsity: 70.8529
Epoch: 13, train_acc: 97.4400, val_acc: 95.9000, sparsity: 70.8529
Epoch: 14, train_acc: 97.4889, val_acc: 96.0600, sparsity: 70.8529
Epoch: 15, train_acc: 97.5156, val_acc: 95.8600, sparsity: 70.8529
Epoch: 16, train_acc: 97.4889, val_acc: 95.5000, sparsity: 70.8529
Epoch: 17, train_acc: 97.6289, val_acc: 95.7600, sparsity: 70.8529
Epoch: 18, train_acc: 97.6244, val_acc: 95.9200, sparsity: 70.8529
Epoch: 19, train_acc: 97.6222, val_acc: 95.2800, sparsity: 70.8529
19 trials: score: 0.1268, train_acc:97.6222, val_acc:95.2800, test_acc:91.1200, sparsity:70.8529
resume mode: ./pertrain base line/2018.11.12-210049/best.pth.tar
0.12574335669591694
Epoch: 0, train_acc: 93.7267, val_acc: 94.7400, sparsity: 69.4609
Epoch: 1, train_acc: 91.1578, val_acc: 88.9400, sparsity: 69.4609
Epoch: 2, train_acc: 92.3267, val_acc: 92.7600, sparsity: 69.4609
Epoch: 3, train_acc: 92.4089, val_acc: 92.2200, sparsity: 69.4609
Epoch: 4, train_acc: 92.8422, val_acc: 93.2200, sparsity: 69.4609
Epoch: 5, train_acc: 93.2689, val_acc: 91.7200, sparsity: 69.4609
Epoch: 6, train_acc: 96.0133, val_acc: 95.1000, sparsity: 69.4609
Epoch: 7, train_acc: 96.7156, val_acc: 95.3200, sparsity: 69.4609
Epoch: 8, train_acc: 96.9822, val_acc: 95.4600, sparsity: 69.4609
Epoch: 9, train_acc: 97.1822, val_acc: 94.9400, sparsity: 69.4609
Epoch: 10, train_acc: 97.0844, val_acc: 95.6200, sparsity: 69.4609
Epoch: 11, train_acc: 97.2356, val_acc: 95.5600, sparsity: 69.4609
Epoch: 12, train_acc: 97.5578, val_acc: 95.5600, sparsity: 69.4609
Epoch: 13, train_acc: 97.5400, val_acc: 95.4200, sparsity: 69.4609
Epoch: 14, train_acc: 97.5822, val_acc: 95.7400, sparsity: 69.4609
Epoch: 15, train_acc: 97.5711, val_acc: 95.8000, sparsity: 69.4609
Epoch: 16, train_acc: 97.5889, val_acc: 95.5600, sparsity: 69.4609
Epoch: 17, train_acc: 97.6000, val_acc: 95.5000, sparsity: 69.4609
Epoch: 18, train_acc: 97.6133, val_acc: 95.6600, sparsity: 69.4609
Epoch: 19, train_acc: 97.7489, val_acc: 95.7400, sparsity: 69.4609
20 trials: score: 0.1336, train_acc:97.7489, val_acc:95.7400, test_acc:90.9500, sparsity:69.4609
{'module.layer3.7.conv1.weight': 0.7074922851704044, 'module.layer2.3.conv1.weight': 0.8318072905937947, 'module.layer3.2.conv2.weight': 0.7260687321969206, 'module.layer2.3.conv2.weight': 0.6311883501632003, 'module.layer1.8.conv2.weight': 0.6554025439268942, 'module.layer1.1.conv1.weight': 0.5983233563333479, 'module.layer1.5.conv2.weight': 0.8221515341123152, 'module.layer3.3.conv2.weight': 0.8490600807802309, 'module.layer1.2.conv2.weight': 0.6805334130789963, 'module.layer1.6.conv1.weight': 0.8257657115783313, 'module.layer1.3.conv2.weight': 0.559255850679621, 'module.layer2.2.conv2.weight': 0.7479781707110733, 'module.layer1.7.conv1.weight': 0.744073644623443, 'module.layer2.5.conv2.weight': 0.5603372182682165, 'module.layer1.3.conv1.weight': 0.5758486075344453, 'module.layer2.6.conv1.weight': 0.8115576558343562, 'module.layer2.0.conv1.weight': 0.5779024578866949, 'module.layer1.5.conv1.weight': 0.6141187501806843, 'module.layer3.5.conv1.weight': 0.8378302594084994, 'module.layer3.6.conv1.weight': 0.5788894034532766, 'module.layer1.1.conv2.weight': 0.7887840800901033, 'module.layer3.3.conv1.weight': 0.8216927252425763, 'module.layer2.6.conv2.weight': 0.7297665254980403, 'module.layer1.7.conv2.weight': 0.8475072119490528, 'module.layer3.6.conv2.weight': 0.7303271337574249, 'module.layer3.5.conv2.weight': 0.7042905799001957, 'module.layer3.2.conv1.weight': 0.7638332809830208, 'module.layer2.4.conv2.weight': 0.6088539037324183, 'module.layer3.1.conv2.weight': 0.7308620076155853, 'module.layer2.8.conv1.weight': 0.587388981538749, 'module.layer2.0.conv2.weight': 0.5968082882266551, 'module.layer3.8.conv1.weight': 0.7853499237226638, 'module.layer3.4.conv1.weight': 0.7582353143165518, 'module.layer1.4.conv2.weight': 0.5933472497006427, 'module.layer2.7.conv2.weight': 0.5674099703878303, 'module.layer3.8.conv2.weight': 0.8178314376054299, 'module.layer2.4.conv1.weight': 0.7949238984561113, 'module.layer1.8.conv1.weight': 0.8275327636705877, 'module.layer2.8.conv2.weight': 0.5894840402428854, 'module.layer1.4.conv1.weight': 0.8092802742939132, 'module.layer2.1.conv1.weight': 0.5532323791255034, 'module.layer1.0.conv1.weight': 0.6557625523288826, 'module.layer2.2.conv1.weight': 0.7810558602688177, 'module.layer1.0.conv2.weight': 0.702971353002487, 'module.layer1.6.conv2.weight': 0.5694789814131738, 'module.layer2.7.conv1.weight': 0.8450061365779732, 'module.layer2.1.conv2.weight': 0.7542989072913178, 'module.layer3.7.conv2.weight': 0.7065658407606207, 'module.layer3.0.conv2.weight': 0.6104235870786079, 'module.layer1.2.conv1.weight': 0.6237991797550735, 'module.layer2.5.conv1.weight': 0.6147385406862909, 'module.layer3.0.conv1.weight': 0.774536235851177, 'module.layer3.4.conv2.weight': 0.6960468103937021, 'module.conv1.weight': 0.5513045015095879, 'module.layer3.1.conv1.weight': 0.7399589600564631}
