(venv) root@ccma-X7Y7:/home/ccma/Chilung/1105/lab4_2# python 'auto v3.py' --arch resnet56_cifar --gpus=0 --lr=0.03 ../../../data.cifar10 -b=128 -j=1 --deterministic --resume='./pertrain base line/2018.11.12-210049/best.pth.tar' --rounds=20 --epochs=20 --method=tpe 
Namespace(arch='resnet56_cifar', batch_size=128, data='../../../data.cifar10', deterministic=True, epochs=20, gpus='0', lr=0.03, method='tpe', momentum=0.9, pruner_constraint=False, resume='./pertrain base line/2018.11.12-210049/best.pth.tar', rounds=20, validation_size=0.1, weight_decay=0.0001, workers=1)
Files already downloaded and verified
Files already downloaded and verified
PrunerConstraint = False
tpe
resume mode: ./pertrain base line/2018.11.12-210049/best.pth.tar
10.0
Epoch: 0, train_acc: 91.8422, val_acc: 93.5600, sparsity: 64.0806
Epoch: 1, train_acc: 89.7600, val_acc: 90.4000, sparsity: 64.0806
Epoch: 2, train_acc: 90.8178, val_acc: 91.7200, sparsity: 64.0806
Epoch: 3, train_acc: 91.7489, val_acc: 91.0400, sparsity: 64.0806
Epoch: 4, train_acc: 92.0467, val_acc: 91.5600, sparsity: 64.0806
Epoch: 5, train_acc: 92.3089, val_acc: 91.4800, sparsity: 64.0806
Epoch: 6, train_acc: 95.3889, val_acc: 94.1600, sparsity: 64.0806
Epoch: 7, train_acc: 96.0222, val_acc: 94.5800, sparsity: 64.0806
Epoch: 8, train_acc: 96.2889, val_acc: 94.3400, sparsity: 64.0806
Epoch: 9, train_acc: 96.3778, val_acc: 94.7800, sparsity: 64.0806
Epoch: 10, train_acc: 96.6467, val_acc: 94.2200, sparsity: 64.0806
Epoch: 11, train_acc: 96.6844, val_acc: 94.8000, sparsity: 64.0806
Epoch: 12, train_acc: 96.9911, val_acc: 95.0800, sparsity: 64.0806
Epoch: 13, train_acc: 97.0444, val_acc: 95.1800, sparsity: 64.0806
Epoch: 14, train_acc: 97.1200, val_acc: 94.7400, sparsity: 64.0806
Epoch: 15, train_acc: 97.0711, val_acc: 94.9000, sparsity: 64.0806
Epoch: 16, train_acc: 97.1289, val_acc: 95.3000, sparsity: 64.0806
Epoch: 17, train_acc: 97.0733, val_acc: 94.9000, sparsity: 64.0806
Epoch: 18, train_acc: 97.1111, val_acc: 95.0600, sparsity: 64.0806
Epoch: 19, train_acc: 97.1978, val_acc: 95.0400, sparsity: 64.0806
1 trials: score: 2.0000, train_acc:97.1978, val_acc:95.0400, test_acc:90.7600, sparsity:64.0806
resume mode: ./pertrain base line/2018.11.12-210049/best.pth.tar
10.0
Epoch: 0, train_acc: 90.8978, val_acc: 92.3800, sparsity: 63.0136
Epoch: 1, train_acc: 88.8444, val_acc: 86.6600, sparsity: 63.0136
Epoch: 2, train_acc: 90.5178, val_acc: 88.9800, sparsity: 63.0136
Epoch: 3, train_acc: 90.9022, val_acc: 89.6000, sparsity: 63.0136
Epoch: 4, train_acc: 91.3978, val_acc: 90.6400, sparsity: 63.0136
Epoch: 5, train_acc: 91.4800, val_acc: 90.6000, sparsity: 63.0136
Epoch: 6, train_acc: 94.9556, val_acc: 93.3400, sparsity: 63.0136
Epoch: 7, train_acc: 95.5578, val_acc: 94.2800, sparsity: 63.0136
Epoch: 8, train_acc: 95.7289, val_acc: 94.4400, sparsity: 63.0136
Epoch: 9, train_acc: 95.9111, val_acc: 94.8200, sparsity: 63.0136
Epoch: 10, train_acc: 96.1111, val_acc: 94.0800, sparsity: 63.0136
Epoch: 11, train_acc: 96.1578, val_acc: 94.0600, sparsity: 63.0136
Epoch: 12, train_acc: 96.3600, val_acc: 94.6000, sparsity: 63.0136
Epoch: 13, train_acc: 96.6378, val_acc: 94.3600, sparsity: 63.0136
Epoch: 14, train_acc: 96.6267, val_acc: 95.0600, sparsity: 63.0136
Epoch: 15, train_acc: 96.5956, val_acc: 94.6200, sparsity: 63.0136
Epoch: 16, train_acc: 96.6333, val_acc: 94.6000, sparsity: 63.0136
Epoch: 17, train_acc: 96.5622, val_acc: 94.4000, sparsity: 63.0136
Epoch: 18, train_acc: 96.7022, val_acc: 94.6600, sparsity: 63.0136
Epoch: 19, train_acc: 96.7800, val_acc: 94.8000, sparsity: 63.0136
2 trials: score: 2.0000, train_acc:96.7800, val_acc:94.8000, test_acc:90.6000, sparsity:63.0136
resume mode: ./pertrain base line/2018.11.12-210049/best.pth.tar
10.0
Epoch: 0, train_acc: 91.6978, val_acc: 91.8400, sparsity: 67.7423
Epoch: 1, train_acc: 89.5222, val_acc: 86.7200, sparsity: 67.7423
Epoch: 2, train_acc: 90.8733, val_acc: 89.4600, sparsity: 67.7423
Epoch: 3, train_acc: 91.2889, val_acc: 90.1400, sparsity: 67.7423
Epoch: 4, train_acc: 91.7756, val_acc: 90.8200, sparsity: 67.7423
Epoch: 5, train_acc: 92.5200, val_acc: 92.1800, sparsity: 67.7423
Epoch: 6, train_acc: 95.2822, val_acc: 94.0200, sparsity: 67.7423
Epoch: 7, train_acc: 95.9867, val_acc: 94.0600, sparsity: 67.7423
Epoch: 8, train_acc: 96.0511, val_acc: 95.0800, sparsity: 67.7423
Epoch: 9, train_acc: 96.2133, val_acc: 94.5600, sparsity: 67.7423
Epoch: 10, train_acc: 96.4533, val_acc: 94.5600, sparsity: 67.7423
Epoch: 11, train_acc: 96.4578, val_acc: 94.0600, sparsity: 67.7423
Epoch: 12, train_acc: 96.8978, val_acc: 94.8600, sparsity: 67.7423
Epoch: 13, train_acc: 96.9289, val_acc: 94.8200, sparsity: 67.7423
Epoch: 14, train_acc: 96.9289, val_acc: 94.9800, sparsity: 67.7423
Epoch: 15, train_acc: 96.8689, val_acc: 94.9000, sparsity: 67.7423
Epoch: 16, train_acc: 96.9044, val_acc: 94.5600, sparsity: 67.7423
Epoch: 17, train_acc: 97.0178, val_acc: 95.1600, sparsity: 67.7423
Epoch: 18, train_acc: 96.9756, val_acc: 94.6200, sparsity: 67.7423
Epoch: 19, train_acc: 96.9667, val_acc: 95.0600, sparsity: 67.7423
3 trials: score: 1.5296, train_acc:96.9667, val_acc:95.0600, test_acc:90.8400, sparsity:67.7423
resume mode: ./pertrain base line/2018.11.12-210049/best.pth.tar
1.5296254979023178
Epoch: 0, train_acc: 92.4200, val_acc: 94.2000, sparsity: 60.6833
Epoch: 1, train_acc: 89.9578, val_acc: 88.2600, sparsity: 60.6833
Epoch: 2, train_acc: 91.4889, val_acc: 90.4600, sparsity: 60.6833
Epoch: 3, train_acc: 91.8689, val_acc: 91.1400, sparsity: 60.6833
Epoch: 4, train_acc: 92.3022, val_acc: 90.0800, sparsity: 60.6833
Epoch: 5, train_acc: 92.4467, val_acc: 90.8600, sparsity: 60.6833
Epoch: 6, train_acc: 95.7911, val_acc: 94.7000, sparsity: 60.6833
Epoch: 7, train_acc: 96.4133, val_acc: 94.6600, sparsity: 60.6833
Epoch: 8, train_acc: 96.6444, val_acc: 94.8200, sparsity: 60.6833
Epoch: 9, train_acc: 96.7200, val_acc: 94.6000, sparsity: 60.6833
Epoch: 10, train_acc: 96.8000, val_acc: 95.0400, sparsity: 60.6833
Epoch: 11, train_acc: 96.9622, val_acc: 94.7200, sparsity: 60.6833
Epoch: 12, train_acc: 97.2711, val_acc: 95.0800, sparsity: 60.6833
Epoch: 13, train_acc: 97.4222, val_acc: 95.4000, sparsity: 60.6833
Epoch: 14, train_acc: 97.3800, val_acc: 95.4600, sparsity: 60.6833
Epoch: 15, train_acc: 97.3667, val_acc: 95.4200, sparsity: 60.6833
Epoch: 16, train_acc: 97.3400, val_acc: 95.1600, sparsity: 60.6833
Epoch: 17, train_acc: 97.4400, val_acc: 94.7200, sparsity: 60.6833
Epoch: 18, train_acc: 97.4644, val_acc: 95.4200, sparsity: 60.6833
Epoch: 19, train_acc: 97.4511, val_acc: 95.7400, sparsity: 60.6833
4 trials: score: 2.0000, train_acc:97.4511, val_acc:95.7400, test_acc:90.6200, sparsity:60.6833
resume mode: ./pertrain base line/2018.11.12-210049/best.pth.tar
1.5296254979023178
Epoch: 0, train_acc: 90.3333, val_acc: 92.3000, sparsity: 72.7476
Epoch: 1, train_acc: 88.2533, val_acc: 88.6000, sparsity: 72.7476
Epoch: 2, train_acc: 90.0067, val_acc: 88.4400, sparsity: 72.7476
Epoch: 3, train_acc: 90.5622, val_acc: 89.7600, sparsity: 72.7476
Epoch: 4, train_acc: 90.9622, val_acc: 90.4400, sparsity: 72.7476
Epoch: 5, train_acc: 91.2444, val_acc: 90.1600, sparsity: 72.7476
Epoch: 6, train_acc: 94.5089, val_acc: 93.1600, sparsity: 72.7476
Epoch: 7, train_acc: 95.2711, val_acc: 93.8200, sparsity: 72.7476
Epoch: 8, train_acc: 95.3267, val_acc: 93.9800, sparsity: 72.7476
Epoch: 9, train_acc: 95.6778, val_acc: 93.3800, sparsity: 72.7476
Epoch: 10, train_acc: 95.6978, val_acc: 94.0000, sparsity: 72.7476
Epoch: 11, train_acc: 95.8578, val_acc: 93.2800, sparsity: 72.7476
Epoch: 12, train_acc: 96.2533, val_acc: 94.0200, sparsity: 72.7476
Epoch: 13, train_acc: 96.3089, val_acc: 93.6800, sparsity: 72.7476
Epoch: 14, train_acc: 96.2889, val_acc: 93.7000, sparsity: 72.7476
Epoch: 15, train_acc: 96.2267, val_acc: 94.0000, sparsity: 72.7476
Epoch: 16, train_acc: 96.2067, val_acc: 94.2000, sparsity: 72.7476
Epoch: 17, train_acc: 96.3333, val_acc: 94.5200, sparsity: 72.7476
Epoch: 18, train_acc: 96.2711, val_acc: 94.1800, sparsity: 72.7476
Epoch: 19, train_acc: 96.3467, val_acc: 94.0200, sparsity: 72.7476
5 trials: score: 2.0000, train_acc:96.3467, val_acc:94.0200, test_acc:90.6500, sparsity:72.7476
resume mode: ./pertrain base line/2018.11.12-210049/best.pth.tar
1.5296254979023178
Epoch: 0, train_acc: 89.8178, val_acc: 91.9200, sparsity: 65.4383
Epoch: 1, train_acc: 88.2556, val_acc: 87.9800, sparsity: 65.4383
Epoch: 2, train_acc: 90.1067, val_acc: 90.7000, sparsity: 65.4383
Epoch: 3, train_acc: 90.4311, val_acc: 90.7200, sparsity: 65.4383
Epoch: 4, train_acc: 91.2356, val_acc: 89.9400, sparsity: 65.4383
Epoch: 5, train_acc: 91.2378, val_acc: 90.0400, sparsity: 65.4383
Epoch: 6, train_acc: 94.6956, val_acc: 93.4600, sparsity: 65.4383
Epoch: 7, train_acc: 95.4378, val_acc: 93.7400, sparsity: 65.4383
Epoch: 8, train_acc: 95.4933, val_acc: 93.8000, sparsity: 65.4383
Epoch: 9, train_acc: 95.6222, val_acc: 93.8600, sparsity: 65.4383
Epoch: 10, train_acc: 95.9267, val_acc: 93.9400, sparsity: 65.4383
Epoch: 11, train_acc: 96.0044, val_acc: 94.0000, sparsity: 65.4383
Epoch: 12, train_acc: 96.3422, val_acc: 93.9400, sparsity: 65.4383
Epoch: 13, train_acc: 96.2889, val_acc: 94.0400, sparsity: 65.4383
Epoch: 14, train_acc: 96.5400, val_acc: 94.0800, sparsity: 65.4383
Epoch: 15, train_acc: 96.4156, val_acc: 94.3400, sparsity: 65.4383
Epoch: 16, train_acc: 96.4222, val_acc: 94.5200, sparsity: 65.4383
Epoch: 17, train_acc: 96.4889, val_acc: 94.1400, sparsity: 65.4383
Epoch: 18, train_acc: 96.3800, val_acc: 94.4400, sparsity: 65.4383
Epoch: 19, train_acc: 96.6133, val_acc: 94.3200, sparsity: 65.4383
6 trials: score: 2.0000, train_acc:96.6133, val_acc:94.3200, test_acc:90.4700, sparsity:65.4383
resume mode: ./pertrain base line/2018.11.12-210049/best.pth.tar
1.5296254979023178
Epoch: 0, train_acc: 91.3556, val_acc: 92.9400, sparsity: 64.3142
Epoch: 1, train_acc: 89.2844, val_acc: 87.3000, sparsity: 64.3142
Epoch: 2, train_acc: 90.5467, val_acc: 91.0800, sparsity: 64.3142
Epoch: 3, train_acc: 91.3378, val_acc: 90.7800, sparsity: 64.3142
Epoch: 4, train_acc: 91.5022, val_acc: 91.0800, sparsity: 64.3142
Epoch: 5, train_acc: 92.0800, val_acc: 89.5800, sparsity: 64.3142
Epoch: 6, train_acc: 95.1511, val_acc: 94.1000, sparsity: 64.3142
Epoch: 7, train_acc: 95.8889, val_acc: 93.9400, sparsity: 64.3142
Epoch: 8, train_acc: 95.9400, val_acc: 94.2200, sparsity: 64.3142
Epoch: 9, train_acc: 96.1956, val_acc: 93.9400, sparsity: 64.3142
Epoch: 10, train_acc: 96.2556, val_acc: 94.5200, sparsity: 64.3142
Epoch: 11, train_acc: 96.3400, val_acc: 93.9800, sparsity: 64.3142
Epoch: 12, train_acc: 96.7533, val_acc: 94.3400, sparsity: 64.3142
Epoch: 13, train_acc: 96.7644, val_acc: 94.5000, sparsity: 64.3142
Epoch: 14, train_acc: 96.8156, val_acc: 94.6600, sparsity: 64.3142
Epoch: 15, train_acc: 96.8756, val_acc: 94.6400, sparsity: 64.3142
Epoch: 16, train_acc: 96.9467, val_acc: 94.9600, sparsity: 64.3142
Epoch: 17, train_acc: 96.9111, val_acc: 94.2600, sparsity: 64.3142
Epoch: 18, train_acc: 96.8756, val_acc: 94.8600, sparsity: 64.3142
Epoch: 19, train_acc: 96.9844, val_acc: 94.8000, sparsity: 64.3142
7 trials: score: 2.0000, train_acc:96.9844, val_acc:94.8000, test_acc:90.8100, sparsity:64.3142
resume mode: ./pertrain base line/2018.11.12-210049/best.pth.tar
1.5296254979023178
Epoch: 0, train_acc: 93.7556, val_acc: 94.7000, sparsity: 61.1585
Epoch: 1, train_acc: 91.0778, val_acc: 92.4000, sparsity: 61.1585
Epoch: 2, train_acc: 92.1889, val_acc: 92.1600, sparsity: 61.1585
Epoch: 3, train_acc: 92.6444, val_acc: 91.4800, sparsity: 61.1585
Epoch: 4, train_acc: 93.0067, val_acc: 90.2000, sparsity: 61.1585
Epoch: 5, train_acc: 93.1489, val_acc: 92.5200, sparsity: 61.1585
Epoch: 6, train_acc: 96.3000, val_acc: 94.6600, sparsity: 61.1585
Epoch: 7, train_acc: 96.8356, val_acc: 95.2200, sparsity: 61.1585
Epoch: 8, train_acc: 97.0889, val_acc: 95.6200, sparsity: 61.1585
Epoch: 9, train_acc: 97.2333, val_acc: 95.4600, sparsity: 61.1585
Epoch: 10, train_acc: 97.3289, val_acc: 95.4600, sparsity: 61.1585
Epoch: 11, train_acc: 97.3178, val_acc: 95.4200, sparsity: 61.1585
Epoch: 12, train_acc: 97.6556, val_acc: 95.4000, sparsity: 61.1585
Epoch: 13, train_acc: 97.6689, val_acc: 95.8400, sparsity: 61.1585
Epoch: 14, train_acc: 97.6978, val_acc: 95.7200, sparsity: 61.1585
Epoch: 15, train_acc: 97.7956, val_acc: 95.4600, sparsity: 61.1585
Epoch: 16, train_acc: 97.6978, val_acc: 95.3800, sparsity: 61.1585
Epoch: 17, train_acc: 97.7800, val_acc: 95.8800, sparsity: 61.1585
Epoch: 18, train_acc: 97.7422, val_acc: 95.9000, sparsity: 61.1585
Epoch: 19, train_acc: 97.8422, val_acc: 95.5400, sparsity: 61.1585
8 trials: score: 2.0000, train_acc:97.8422, val_acc:95.5400, test_acc:91.2000, sparsity:61.1585
resume mode: ./pertrain base line/2018.11.12-210049/best.pth.tar
1.5296254979023178
Epoch: 0, train_acc: 91.2378, val_acc: 92.6600, sparsity: 67.6760
Epoch: 1, train_acc: 88.8844, val_acc: 90.5800, sparsity: 67.6760
Epoch: 2, train_acc: 90.9022, val_acc: 91.2000, sparsity: 67.6760
Epoch: 3, train_acc: 91.4378, val_acc: 91.4000, sparsity: 67.6760
Epoch: 4, train_acc: 91.3822, val_acc: 90.7200, sparsity: 67.6760
Epoch: 5, train_acc: 91.8156, val_acc: 90.0600, sparsity: 67.6760
Epoch: 6, train_acc: 95.0178, val_acc: 94.0200, sparsity: 67.6760
Epoch: 7, train_acc: 95.7644, val_acc: 94.0000, sparsity: 67.6760
Epoch: 8, train_acc: 95.9489, val_acc: 94.1200, sparsity: 67.6760
Epoch: 9, train_acc: 96.1600, val_acc: 94.3600, sparsity: 67.6760
Epoch: 10, train_acc: 96.1156, val_acc: 94.4600, sparsity: 67.6760
Epoch: 11, train_acc: 96.3778, val_acc: 94.6400, sparsity: 67.6760
Epoch: 12, train_acc: 96.6822, val_acc: 94.2400, sparsity: 67.6760
Epoch: 13, train_acc: 96.7222, val_acc: 94.6800, sparsity: 67.6760
Epoch: 14, train_acc: 96.7778, val_acc: 94.6600, sparsity: 67.6760
Epoch: 15, train_acc: 96.7689, val_acc: 94.7200, sparsity: 67.6760
Epoch: 16, train_acc: 96.7756, val_acc: 94.9600, sparsity: 67.6760
Epoch: 17, train_acc: 96.7289, val_acc: 94.9200, sparsity: 67.6760
Epoch: 18, train_acc: 96.8289, val_acc: 94.7400, sparsity: 67.6760
Epoch: 19, train_acc: 96.7622, val_acc: 94.9200, sparsity: 67.6760
9 trials: score: 1.6219, train_acc:96.7622, val_acc:94.9200, test_acc:91.0000, sparsity:67.6760
resume mode: ./pertrain base line/2018.11.12-210049/best.pth.tar
1.5296254979023178
Epoch: 0, train_acc: 89.8978, val_acc: 91.4200, sparsity: 78.6325
Epoch: 1, train_acc: 87.8444, val_acc: 88.4800, sparsity: 78.6325
Epoch: 2, train_acc: 89.4644, val_acc: 89.6200, sparsity: 78.6325
Epoch: 3, train_acc: 90.3733, val_acc: 89.1800, sparsity: 78.6325
Epoch: 4, train_acc: 90.7267, val_acc: 90.9400, sparsity: 78.6325
Epoch: 5, train_acc: 91.3356, val_acc: 90.7600, sparsity: 78.6325
Epoch: 6, train_acc: 94.3378, val_acc: 93.3000, sparsity: 78.6325
Epoch: 7, train_acc: 94.7822, val_acc: 93.1400, sparsity: 78.6325
Epoch: 8, train_acc: 95.1356, val_acc: 93.2400, sparsity: 78.6325
Epoch: 9, train_acc: 95.2133, val_acc: 93.0000, sparsity: 78.6325
Epoch: 10, train_acc: 95.3756, val_acc: 93.1200, sparsity: 78.6325
Epoch: 11, train_acc: 95.5511, val_acc: 93.7400, sparsity: 78.6325
Epoch: 12, train_acc: 95.8444, val_acc: 93.5800, sparsity: 78.6325
Epoch: 13, train_acc: 95.9400, val_acc: 93.9000, sparsity: 78.6325
Epoch: 14, train_acc: 96.0489, val_acc: 93.9800, sparsity: 78.6325
Epoch: 15, train_acc: 96.0222, val_acc: 93.9200, sparsity: 78.6325
Epoch: 16, train_acc: 95.9311, val_acc: 93.9200, sparsity: 78.6325
Epoch: 17, train_acc: 96.0089, val_acc: 94.3200, sparsity: 78.6325
Epoch: 18, train_acc: 96.0489, val_acc: 94.0000, sparsity: 78.6325
Epoch: 19, train_acc: 95.9111, val_acc: 93.8600, sparsity: 78.6325
10 trials: score: 2.0000, train_acc:95.9111, val_acc:93.8600, test_acc:90.2700, sparsity:78.6325
resume mode: ./pertrain base line/2018.11.12-210049/best.pth.tar
1.5296254979023178
Epoch: 0, train_acc: 92.5467, val_acc: 93.3600, sparsity: 65.1047
Epoch: 1, train_acc: 90.0044, val_acc: 90.1000, sparsity: 65.1047
Epoch: 2, train_acc: 91.0400, val_acc: 91.2800, sparsity: 65.1047
Epoch: 3, train_acc: 91.6933, val_acc: 89.7800, sparsity: 65.1047
Epoch: 4, train_acc: 92.1133, val_acc: 91.6200, sparsity: 65.1047
Epoch: 5, train_acc: 92.4644, val_acc: 92.1400, sparsity: 65.1047
Epoch: 6, train_acc: 95.4933, val_acc: 94.1000, sparsity: 65.1047
Epoch: 7, train_acc: 96.1178, val_acc: 94.7600, sparsity: 65.1047
Epoch: 8, train_acc: 96.2067, val_acc: 94.4600, sparsity: 65.1047
Epoch: 9, train_acc: 96.6178, val_acc: 94.4000, sparsity: 65.1047
Epoch: 10, train_acc: 96.6711, val_acc: 94.5000, sparsity: 65.1047
Epoch: 11, train_acc: 96.8422, val_acc: 94.5400, sparsity: 65.1047
Epoch: 12, train_acc: 97.1067, val_acc: 94.9200, sparsity: 65.1047
Epoch: 13, train_acc: 97.0778, val_acc: 94.8600, sparsity: 65.1047
Epoch: 14, train_acc: 97.1067, val_acc: 95.0800, sparsity: 65.1047
Epoch: 15, train_acc: 97.1467, val_acc: 94.7200, sparsity: 65.1047
Epoch: 16, train_acc: 97.2200, val_acc: 95.0200, sparsity: 65.1047
Epoch: 17, train_acc: 97.3089, val_acc: 95.0400, sparsity: 65.1047
Epoch: 18, train_acc: 97.2911, val_acc: 95.3600, sparsity: 65.1047
Epoch: 19, train_acc: 97.2422, val_acc: 95.2200, sparsity: 65.1047
11 trials: score: 2.0000, train_acc:97.2422, val_acc:95.2200, test_acc:91.0100, sparsity:65.1047
resume mode: ./pertrain base line/2018.11.12-210049/best.pth.tar
1.5296254979023178
Epoch: 0, train_acc: 89.7067, val_acc: 91.4800, sparsity: 67.1049
Epoch: 1, train_acc: 88.3911, val_acc: 90.3000, sparsity: 67.1049
Epoch: 2, train_acc: 89.7756, val_acc: 88.6200, sparsity: 67.1049
Epoch: 3, train_acc: 90.7378, val_acc: 89.6600, sparsity: 67.1049
Epoch: 4, train_acc: 90.6267, val_acc: 87.6800, sparsity: 67.1049
Epoch: 5, train_acc: 91.5889, val_acc: 90.7000, sparsity: 67.1049
Epoch: 6, train_acc: 94.5378, val_acc: 93.4600, sparsity: 67.1049
Epoch: 7, train_acc: 95.2844, val_acc: 93.4600, sparsity: 67.1049
Epoch: 8, train_acc: 95.4000, val_acc: 93.6600, sparsity: 67.1049
Epoch: 9, train_acc: 95.6044, val_acc: 93.9600, sparsity: 67.1049
Epoch: 10, train_acc: 95.7311, val_acc: 94.2600, sparsity: 67.1049
Epoch: 11, train_acc: 95.8378, val_acc: 93.8800, sparsity: 67.1049
Epoch: 12, train_acc: 96.2111, val_acc: 94.1400, sparsity: 67.1049
Epoch: 13, train_acc: 96.3200, val_acc: 94.2200, sparsity: 67.1049
Epoch: 14, train_acc: 96.2378, val_acc: 94.1800, sparsity: 67.1049
Epoch: 15, train_acc: 96.3533, val_acc: 94.2800, sparsity: 67.1049
Epoch: 16, train_acc: 96.2822, val_acc: 94.4600, sparsity: 67.1049
Epoch: 17, train_acc: 96.2600, val_acc: 94.3000, sparsity: 67.1049
Epoch: 18, train_acc: 96.4200, val_acc: 94.0800, sparsity: 67.1049
Epoch: 19, train_acc: 96.2289, val_acc: 94.1200, sparsity: 67.1049
12 trials: score: 2.0000, train_acc:96.2289, val_acc:94.1200, test_acc:90.4500, sparsity:67.1049
resume mode: ./pertrain base line/2018.11.12-210049/best.pth.tar
1.5296254979023178
Epoch: 0, train_acc: 91.4178, val_acc: 92.6400, sparsity: 68.6865
Epoch: 1, train_acc: 88.9711, val_acc: 90.1800, sparsity: 68.6865
Epoch: 2, train_acc: 90.4067, val_acc: 88.7800, sparsity: 68.6865
Epoch: 3, train_acc: 91.2178, val_acc: 88.7200, sparsity: 68.6865
Epoch: 4, train_acc: 91.4956, val_acc: 89.8200, sparsity: 68.6865
Epoch: 5, train_acc: 91.8511, val_acc: 90.5000, sparsity: 68.6865
Epoch: 6, train_acc: 94.9756, val_acc: 93.8800, sparsity: 68.6865
Epoch: 7, train_acc: 95.6844, val_acc: 93.4400, sparsity: 68.6865
Epoch: 8, train_acc: 95.9911, val_acc: 94.0600, sparsity: 68.6865
Epoch: 9, train_acc: 96.1711, val_acc: 94.0600, sparsity: 68.6865
Epoch: 10, train_acc: 96.2289, val_acc: 94.5800, sparsity: 68.6865
Epoch: 11, train_acc: 96.3756, val_acc: 94.4200, sparsity: 68.6865
Epoch: 12, train_acc: 96.7444, val_acc: 94.6600, sparsity: 68.6865
Epoch: 13, train_acc: 96.7778, val_acc: 94.7200, sparsity: 68.6865
Epoch: 14, train_acc: 96.7644, val_acc: 94.4800, sparsity: 68.6865
Epoch: 15, train_acc: 96.8600, val_acc: 94.7000, sparsity: 68.6865
Epoch: 16, train_acc: 96.8200, val_acc: 94.3400, sparsity: 68.6865
Epoch: 17, train_acc: 97.0133, val_acc: 94.7600, sparsity: 68.6865
Epoch: 18, train_acc: 96.9067, val_acc: 94.6400, sparsity: 68.6865
Epoch: 19, train_acc: 96.8467, val_acc: 94.8200, sparsity: 68.6865
13 trials: score: 0.5500, train_acc:96.8467, val_acc:94.8200, test_acc:90.4200, sparsity:68.6865
resume mode: ./pertrain base line/2018.11.12-210049/best.pth.tar
0.5500119750527473
Epoch: 0, train_acc: 93.7533, val_acc: 94.4600, sparsity: 62.8098
Epoch: 1, train_acc: 90.6956, val_acc: 92.3400, sparsity: 62.8098
Epoch: 2, train_acc: 92.1556, val_acc: 92.3800, sparsity: 62.8098
Epoch: 3, train_acc: 92.3467, val_acc: 91.4600, sparsity: 62.8098
Epoch: 4, train_acc: 92.7267, val_acc: 93.0600, sparsity: 62.8098
Epoch: 5, train_acc: 93.1622, val_acc: 92.1000, sparsity: 62.8098
Epoch: 6, train_acc: 96.1578, val_acc: 95.1800, sparsity: 62.8098
Epoch: 7, train_acc: 96.7644, val_acc: 95.2400, sparsity: 62.8098
Epoch: 8, train_acc: 96.9267, val_acc: 95.2000, sparsity: 62.8098
Epoch: 9, train_acc: 97.0267, val_acc: 95.0400, sparsity: 62.8098
Epoch: 10, train_acc: 97.1733, val_acc: 95.6800, sparsity: 62.8098
Epoch: 11, train_acc: 97.1867, val_acc: 95.5800, sparsity: 62.8098
Epoch: 12, train_acc: 97.4844, val_acc: 95.4200, sparsity: 62.8098
Epoch: 13, train_acc: 97.5822, val_acc: 95.6600, sparsity: 62.8098
Epoch: 14, train_acc: 97.6400, val_acc: 95.3400, sparsity: 62.8098
Epoch: 15, train_acc: 97.5689, val_acc: 95.6800, sparsity: 62.8098
Epoch: 16, train_acc: 97.6644, val_acc: 95.6200, sparsity: 62.8098
Epoch: 17, train_acc: 97.7378, val_acc: 95.1600, sparsity: 62.8098
Epoch: 18, train_acc: 97.7311, val_acc: 95.6000, sparsity: 62.8098
Epoch: 19, train_acc: 97.7133, val_acc: 95.8000, sparsity: 62.8098
14 trials: score: 2.0000, train_acc:97.7133, val_acc:95.8000, test_acc:91.2500, sparsity:62.8098
resume mode: ./pertrain base line/2018.11.12-210049/best.pth.tar
0.5500119750527473
Epoch: 0, train_acc: 92.4044, val_acc: 93.1200, sparsity: 64.6126
Epoch: 1, train_acc: 90.1600, val_acc: 91.1600, sparsity: 64.6126
Epoch: 2, train_acc: 91.6467, val_acc: 90.6200, sparsity: 64.6126
Epoch: 3, train_acc: 91.8000, val_acc: 91.4200, sparsity: 64.6126
Epoch: 4, train_acc: 92.2422, val_acc: 89.4600, sparsity: 64.6126
Epoch: 5, train_acc: 92.6133, val_acc: 89.9000, sparsity: 64.6126
Epoch: 6, train_acc: 95.6556, val_acc: 94.5400, sparsity: 64.6126
Epoch: 7, train_acc: 96.2956, val_acc: 94.8600, sparsity: 64.6126
Epoch: 8, train_acc: 96.3689, val_acc: 94.6000, sparsity: 64.6126
Epoch: 9, train_acc: 96.5867, val_acc: 94.9200, sparsity: 64.6126
Epoch: 10, train_acc: 96.8400, val_acc: 94.9200, sparsity: 64.6126
Epoch: 11, train_acc: 96.7200, val_acc: 94.6200, sparsity: 64.6126
Epoch: 12, train_acc: 97.2311, val_acc: 95.1000, sparsity: 64.6126
Epoch: 13, train_acc: 97.3333, val_acc: 95.1200, sparsity: 64.6126
Epoch: 14, train_acc: 97.2244, val_acc: 95.1400, sparsity: 64.6126
Epoch: 15, train_acc: 97.1422, val_acc: 95.0800, sparsity: 64.6126
Epoch: 16, train_acc: 97.1911, val_acc: 95.0200, sparsity: 64.6126
Epoch: 17, train_acc: 97.2756, val_acc: 95.2800, sparsity: 64.6126
Epoch: 18, train_acc: 97.3178, val_acc: 95.0800, sparsity: 64.6126
Epoch: 19, train_acc: 97.2311, val_acc: 95.4400, sparsity: 64.6126
15 trials: score: 2.0000, train_acc:97.2311, val_acc:95.4400, test_acc:90.5900, sparsity:64.6126
resume mode: ./pertrain base line/2018.11.12-210049/best.pth.tar
0.5500119750527473
Epoch: 0, train_acc: 92.0511, val_acc: 93.1600, sparsity: 62.3994
Epoch: 1, train_acc: 89.5978, val_acc: 90.0200, sparsity: 62.3994
Epoch: 2, train_acc: 91.3222, val_acc: 91.4200, sparsity: 62.3994
Epoch: 3, train_acc: 91.8200, val_acc: 91.4000, sparsity: 62.3994
Epoch: 4, train_acc: 92.3400, val_acc: 91.4600, sparsity: 62.3994
Epoch: 5, train_acc: 92.0844, val_acc: 89.4400, sparsity: 62.3994
Epoch: 6, train_acc: 95.2867, val_acc: 94.1000, sparsity: 62.3994
Epoch: 7, train_acc: 96.1533, val_acc: 94.2400, sparsity: 62.3994
Epoch: 8, train_acc: 96.2978, val_acc: 94.3000, sparsity: 62.3994
Epoch: 9, train_acc: 96.5978, val_acc: 94.2600, sparsity: 62.3994
Epoch: 10, train_acc: 96.5956, val_acc: 94.1400, sparsity: 62.3994
Epoch: 11, train_acc: 96.7867, val_acc: 94.4000, sparsity: 62.3994
Epoch: 12, train_acc: 97.1422, val_acc: 94.6000, sparsity: 62.3994
Epoch: 13, train_acc: 97.0289, val_acc: 94.5600, sparsity: 62.3994
Epoch: 14, train_acc: 97.1244, val_acc: 94.8200, sparsity: 62.3994
Epoch: 15, train_acc: 97.1756, val_acc: 94.8200, sparsity: 62.3994
Epoch: 16, train_acc: 97.0933, val_acc: 95.0600, sparsity: 62.3994
Epoch: 17, train_acc: 97.0733, val_acc: 94.6600, sparsity: 62.3994
Epoch: 18, train_acc: 97.2156, val_acc: 94.7000, sparsity: 62.3994
Epoch: 19, train_acc: 97.2889, val_acc: 95.0200, sparsity: 62.3994
16 trials: score: 2.0000, train_acc:97.2889, val_acc:95.0200, test_acc:90.4500, sparsity:62.3994
resume mode: ./pertrain base line/2018.11.12-210049/best.pth.tar
0.5500119750527473
Epoch: 0, train_acc: 90.3556, val_acc: 90.9000, sparsity: 72.7287
Epoch: 1, train_acc: 87.9156, val_acc: 89.9200, sparsity: 72.7287
Epoch: 2, train_acc: 90.1844, val_acc: 89.9600, sparsity: 72.7287
Epoch: 3, train_acc: 90.2933, val_acc: 90.4200, sparsity: 72.7287
Epoch: 4, train_acc: 90.9133, val_acc: 90.7200, sparsity: 72.7287
Epoch: 5, train_acc: 91.2333, val_acc: 89.0600, sparsity: 72.7287
Epoch: 6, train_acc: 94.5044, val_acc: 93.3400, sparsity: 72.7287
Epoch: 7, train_acc: 95.1844, val_acc: 93.5000, sparsity: 72.7287
Epoch: 8, train_acc: 95.3244, val_acc: 93.4800, sparsity: 72.7287
Epoch: 9, train_acc: 95.5044, val_acc: 93.7800, sparsity: 72.7287
Epoch: 10, train_acc: 95.5978, val_acc: 93.6800, sparsity: 72.7287
Epoch: 11, train_acc: 95.6644, val_acc: 93.7200, sparsity: 72.7287
Epoch: 12, train_acc: 96.0867, val_acc: 93.7400, sparsity: 72.7287
Epoch: 13, train_acc: 96.0911, val_acc: 93.9200, sparsity: 72.7287
Epoch: 14, train_acc: 96.2067, val_acc: 94.0000, sparsity: 72.7287
Epoch: 15, train_acc: 96.0956, val_acc: 94.5000, sparsity: 72.7287
Epoch: 16, train_acc: 96.2222, val_acc: 93.9800, sparsity: 72.7287
Epoch: 17, train_acc: 96.1778, val_acc: 94.2800, sparsity: 72.7287
Epoch: 18, train_acc: 96.3111, val_acc: 94.2400, sparsity: 72.7287
Epoch: 19, train_acc: 96.2844, val_acc: 93.9800, sparsity: 72.7287
17 trials: score: 2.0000, train_acc:96.2844, val_acc:93.9800, test_acc:90.0500, sparsity:72.7287
resume mode: ./pertrain base line/2018.11.12-210049/best.pth.tar
0.5500119750527473
Epoch: 0, train_acc: 91.8844, val_acc: 92.9800, sparsity: 67.2643
Epoch: 1, train_acc: 88.9044, val_acc: 88.4800, sparsity: 67.2643
Epoch: 2, train_acc: 90.7844, val_acc: 92.2800, sparsity: 67.2643
Epoch: 3, train_acc: 91.4756, val_acc: 91.7000, sparsity: 67.2643
Epoch: 4, train_acc: 91.6711, val_acc: 90.2600, sparsity: 67.2643
Epoch: 5, train_acc: 92.0822, val_acc: 92.5800, sparsity: 67.2643
Epoch: 6, train_acc: 95.3578, val_acc: 94.2200, sparsity: 67.2643
Epoch: 7, train_acc: 95.9356, val_acc: 94.2600, sparsity: 67.2643
Epoch: 8, train_acc: 96.0378, val_acc: 94.5200, sparsity: 67.2643
Epoch: 9, train_acc: 96.2178, val_acc: 94.0000, sparsity: 67.2643
Epoch: 10, train_acc: 96.4044, val_acc: 94.4800, sparsity: 67.2643
Epoch: 11, train_acc: 96.4911, val_acc: 94.7000, sparsity: 67.2643
Epoch: 12, train_acc: 96.7133, val_acc: 94.3600, sparsity: 67.2643
Epoch: 13, train_acc: 96.9089, val_acc: 94.7800, sparsity: 67.2643
Epoch: 14, train_acc: 96.9111, val_acc: 94.9600, sparsity: 67.2643
Epoch: 15, train_acc: 96.8756, val_acc: 94.2600, sparsity: 67.2643
Epoch: 16, train_acc: 97.0489, val_acc: 94.5000, sparsity: 67.2643
Epoch: 17, train_acc: 96.9800, val_acc: 94.9600, sparsity: 67.2643
Epoch: 18, train_acc: 96.9156, val_acc: 94.8200, sparsity: 67.2643
Epoch: 19, train_acc: 96.8289, val_acc: 95.1800, sparsity: 67.2643
18 trials: score: 2.0000, train_acc:96.8289, val_acc:95.1800, test_acc:90.6700, sparsity:67.2643
resume mode: ./pertrain base line/2018.11.12-210049/best.pth.tar
0.5500119750527473
Epoch: 0, train_acc: 91.3044, val_acc: 91.9600, sparsity: 61.9698
Epoch: 1, train_acc: 89.4200, val_acc: 88.8000, sparsity: 61.9698
Epoch: 2, train_acc: 90.4044, val_acc: 90.8000, sparsity: 61.9698
Epoch: 3, train_acc: 91.4600, val_acc: 90.6600, sparsity: 61.9698
Epoch: 4, train_acc: 91.5933, val_acc: 90.4400, sparsity: 61.9698
Epoch: 5, train_acc: 91.9756, val_acc: 90.9200, sparsity: 61.9698
Epoch: 6, train_acc: 95.1667, val_acc: 93.4800, sparsity: 61.9698
Epoch: 7, train_acc: 95.8378, val_acc: 93.8200, sparsity: 61.9698
Epoch: 8, train_acc: 95.9844, val_acc: 94.0200, sparsity: 61.9698
Epoch: 9, train_acc: 96.1311, val_acc: 94.1400, sparsity: 61.9698
Epoch: 10, train_acc: 96.1867, val_acc: 94.2600, sparsity: 61.9698
Epoch: 11, train_acc: 96.4511, val_acc: 94.1600, sparsity: 61.9698
Epoch: 12, train_acc: 96.7400, val_acc: 94.4000, sparsity: 61.9698
Epoch: 13, train_acc: 96.7644, val_acc: 94.4000, sparsity: 61.9698
Epoch: 14, train_acc: 96.7622, val_acc: 94.3200, sparsity: 61.9698
Epoch: 15, train_acc: 96.9178, val_acc: 94.2400, sparsity: 61.9698
Epoch: 16, train_acc: 96.8378, val_acc: 94.4600, sparsity: 61.9698
Epoch: 17, train_acc: 96.9378, val_acc: 94.6800, sparsity: 61.9698
Epoch: 18, train_acc: 96.9267, val_acc: 94.3000, sparsity: 61.9698
Epoch: 19, train_acc: 96.9489, val_acc: 94.6800, sparsity: 61.9698
19 trials: score: 2.0000, train_acc:96.9489, val_acc:94.6800, test_acc:90.9100, sparsity:61.9698
resume mode: ./pertrain base line/2018.11.12-210049/best.pth.tar
0.5500119750527473
Epoch: 0, train_acc: 92.1622, val_acc: 92.3800, sparsity: 61.3617
Epoch: 1, train_acc: 89.6067, val_acc: 89.8400, sparsity: 61.3617
Epoch: 2, train_acc: 90.8222, val_acc: 91.6800, sparsity: 61.3617
Epoch: 3, train_acc: 91.9267, val_acc: 90.5200, sparsity: 61.3617
Epoch: 4, train_acc: 91.8511, val_acc: 91.7600, sparsity: 61.3617
Epoch: 5, train_acc: 92.5111, val_acc: 89.7200, sparsity: 61.3617
Epoch: 6, train_acc: 95.4111, val_acc: 93.8800, sparsity: 61.3617
Epoch: 7, train_acc: 96.1711, val_acc: 94.2000, sparsity: 61.3617
Epoch: 8, train_acc: 96.2489, val_acc: 94.3200, sparsity: 61.3617
Epoch: 9, train_acc: 96.4844, val_acc: 94.7200, sparsity: 61.3617
Epoch: 10, train_acc: 96.7356, val_acc: 94.6400, sparsity: 61.3617
Epoch: 11, train_acc: 96.7044, val_acc: 94.9200, sparsity: 61.3617
Epoch: 12, train_acc: 97.0911, val_acc: 94.8800, sparsity: 61.3617
Epoch: 13, train_acc: 96.9133, val_acc: 94.9600, sparsity: 61.3617
Epoch: 14, train_acc: 97.2067, val_acc: 94.9200, sparsity: 61.3617
Epoch: 15, train_acc: 97.1089, val_acc: 94.5600, sparsity: 61.3617
Epoch: 16, train_acc: 97.2822, val_acc: 95.0000, sparsity: 61.3617
Epoch: 17, train_acc: 97.1133, val_acc: 95.1200, sparsity: 61.3617
Epoch: 18, train_acc: 97.1111, val_acc: 94.6400, sparsity: 61.3617
Epoch: 19, train_acc: 97.1222, val_acc: 95.0400, sparsity: 61.3617
20 trials: score: 2.0000, train_acc:97.1222, val_acc:95.0400, test_acc:91.0900, sparsity:61.3617
{'module.layer1.7.conv1.weight': 0.8699369645658577, 'module.layer1.2.conv1.weight': 0.5504033781754831, 'module.layer2.5.conv1.weight': 0.6728028144433216, 'module.layer3.7.conv1.weight': 0.9393285565420688, 'module.layer1.8.conv1.weight': 0.32256050796332764, 'module.layer2.7.conv1.weight': 0.7423648734685171, 'module.layer2.6.conv2.weight': 0.6092811903672064, 'module.layer2.0.conv2.weight': 0.6748597102152112, 'module.layer3.3.conv1.weight': 0.6031975792850152, 'module.layer1.3.conv1.weight': 0.8673394670703551, 'module.layer1.2.conv2.weight': 0.7004494492254347, 'module.layer1.1.conv2.weight': 0.44391753032773473, 'module.layer3.0.conv1.weight': 0.9078476194147509, 'module.layer3.7.conv2.weight': 0.7608621725829772, 'module.layer3.6.conv1.weight': 0.6911937274527109, 'module.layer2.8.conv1.weight': 0.32557393971495474, 'module.layer3.4.conv2.weight': 0.6078360061690145, 'module.layer3.3.conv2.weight': 0.5121979667898459, 'module.layer2.6.conv1.weight': 0.5993748481507288, 'module.layer3.1.conv1.weight': 0.4321542506147168, 'module.layer2.5.conv2.weight': 0.6022444498002311, 'module.layer1.5.conv2.weight': 0.6963562373290435, 'module.layer2.1.conv1.weight': 0.5316881956881353, 'module.layer3.8.conv1.weight': 0.5707208396025749, 'module.layer3.5.conv1.weight': 0.7091360258480257, 'module.layer2.2.conv1.weight': 0.5347619920567858, 'module.layer1.4.conv1.weight': 0.4690970294124539, 'module.layer1.3.conv2.weight': 0.7738413963218213, 'module.layer2.0.conv1.weight': 0.9791796001081277, 'module.layer3.8.conv2.weight': 0.9867560812228913, 'module.layer3.2.conv1.weight': 0.6772047297997486, 'module.layer1.5.conv1.weight': 0.6540414730407135, 'module.layer3.6.conv2.weight': 0.7103976647422998, 'module.layer1.7.conv2.weight': 0.8584054992104266, 'module.layer1.6.conv1.weight': 0.8705242764038745, 'module.layer1.0.conv1.weight': 0.33163799643422825, 'module.layer2.4.conv2.weight': 0.5017219488483299, 'module.layer2.8.conv2.weight': 0.6312966770429796, 'module.layer3.0.conv2.weight': 0.7809350255873371, 'module.layer2.4.conv1.weight': 0.3400581993743984, 'module.layer3.1.conv2.weight': 0.3943636053080038, 'module.conv1.weight': 0.66795713807309, 'module.layer1.1.conv1.weight': 0.5706310983713812, 'module.layer2.1.conv2.weight': 0.3480929042450968, 'module.layer1.6.conv2.weight': 0.3877097804139122, 'module.layer2.3.conv1.weight': 0.7587010483898657, 'module.layer3.4.conv1.weight': 0.9390969096670003, 'module.layer2.7.conv2.weight': 0.8137074488571707, 'module.layer2.3.conv2.weight': 0.45369968188845816, 'module.layer1.4.conv2.weight': 0.5286748729231734, 'module.layer1.0.conv2.weight': 0.5317370649848454, 'module.layer3.2.conv2.weight': 0.9486875048960985, 'module.layer1.8.conv2.weight': 0.6182229065561168, 'module.layer3.5.conv2.weight': 0.8948767566509885, 'module.layer2.2.conv2.weight': 0.5909534289753315}
(venv) root@ccma-X7Y7:/home/ccma/Chilung/1105/lab4_2# 

