python auto.py --arch resnet56_cifar --gpus=0 --lr=0.003 ../../../data.cifar10 -b=128 -j=1 --deterministic --resume='./pertrain base line/2018.11.08-213504/best.pth.tar' --rounds=20 --epochs=30
Files already downloaded and verified
Files already downloaded and verified
resume mode: ./pertrain base line/2018.11.08-213504/best.pth.tar
10.0
Epoch: 0, train_acc: 93.9933, val_acc: 95.7800, sparsity: 63.3868
Epoch: 1, train_acc: 93.2333, val_acc: 93.8000, sparsity: 63.3868
Epoch: 2, train_acc: 94.8044, val_acc: 95.4000, sparsity: 63.3868
Epoch: 3, train_acc: 95.4711, val_acc: 95.7200, sparsity: 63.3868
Epoch: 4, train_acc: 96.0000, val_acc: 94.5400, sparsity: 63.3868
Epoch: 5, train_acc: 97.8222, val_acc: 96.6000, sparsity: 63.3868
Epoch: 6, train_acc: 97.9556, val_acc: 97.5800, sparsity: 63.3868
Epoch: 7, train_acc: 98.1244, val_acc: 97.0200, sparsity: 63.3868
Epoch: 8, train_acc: 98.2111, val_acc: 97.3200, sparsity: 63.3868
Epoch: 9, train_acc: 98.2089, val_acc: 97.3200, sparsity: 63.3868
Epoch: 10, train_acc: 98.2444, val_acc: 97.4800, sparsity: 63.3868
Epoch: 11, train_acc: 98.3111, val_acc: 96.8600, sparsity: 63.3868
Epoch: 12, train_acc: 98.5444, val_acc: 97.3800, sparsity: 63.3868
Epoch: 13, train_acc: 98.7178, val_acc: 95.7800, sparsity: 63.3868
Epoch: 14, train_acc: 98.6711, val_acc: 96.3600, sparsity: 63.3868
Epoch: 15, train_acc: 99.0733, val_acc: 97.7400, sparsity: 63.3868
Epoch: 16, train_acc: 99.1911, val_acc: 97.2600, sparsity: 63.3868
Epoch: 17, train_acc: 99.2444, val_acc: 97.6800, sparsity: 63.3868
Epoch: 18, train_acc: 99.2889, val_acc: 97.7800, sparsity: 63.3868
Epoch: 19, train_acc: 99.3356, val_acc: 97.4800, sparsity: 63.3868
Epoch: 20, train_acc: 99.3444, val_acc: 97.2000, sparsity: 63.3868
Epoch: 21, train_acc: 99.3711, val_acc: 97.6200, sparsity: 63.3868
Epoch: 22, train_acc: 99.5267, val_acc: 97.7000, sparsity: 63.3868
Epoch: 23, train_acc: 99.5489, val_acc: 98.0600, sparsity: 63.3868
Epoch: 24, train_acc: 99.5578, val_acc: 98.2400, sparsity: 63.3868
Epoch: 25, train_acc: 99.5489, val_acc: 97.8000, sparsity: 63.3868
Epoch: 26, train_acc: 99.6044, val_acc: 98.3600, sparsity: 63.3868
Epoch: 27, train_acc: 99.6422, val_acc: 98.4800, sparsity: 63.3868
Epoch: 28, train_acc: 99.6156, val_acc: 97.9400, sparsity: 63.3868
Epoch: 29, train_acc: 99.6578, val_acc: 97.9800, sparsity: 63.3868
1 trials: score: 0.1250, train_acc:99.6578, val_acc:97.9800, test_acc:90.5200, sparsity:63.3868
resume mode: ./pertrain base line/2018.11.08-213504/best.pth.tar
0.12503964843383
Epoch: 0, train_acc: 90.8489, val_acc: 93.4000, sparsity: 68.9222
Epoch: 1, train_acc: 91.5756, val_acc: 92.2200, sparsity: 68.9222
Epoch: 2, train_acc: 93.4111, val_acc: 92.3000, sparsity: 68.9222
Epoch: 3, train_acc: 93.7511, val_acc: 95.0200, sparsity: 68.9222
Epoch: 4, train_acc: 94.5533, val_acc: 92.7200, sparsity: 68.9222
Epoch: 5, train_acc: 96.6356, val_acc: 95.8200, sparsity: 68.9222
Epoch: 6, train_acc: 96.8467, val_acc: 96.0800, sparsity: 68.9222
Epoch: 7, train_acc: 97.0600, val_acc: 96.0600, sparsity: 68.9222
Epoch: 8, train_acc: 97.1267, val_acc: 95.9600, sparsity: 68.9222
Epoch: 9, train_acc: 97.2422, val_acc: 95.8800, sparsity: 68.9222
Epoch: 10, train_acc: 97.2267, val_acc: 95.9600, sparsity: 68.9222
Epoch: 11, train_acc: 97.2844, val_acc: 95.0000, sparsity: 68.9222
Epoch: 12, train_acc: 97.4956, val_acc: 95.4600, sparsity: 68.9222
Epoch: 13, train_acc: 97.5067, val_acc: 95.5600, sparsity: 68.9222
Epoch: 14, train_acc: 97.6289, val_acc: 96.0600, sparsity: 68.9222
Epoch: 15, train_acc: 98.5111, val_acc: 96.7600, sparsity: 68.9222
Epoch: 16, train_acc: 98.4822, val_acc: 96.2200, sparsity: 68.9222
Epoch: 17, train_acc: 98.7111, val_acc: 96.7600, sparsity: 68.9222
Epoch: 18, train_acc: 98.6511, val_acc: 96.7800, sparsity: 68.9222
Epoch: 19, train_acc: 98.7667, val_acc: 96.4000, sparsity: 68.9222
Epoch: 20, train_acc: 98.8600, val_acc: 96.9400, sparsity: 68.9222
Epoch: 21, train_acc: 98.7289, val_acc: 96.4400, sparsity: 68.9222
Epoch: 22, train_acc: 99.0911, val_acc: 96.9400, sparsity: 68.9222
Epoch: 23, train_acc: 99.0644, val_acc: 96.8600, sparsity: 68.9222
Epoch: 24, train_acc: 99.1867, val_acc: 97.0400, sparsity: 68.9222
Epoch: 25, train_acc: 99.1067, val_acc: 96.7200, sparsity: 68.9222
Epoch: 26, train_acc: 99.1778, val_acc: 97.1600, sparsity: 68.9222
Epoch: 27, train_acc: 99.2333, val_acc: 97.0200, sparsity: 68.9222
Epoch: 28, train_acc: 99.1800, val_acc: 97.1800, sparsity: 68.9222
Epoch: 29, train_acc: 99.2489, val_acc: 97.1000, sparsity: 68.9222
2 trials: score: 0.1214, train_acc:99.2489, val_acc:97.1000, test_acc:90.4100, sparsity:68.9222
resume mode: ./pertrain base line/2018.11.08-213504/best.pth.tar
0.12143350213269685
Epoch: 0, train_acc: 90.0467, val_acc: 93.0800, sparsity: 65.3271
Epoch: 1, train_acc: 91.1089, val_acc: 91.6800, sparsity: 65.3271
Epoch: 2, train_acc: 93.0556, val_acc: 94.1400, sparsity: 65.3271
Epoch: 3, train_acc: 93.8044, val_acc: 93.5400, sparsity: 65.3271
Epoch: 4, train_acc: 94.7600, val_acc: 94.0600, sparsity: 65.3271
Epoch: 5, train_acc: 96.6711, val_acc: 95.4400, sparsity: 65.3271
Epoch: 6, train_acc: 96.9978, val_acc: 95.7800, sparsity: 65.3271
Epoch: 7, train_acc: 97.2133, val_acc: 95.6200, sparsity: 65.3271
Epoch: 8, train_acc: 97.2422, val_acc: 96.1600, sparsity: 65.3271
Epoch: 9, train_acc: 97.5378, val_acc: 95.3200, sparsity: 65.3271
Epoch: 10, train_acc: 97.4578, val_acc: 95.4800, sparsity: 65.3271
Epoch: 11, train_acc: 97.5667, val_acc: 96.6000, sparsity: 65.3271
Epoch: 12, train_acc: 97.8067, val_acc: 96.1600, sparsity: 65.3271
Epoch: 13, train_acc: 97.9733, val_acc: 96.3400, sparsity: 65.3271
Epoch: 14, train_acc: 97.8711, val_acc: 96.6800, sparsity: 65.3271
Epoch: 15, train_acc: 98.6844, val_acc: 97.0200, sparsity: 65.3271
Epoch: 16, train_acc: 98.6489, val_acc: 96.8400, sparsity: 65.3271
Epoch: 17, train_acc: 98.8178, val_acc: 96.8400, sparsity: 65.3271
Epoch: 18, train_acc: 98.7889, val_acc: 97.3800, sparsity: 65.3271
Epoch: 19, train_acc: 98.8222, val_acc: 97.0200, sparsity: 65.3271
Epoch: 20, train_acc: 98.8711, val_acc: 96.6000, sparsity: 65.3271
Epoch: 21, train_acc: 98.8244, val_acc: 96.8800, sparsity: 65.3271
Epoch: 22, train_acc: 99.2267, val_acc: 97.2200, sparsity: 65.3271
Epoch: 23, train_acc: 99.2778, val_acc: 97.3600, sparsity: 65.3271
Epoch: 24, train_acc: 99.2911, val_acc: 97.4400, sparsity: 65.3271
Epoch: 25, train_acc: 99.4022, val_acc: 97.5000, sparsity: 65.3271
Epoch: 26, train_acc: 99.2644, val_acc: 97.3400, sparsity: 65.3271
Epoch: 27, train_acc: 99.3622, val_acc: 97.5200, sparsity: 65.3271
Epoch: 28, train_acc: 99.3178, val_acc: 97.4400, sparsity: 65.3271
Epoch: 29, train_acc: 99.3200, val_acc: 97.5600, sparsity: 65.3271
3 trials: score: 0.1284, train_acc:99.3200, val_acc:97.5600, test_acc:90.0800, sparsity:65.3271
resume mode: ./pertrain base line/2018.11.08-213504/best.pth.tar
0.12143350213269685
Epoch: 0, train_acc: 85.7311, val_acc: 91.0000, sparsity: 59.4185
Epoch: 1, train_acc: 88.4667, val_acc: 90.4400, sparsity: 59.4185
Epoch: 2, train_acc: 90.8022, val_acc: 90.9000, sparsity: 59.4185
Epoch: 3, train_acc: 91.9778, val_acc: 91.2400, sparsity: 59.4185
Epoch: 4, train_acc: 92.6911, val_acc: 93.2400, sparsity: 59.4185
Epoch: 5, train_acc: 95.2444, val_acc: 94.2600, sparsity: 59.4185
Epoch: 6, train_acc: 95.6222, val_acc: 94.9600, sparsity: 59.4185
Epoch: 7, train_acc: 95.6800, val_acc: 94.5800, sparsity: 59.4185
Epoch: 8, train_acc: 96.0533, val_acc: 94.3000, sparsity: 59.4185
Epoch: 9, train_acc: 96.2244, val_acc: 94.2400, sparsity: 59.4185
Epoch: 10, train_acc: 96.3200, val_acc: 94.4000, sparsity: 59.4185
Epoch: 11, train_acc: 96.2578, val_acc: 94.5000, sparsity: 59.4185
Epoch: 12, train_acc: 96.7044, val_acc: 93.8000, sparsity: 59.4185
Epoch: 13, train_acc: 96.7222, val_acc: 95.7800, sparsity: 59.4185
Epoch: 14, train_acc: 96.9378, val_acc: 94.7400, sparsity: 59.4185
Epoch: 15, train_acc: 97.7444, val_acc: 95.8000, sparsity: 59.4185
Epoch: 16, train_acc: 97.8911, val_acc: 95.6600, sparsity: 59.4185
Epoch: 17, train_acc: 98.0311, val_acc: 95.9800, sparsity: 59.4185
Epoch: 18, train_acc: 98.0533, val_acc: 95.7800, sparsity: 59.4185
Epoch: 19, train_acc: 98.2000, val_acc: 96.2600, sparsity: 59.4185
Epoch: 20, train_acc: 98.2311, val_acc: 95.6600, sparsity: 59.4185
Epoch: 21, train_acc: 98.1844, val_acc: 95.5400, sparsity: 59.4185
Epoch: 22, train_acc: 98.6711, val_acc: 96.3000, sparsity: 59.4185
Epoch: 23, train_acc: 98.7200, val_acc: 96.0600, sparsity: 59.4185
Epoch: 24, train_acc: 98.6911, val_acc: 96.2600, sparsity: 59.4185
Epoch: 25, train_acc: 98.7289, val_acc: 96.1800, sparsity: 59.4185
Epoch: 26, train_acc: 98.6089, val_acc: 96.5000, sparsity: 59.4185
Epoch: 27, train_acc: 98.9178, val_acc: 96.7600, sparsity: 59.4185
Epoch: 28, train_acc: 98.7000, val_acc: 96.1200, sparsity: 59.4185
Epoch: 29, train_acc: 98.7867, val_acc: 96.4400, sparsity: 59.4185
4 trials: score: 0.1541, train_acc:98.7867, val_acc:96.4400, test_acc:90.1400, sparsity:59.4185
resume mode: ./pertrain base line/2018.11.08-213504/best.pth.tar
0.12143350213269685
Epoch: 0, train_acc: 93.9911, val_acc: 95.6200, sparsity: 58.4627
Epoch: 1, train_acc: 93.3444, val_acc: 94.4400, sparsity: 58.4627
Epoch: 2, train_acc: 94.6022, val_acc: 93.9400, sparsity: 58.4627
Epoch: 3, train_acc: 95.1822, val_acc: 95.5000, sparsity: 58.4627
Epoch: 4, train_acc: 96.0222, val_acc: 96.0400, sparsity: 58.4627
Epoch: 5, train_acc: 97.8711, val_acc: 96.9800, sparsity: 58.4627
Epoch: 6, train_acc: 98.0911, val_acc: 96.2200, sparsity: 58.4627
Epoch: 7, train_acc: 98.2978, val_acc: 96.9400, sparsity: 58.4627
Epoch: 8, train_acc: 98.2422, val_acc: 97.1600, sparsity: 58.4627
Epoch: 9, train_acc: 98.3022, val_acc: 97.5000, sparsity: 58.4627
Epoch: 10, train_acc: 98.3222, val_acc: 97.0800, sparsity: 58.4627
Epoch: 11, train_acc: 98.5533, val_acc: 97.1200, sparsity: 58.4627
Epoch: 12, train_acc: 98.3467, val_acc: 97.1600, sparsity: 58.4627
Epoch: 13, train_acc: 98.6222, val_acc: 96.6400, sparsity: 58.4627
Epoch: 14, train_acc: 98.5667, val_acc: 96.5000, sparsity: 58.4627
Epoch: 15, train_acc: 99.1489, val_acc: 98.2000, sparsity: 58.4627
Epoch: 16, train_acc: 99.3911, val_acc: 98.2600, sparsity: 58.4627
Epoch: 17, train_acc: 99.4556, val_acc: 97.7200, sparsity: 58.4627
Epoch: 18, train_acc: 99.2956, val_acc: 97.9600, sparsity: 58.4627
Epoch: 19, train_acc: 99.4133, val_acc: 98.2400, sparsity: 58.4627
Epoch: 20, train_acc: 99.4778, val_acc: 98.0000, sparsity: 58.4627
Epoch: 21, train_acc: 99.3111, val_acc: 98.3400, sparsity: 58.4627
Epoch: 22, train_acc: 99.5667, val_acc: 98.1200, sparsity: 58.4627
Epoch: 23, train_acc: 99.6378, val_acc: 98.3400, sparsity: 58.4627
Epoch: 24, train_acc: 99.6644, val_acc: 98.5200, sparsity: 58.4627
Epoch: 25, train_acc: 99.6867, val_acc: 98.2800, sparsity: 58.4627
Epoch: 26, train_acc: 99.6733, val_acc: 98.2200, sparsity: 58.4627
Epoch: 27, train_acc: 99.5956, val_acc: 98.4600, sparsity: 58.4627
Epoch: 28, train_acc: 99.6578, val_acc: 98.1600, sparsity: 58.4627
Epoch: 29, train_acc: 99.6600, val_acc: 98.5200, sparsity: 58.4627
5 trials: score: 0.1394, train_acc:99.6600, val_acc:98.5200, test_acc:90.5300, sparsity:58.4627
resume mode: ./pertrain base line/2018.11.08-213504/best.pth.tar
0.12143350213269685
Epoch: 0, train_acc: 91.3844, val_acc: 94.2800, sparsity: 62.8610
Epoch: 1, train_acc: 91.4756, val_acc: 91.5600, sparsity: 62.8610
Epoch: 2, train_acc: 93.1911, val_acc: 91.5600, sparsity: 62.8610
Epoch: 3, train_acc: 94.2733, val_acc: 93.6400, sparsity: 62.8610
Epoch: 4, train_acc: 94.7911, val_acc: 94.6000, sparsity: 62.8610
Epoch: 5, train_acc: 96.7244, val_acc: 95.9000, sparsity: 62.8610
Epoch: 6, train_acc: 97.2756, val_acc: 95.7000, sparsity: 62.8610
Epoch: 7, train_acc: 97.3978, val_acc: 96.2600, sparsity: 62.8610
Epoch: 8, train_acc: 97.5156, val_acc: 96.3000, sparsity: 62.8610
Epoch: 9, train_acc: 97.7333, val_acc: 96.7000, sparsity: 62.8610
Epoch: 10, train_acc: 97.7533, val_acc: 95.9000, sparsity: 62.8610
Epoch: 11, train_acc: 97.8356, val_acc: 96.4200, sparsity: 62.8610
Epoch: 12, train_acc: 97.7556, val_acc: 96.5600, sparsity: 62.8610
Epoch: 13, train_acc: 97.8444, val_acc: 95.5400, sparsity: 62.8610
Epoch: 14, train_acc: 97.8689, val_acc: 96.4400, sparsity: 62.8610
Epoch: 15, train_acc: 98.6844, val_acc: 97.1600, sparsity: 62.8610
Epoch: 16, train_acc: 98.8244, val_acc: 96.9800, sparsity: 62.8610
Epoch: 17, train_acc: 98.8333, val_acc: 97.1200, sparsity: 62.8610
Epoch: 18, train_acc: 98.9067, val_acc: 97.2600, sparsity: 62.8610
Epoch: 19, train_acc: 99.0333, val_acc: 96.7400, sparsity: 62.8610
Epoch: 20, train_acc: 98.9889, val_acc: 97.0000, sparsity: 62.8610
Epoch: 21, train_acc: 98.9489, val_acc: 97.1200, sparsity: 62.8610
Epoch: 22, train_acc: 99.2933, val_acc: 97.1800, sparsity: 62.8610
Epoch: 23, train_acc: 99.3289, val_acc: 97.5400, sparsity: 62.8610
Epoch: 24, train_acc: 99.3222, val_acc: 97.5600, sparsity: 62.8610
Epoch: 25, train_acc: 99.2956, val_acc: 97.3200, sparsity: 62.8610
Epoch: 26, train_acc: 99.3489, val_acc: 97.1400, sparsity: 62.8610
Epoch: 27, train_acc: 99.3333, val_acc: 97.3200, sparsity: 62.8610
Epoch: 28, train_acc: 99.4133, val_acc: 97.5400, sparsity: 62.8610
Epoch: 29, train_acc: 99.4089, val_acc: 97.2000, sparsity: 62.8610
6 trials: score: 0.1358, train_acc:99.4089, val_acc:97.2000, test_acc:90.5900, sparsity:62.8610
resume mode: ./pertrain base line/2018.11.08-213504/best.pth.tar
0.12143350213269685
Epoch: 0, train_acc: 91.2978, val_acc: 94.5000, sparsity: 63.0949
Epoch: 1, train_acc: 91.3356, val_acc: 90.9200, sparsity: 63.0949
Epoch: 2, train_acc: 93.1889, val_acc: 93.4800, sparsity: 63.0949
Epoch: 3, train_acc: 93.9444, val_acc: 93.6200, sparsity: 63.0949
Epoch: 4, train_acc: 94.8156, val_acc: 94.6000, sparsity: 63.0949
Epoch: 5, train_acc: 96.4267, val_acc: 94.7600, sparsity: 63.0949
Epoch: 6, train_acc: 97.0311, val_acc: 96.1600, sparsity: 63.0949
Epoch: 7, train_acc: 97.2333, val_acc: 96.5000, sparsity: 63.0949
Epoch: 8, train_acc: 97.4022, val_acc: 95.5200, sparsity: 63.0949
Epoch: 9, train_acc: 97.2578, val_acc: 95.1800, sparsity: 63.0949
Epoch: 10, train_acc: 97.4867, val_acc: 95.8800, sparsity: 63.0949
Epoch: 11, train_acc: 97.4844, val_acc: 95.9400, sparsity: 63.0949
Epoch: 12, train_acc: 97.6689, val_acc: 96.5000, sparsity: 63.0949
Epoch: 13, train_acc: 97.7733, val_acc: 95.1200, sparsity: 63.0949
Epoch: 14, train_acc: 97.8622, val_acc: 95.9400, sparsity: 63.0949
Epoch: 15, train_acc: 98.4622, val_acc: 97.0800, sparsity: 63.0949
Epoch: 16, train_acc: 98.7000, val_acc: 96.7000, sparsity: 63.0949
Epoch: 17, train_acc: 98.7089, val_acc: 96.4800, sparsity: 63.0949
Epoch: 18, train_acc: 98.6867, val_acc: 96.6600, sparsity: 63.0949
Epoch: 19, train_acc: 98.8556, val_acc: 96.3800, sparsity: 63.0949
Epoch: 20, train_acc: 98.8778, val_acc: 97.1000, sparsity: 63.0949
Epoch: 21, train_acc: 98.9733, val_acc: 97.0600, sparsity: 63.0949
Epoch: 22, train_acc: 99.1489, val_acc: 96.9000, sparsity: 63.0949
Epoch: 23, train_acc: 99.2422, val_acc: 97.0600, sparsity: 63.0949
Epoch: 24, train_acc: 99.2689, val_acc: 96.8200, sparsity: 63.0949
Epoch: 25, train_acc: 99.2044, val_acc: 97.2800, sparsity: 63.0949
Epoch: 26, train_acc: 99.2067, val_acc: 97.4200, sparsity: 63.0949
Epoch: 27, train_acc: 99.2400, val_acc: 97.1200, sparsity: 63.0949
Epoch: 28, train_acc: 99.2556, val_acc: 97.1200, sparsity: 63.0949
Epoch: 29, train_acc: 99.2667, val_acc: 97.2600, sparsity: 63.0949
7 trials: score: 0.1365, train_acc:99.2667, val_acc:97.2600, test_acc:90.5400, sparsity:63.0949
resume mode: ./pertrain base line/2018.11.08-213504/best.pth.tar
0.12143350213269685
Epoch: 0, train_acc: 89.7244, val_acc: 93.0600, sparsity: 66.1005
Epoch: 1, train_acc: 90.9111, val_acc: 89.4400, sparsity: 66.1005
Epoch: 2, train_acc: 92.6200, val_acc: 91.6600, sparsity: 66.1005
Epoch: 3, train_acc: 93.5267, val_acc: 92.9400, sparsity: 66.1005
Epoch: 4, train_acc: 94.1178, val_acc: 94.8000, sparsity: 66.1005
Epoch: 5, train_acc: 96.2311, val_acc: 94.7800, sparsity: 66.1005
Epoch: 6, train_acc: 96.5044, val_acc: 95.6400, sparsity: 66.1005
Epoch: 7, train_acc: 96.9644, val_acc: 95.3000, sparsity: 66.1005
Epoch: 8, train_acc: 96.9089, val_acc: 95.7800, sparsity: 66.1005
Epoch: 9, train_acc: 97.0600, val_acc: 95.3400, sparsity: 66.1005
Epoch: 10, train_acc: 97.3489, val_acc: 96.2200, sparsity: 66.1005
Epoch: 11, train_acc: 97.1867, val_acc: 95.4400, sparsity: 66.1005
Epoch: 12, train_acc: 97.3200, val_acc: 95.6200, sparsity: 66.1005
Epoch: 13, train_acc: 97.5978, val_acc: 94.9400, sparsity: 66.1005
Epoch: 14, train_acc: 97.5733, val_acc: 96.4400, sparsity: 66.1005
Epoch: 15, train_acc: 98.4111, val_acc: 96.4600, sparsity: 66.1005
Epoch: 16, train_acc: 98.4400, val_acc: 96.5000, sparsity: 66.1005
Epoch: 17, train_acc: 98.5711, val_acc: 96.4400, sparsity: 66.1005
Epoch: 18, train_acc: 98.5800, val_acc: 96.3600, sparsity: 66.1005
Epoch: 19, train_acc: 98.6711, val_acc: 96.2000, sparsity: 66.1005
Epoch: 20, train_acc: 98.7978, val_acc: 96.9800, sparsity: 66.1005
Epoch: 21, train_acc: 98.7667, val_acc: 96.7000, sparsity: 66.1005
Epoch: 22, train_acc: 99.1111, val_acc: 96.6200, sparsity: 66.1005
Epoch: 23, train_acc: 99.1622, val_acc: 97.0400, sparsity: 66.1005
Epoch: 24, train_acc: 99.1533, val_acc: 97.2800, sparsity: 66.1005
Epoch: 25, train_acc: 99.1667, val_acc: 96.8200, sparsity: 66.1005
Epoch: 26, train_acc: 99.1067, val_acc: 97.0000, sparsity: 66.1005
Epoch: 27, train_acc: 99.0978, val_acc: 97.0000, sparsity: 66.1005
Epoch: 28, train_acc: 99.1156, val_acc: 96.9000, sparsity: 66.1005
Epoch: 29, train_acc: 99.2022, val_acc: 97.2000, sparsity: 66.1005
8 trials: score: 0.1289, train_acc:99.2022, val_acc:97.2000, test_acc:90.0800, sparsity:66.1005
resume mode: ./pertrain base line/2018.11.08-213504/best.pth.tar
0.12143350213269685
Epoch: 0, train_acc: 85.4244, val_acc: 90.1600, sparsity: 66.8992
Epoch: 1, train_acc: 88.2444, val_acc: 89.2600, sparsity: 66.8992
Epoch: 2, train_acc: 90.2578, val_acc: 91.0400, sparsity: 66.8992
Epoch: 3, train_acc: 92.0600, val_acc: 92.2600, sparsity: 66.8992
Epoch: 4, train_acc: 92.9289, val_acc: 91.6400, sparsity: 66.8992
Epoch: 5, train_acc: 94.9222, val_acc: 94.3000, sparsity: 66.8992
Epoch: 6, train_acc: 95.4689, val_acc: 94.3800, sparsity: 66.8992
Epoch: 7, train_acc: 95.6356, val_acc: 94.4600, sparsity: 66.8992
Epoch: 8, train_acc: 95.8956, val_acc: 94.5000, sparsity: 66.8992
Epoch: 9, train_acc: 96.0111, val_acc: 94.7200, sparsity: 66.8992
Epoch: 10, train_acc: 96.2200, val_acc: 95.3000, sparsity: 66.8992
Epoch: 11, train_acc: 96.2644, val_acc: 94.3200, sparsity: 66.8992
Epoch: 12, train_acc: 96.2733, val_acc: 94.8000, sparsity: 66.8992
Epoch: 13, train_acc: 96.7511, val_acc: 95.6000, sparsity: 66.8992
Epoch: 14, train_acc: 96.8067, val_acc: 94.7400, sparsity: 66.8992
Epoch: 15, train_acc: 97.6911, val_acc: 95.8000, sparsity: 66.8992
Epoch: 16, train_acc: 97.7222, val_acc: 95.5800, sparsity: 66.8992
Epoch: 17, train_acc: 97.7733, val_acc: 95.6400, sparsity: 66.8992
Epoch: 18, train_acc: 97.9044, val_acc: 95.9800, sparsity: 66.8992
Epoch: 19, train_acc: 97.8511, val_acc: 96.3200, sparsity: 66.8992
Epoch: 20, train_acc: 97.9356, val_acc: 95.4600, sparsity: 66.8992
Epoch: 21, train_acc: 98.0267, val_acc: 96.3800, sparsity: 66.8992
Epoch: 22, train_acc: 98.3044, val_acc: 96.2400, sparsity: 66.8992
Epoch: 23, train_acc: 98.5133, val_acc: 96.1600, sparsity: 66.8992
Epoch: 24, train_acc: 98.6156, val_acc: 96.3000, sparsity: 66.8992
Epoch: 25, train_acc: 98.6222, val_acc: 96.1800, sparsity: 66.8992
Epoch: 26, train_acc: 98.6156, val_acc: 96.3200, sparsity: 66.8992
Epoch: 27, train_acc: 98.7622, val_acc: 96.3000, sparsity: 66.8992
Epoch: 28, train_acc: 98.7667, val_acc: 96.3000, sparsity: 66.8992
Epoch: 29, train_acc: 98.7867, val_acc: 96.6000, sparsity: 66.8992
9 trials: score: 0.1333, train_acc:98.7867, val_acc:96.6000, test_acc:89.5800, sparsity:66.8992
resume mode: ./pertrain base line/2018.11.08-213504/best.pth.tar
0.12143350213269685
Epoch: 0, train_acc: 92.8222, val_acc: 95.5200, sparsity: 57.6561
Epoch: 1, train_acc: 92.9222, val_acc: 92.9200, sparsity: 57.6561
Epoch: 2, train_acc: 94.5356, val_acc: 95.4400, sparsity: 57.6561
Epoch: 3, train_acc: 95.3844, val_acc: 94.7200, sparsity: 57.6561
Epoch: 4, train_acc: 95.7267, val_acc: 96.1600, sparsity: 57.6561
Epoch: 5, train_acc: 97.6022, val_acc: 96.4200, sparsity: 57.6561
Epoch: 6, train_acc: 97.8689, val_acc: 97.3200, sparsity: 57.6561
Epoch: 7, train_acc: 97.9489, val_acc: 97.0000, sparsity: 57.6561
Epoch: 8, train_acc: 98.1689, val_acc: 97.1600, sparsity: 57.6561
Epoch: 9, train_acc: 98.0956, val_acc: 95.2600, sparsity: 57.6561
Epoch: 10, train_acc: 98.2311, val_acc: 96.9200, sparsity: 57.6561
Epoch: 11, train_acc: 98.2422, val_acc: 97.2800, sparsity: 57.6561
Epoch: 12, train_acc: 98.5978, val_acc: 96.9400, sparsity: 57.6561
Epoch: 13, train_acc: 98.4711, val_acc: 96.7600, sparsity: 57.6561
Epoch: 14, train_acc: 98.5933, val_acc: 97.6400, sparsity: 57.6561
Epoch: 15, train_acc: 99.1644, val_acc: 97.8400, sparsity: 57.6561
Epoch: 16, train_acc: 99.2356, val_acc: 98.1000, sparsity: 57.6561
Epoch: 17, train_acc: 99.2600, val_acc: 97.3200, sparsity: 57.6561
Epoch: 18, train_acc: 99.2578, val_acc: 97.9400, sparsity: 57.6561
Epoch: 19, train_acc: 99.3733, val_acc: 97.6400, sparsity: 57.6561
Epoch: 20, train_acc: 99.3089, val_acc: 98.0400, sparsity: 57.6561
Epoch: 21, train_acc: 99.3489, val_acc: 98.2600, sparsity: 57.6561
Epoch: 22, train_acc: 99.5711, val_acc: 98.0400, sparsity: 57.6561
Epoch: 23, train_acc: 99.5378, val_acc: 98.0400, sparsity: 57.6561
Epoch: 24, train_acc: 99.6200, val_acc: 98.2800, sparsity: 57.6561
Epoch: 25, train_acc: 99.5711, val_acc: 98.4200, sparsity: 57.6561
Epoch: 26, train_acc: 99.6067, val_acc: 98.3400, sparsity: 57.6561
Epoch: 27, train_acc: 99.6289, val_acc: 98.3800, sparsity: 57.6561
Epoch: 28, train_acc: 99.6311, val_acc: 98.5200, sparsity: 57.6561
Epoch: 29, train_acc: 99.6622, val_acc: 97.9600, sparsity: 57.6561
10 trials: score: 0.1418, train_acc:99.6622, val_acc:97.9600, test_acc:90.4300, sparsity:57.6561
resume mode: ./pertrain base line/2018.11.08-213504/best.pth.tar
0.12143350213269685
Epoch: 0, train_acc: 93.9067, val_acc: 96.4800, sparsity: 61.5354
Epoch: 1, train_acc: 93.3778, val_acc: 95.5600, sparsity: 61.5354
Epoch: 2, train_acc: 95.1422, val_acc: 95.1800, sparsity: 61.5354
Epoch: 3, train_acc: 95.5844, val_acc: 94.9000, sparsity: 61.5354
Epoch: 4, train_acc: 95.7089, val_acc: 95.9200, sparsity: 61.5354
Epoch: 5, train_acc: 97.7089, val_acc: 97.3200, sparsity: 61.5354
Epoch: 6, train_acc: 98.1778, val_acc: 96.9800, sparsity: 61.5354
Epoch: 7, train_acc: 98.3267, val_acc: 97.8000, sparsity: 61.5354
Epoch: 8, train_acc: 98.3756, val_acc: 96.9400, sparsity: 61.5354
Epoch: 9, train_acc: 98.3333, val_acc: 96.6200, sparsity: 61.5354
Epoch: 10, train_acc: 98.2889, val_acc: 97.9200, sparsity: 61.5354
Epoch: 11, train_acc: 98.4711, val_acc: 96.7000, sparsity: 61.5354
Epoch: 12, train_acc: 98.5067, val_acc: 97.7200, sparsity: 61.5354
Epoch: 13, train_acc: 98.6311, val_acc: 96.8800, sparsity: 61.5354
Epoch: 14, train_acc: 98.5289, val_acc: 97.6200, sparsity: 61.5354
Epoch: 15, train_acc: 99.2689, val_acc: 97.5000, sparsity: 61.5354
Epoch: 16, train_acc: 99.3689, val_acc: 98.0400, sparsity: 61.5354
Epoch: 17, train_acc: 99.3156, val_acc: 97.8800, sparsity: 61.5354
Epoch: 18, train_acc: 99.3267, val_acc: 98.0200, sparsity: 61.5354
Epoch: 19, train_acc: 99.3133, val_acc: 98.0600, sparsity: 61.5354
Epoch: 20, train_acc: 99.3956, val_acc: 98.0000, sparsity: 61.5354
Epoch: 21, train_acc: 99.4222, val_acc: 97.9200, sparsity: 61.5354
Epoch: 22, train_acc: 99.6244, val_acc: 98.3600, sparsity: 61.5354
Epoch: 23, train_acc: 99.6733, val_acc: 98.1200, sparsity: 61.5354
Epoch: 24, train_acc: 99.6044, val_acc: 98.3800, sparsity: 61.5354
Epoch: 25, train_acc: 99.6889, val_acc: 98.0600, sparsity: 61.5354
Epoch: 26, train_acc: 99.6156, val_acc: 98.2000, sparsity: 61.5354
Epoch: 27, train_acc: 99.6156, val_acc: 98.4600, sparsity: 61.5354
Epoch: 28, train_acc: 99.6933, val_acc: 98.1400, sparsity: 61.5354
Epoch: 29, train_acc: 99.6756, val_acc: 98.3000, sparsity: 61.5354
11 trials: score: 0.1308, train_acc:99.6756, val_acc:98.3000, test_acc:90.5700, sparsity:61.5354
resume mode: ./pertrain base line/2018.11.08-213504/best.pth.tar
0.12143350213269685
Epoch: 0, train_acc: 86.1422, val_acc: 90.5800, sparsity: 75.8952
Epoch: 1, train_acc: 87.6400, val_acc: 89.8400, sparsity: 75.8952
Epoch: 2, train_acc: 90.0178, val_acc: 88.4000, sparsity: 75.8952
Epoch: 3, train_acc: 91.2533, val_acc: 91.4000, sparsity: 75.8952
Epoch: 4, train_acc: 92.1800, val_acc: 91.3200, sparsity: 75.8952
Epoch: 5, train_acc: 94.3556, val_acc: 93.5800, sparsity: 75.8952
Epoch: 6, train_acc: 94.5978, val_acc: 92.8200, sparsity: 75.8952
Epoch: 7, train_acc: 94.8800, val_acc: 93.8000, sparsity: 75.8952
Epoch: 8, train_acc: 94.9689, val_acc: 92.5400, sparsity: 75.8952
Epoch: 9, train_acc: 95.2822, val_acc: 93.9600, sparsity: 75.8952
Epoch: 10, train_acc: 95.5067, val_acc: 93.9800, sparsity: 75.8952
Epoch: 11, train_acc: 95.6156, val_acc: 94.4000, sparsity: 75.8952
Epoch: 12, train_acc: 95.8111, val_acc: 93.6000, sparsity: 75.8952
Epoch: 13, train_acc: 95.8356, val_acc: 93.9600, sparsity: 75.8952
Epoch: 14, train_acc: 95.9000, val_acc: 94.1800, sparsity: 75.8952
Epoch: 15, train_acc: 96.8978, val_acc: 94.7800, sparsity: 75.8952
Epoch: 16, train_acc: 97.1533, val_acc: 94.9800, sparsity: 75.8952
Epoch: 17, train_acc: 97.1000, val_acc: 95.0000, sparsity: 75.8952
Epoch: 18, train_acc: 97.2756, val_acc: 94.6200, sparsity: 75.8952
Epoch: 19, train_acc: 97.2822, val_acc: 95.0200, sparsity: 75.8952
Epoch: 20, train_acc: 97.4311, val_acc: 95.0000, sparsity: 75.8952
Epoch: 21, train_acc: 97.4956, val_acc: 94.7800, sparsity: 75.8952
Epoch: 22, train_acc: 97.9067, val_acc: 94.8600, sparsity: 75.8952
Epoch: 23, train_acc: 97.9378, val_acc: 94.9800, sparsity: 75.8952
Epoch: 24, train_acc: 97.9733, val_acc: 95.2600, sparsity: 75.8952
Epoch: 25, train_acc: 97.9489, val_acc: 95.5800, sparsity: 75.8952
Epoch: 26, train_acc: 98.0556, val_acc: 95.2600, sparsity: 75.8952
Epoch: 27, train_acc: 98.1800, val_acc: 94.9600, sparsity: 75.8952
Epoch: 28, train_acc: 98.0889, val_acc: 94.9800, sparsity: 75.8952
Epoch: 29, train_acc: 98.0978, val_acc: 95.4200, sparsity: 75.8952
12 trials: score: 0.1165, train_acc:98.0978, val_acc:95.4200, test_acc:89.9500, sparsity:75.8952
resume mode: ./pertrain base line/2018.11.08-213504/best.pth.tar
0.11651428155358053
Epoch: 0, train_acc: 93.4644, val_acc: 95.2000, sparsity: 59.9705
Epoch: 1, train_acc: 93.0422, val_acc: 92.6800, sparsity: 59.9705
Epoch: 2, train_acc: 94.4733, val_acc: 95.4400, sparsity: 59.9705
Epoch: 3, train_acc: 95.6311, val_acc: 93.5600, sparsity: 59.9705
Epoch: 4, train_acc: 95.6889, val_acc: 95.1800, sparsity: 59.9705
Epoch: 5, train_acc: 97.7867, val_acc: 96.8600, sparsity: 59.9705
Epoch: 6, train_acc: 97.9756, val_acc: 97.3000, sparsity: 59.9705
Epoch: 7, train_acc: 98.1133, val_acc: 97.0400, sparsity: 59.9705
Epoch: 8, train_acc: 98.1356, val_acc: 97.0400, sparsity: 59.9705
Epoch: 9, train_acc: 98.3222, val_acc: 97.1600, sparsity: 59.9705
Epoch: 10, train_acc: 98.3889, val_acc: 97.3000, sparsity: 59.9705
Epoch: 11, train_acc: 98.4644, val_acc: 97.0000, sparsity: 59.9705
Epoch: 12, train_acc: 98.5756, val_acc: 97.5400, sparsity: 59.9705
Epoch: 13, train_acc: 98.4644, val_acc: 97.4200, sparsity: 59.9705
Epoch: 14, train_acc: 98.6533, val_acc: 97.3000, sparsity: 59.9705
Epoch: 15, train_acc: 99.1378, val_acc: 97.6600, sparsity: 59.9705
Epoch: 16, train_acc: 99.2444, val_acc: 98.1000, sparsity: 59.9705
Epoch: 17, train_acc: 99.1600, val_acc: 98.3800, sparsity: 59.9705
Epoch: 18, train_acc: 99.3844, val_acc: 97.9200, sparsity: 59.9705
Epoch: 19, train_acc: 99.4133, val_acc: 98.3800, sparsity: 59.9705
Epoch: 20, train_acc: 99.3311, val_acc: 98.0800, sparsity: 59.9705
Epoch: 21, train_acc: 99.3511, val_acc: 98.2000, sparsity: 59.9705
Epoch: 22, train_acc: 99.5311, val_acc: 98.4600, sparsity: 59.9705
Epoch: 23, train_acc: 99.4956, val_acc: 98.1800, sparsity: 59.9705
Epoch: 24, train_acc: 99.5578, val_acc: 98.4200, sparsity: 59.9705
Epoch: 25, train_acc: 99.5844, val_acc: 98.1800, sparsity: 59.9705
Epoch: 26, train_acc: 99.5667, val_acc: 98.1600, sparsity: 59.9705
Epoch: 27, train_acc: 99.6533, val_acc: 98.2000, sparsity: 59.9705
Epoch: 28, train_acc: 99.6489, val_acc: 98.5800, sparsity: 59.9705
Epoch: 29, train_acc: 99.5933, val_acc: 98.1800, sparsity: 59.9705
13 trials: score: 0.1343, train_acc:99.5933, val_acc:98.1800, test_acc:90.4500, sparsity:59.9705
resume mode: ./pertrain base line/2018.11.08-213504/best.pth.tar
0.11651428155358053
Epoch: 0, train_acc: 90.7578, val_acc: 94.1600, sparsity: 65.6596
Epoch: 1, train_acc: 91.5889, val_acc: 90.3800, sparsity: 65.6596
Epoch: 2, train_acc: 93.4311, val_acc: 92.2200, sparsity: 65.6596
Epoch: 3, train_acc: 93.7000, val_acc: 94.2600, sparsity: 65.6596
Epoch: 4, train_acc: 94.7000, val_acc: 92.2600, sparsity: 65.6596
Epoch: 5, train_acc: 96.7711, val_acc: 95.8400, sparsity: 65.6596
Epoch: 6, train_acc: 97.0222, val_acc: 96.3200, sparsity: 65.6596
Epoch: 7, train_acc: 97.3689, val_acc: 95.8800, sparsity: 65.6596
Epoch: 8, train_acc: 97.1756, val_acc: 96.4600, sparsity: 65.6596
Epoch: 9, train_acc: 97.5733, val_acc: 95.9800, sparsity: 65.6596
Epoch: 10, train_acc: 97.5689, val_acc: 96.0800, sparsity: 65.6596
Epoch: 11, train_acc: 97.6422, val_acc: 95.9800, sparsity: 65.6596
Epoch: 12, train_acc: 97.6467, val_acc: 95.6400, sparsity: 65.6596
Epoch: 13, train_acc: 97.7178, val_acc: 95.7600, sparsity: 65.6596
Epoch: 14, train_acc: 97.8356, val_acc: 96.1800, sparsity: 65.6596
Epoch: 15, train_acc: 98.7311, val_acc: 96.7200, sparsity: 65.6596
Epoch: 16, train_acc: 98.8244, val_acc: 97.3800, sparsity: 65.6596
Epoch: 17, train_acc: 98.8578, val_acc: 96.5000, sparsity: 65.6596
Epoch: 18, train_acc: 98.7978, val_acc: 96.8800, sparsity: 65.6596
Epoch: 19, train_acc: 98.9333, val_acc: 97.2000, sparsity: 65.6596
Epoch: 20, train_acc: 98.8667, val_acc: 96.2800, sparsity: 65.6596
Epoch: 21, train_acc: 99.0222, val_acc: 97.3800, sparsity: 65.6596
Epoch: 22, train_acc: 99.2444, val_acc: 97.5000, sparsity: 65.6596
Epoch: 23, train_acc: 99.3733, val_acc: 97.3200, sparsity: 65.6596
Epoch: 24, train_acc: 99.3089, val_acc: 97.4400, sparsity: 65.6596
Epoch: 25, train_acc: 99.3267, val_acc: 97.4800, sparsity: 65.6596
Epoch: 26, train_acc: 99.3756, val_acc: 97.6200, sparsity: 65.6596
Epoch: 27, train_acc: 99.3689, val_acc: 97.5600, sparsity: 65.6596
Epoch: 28, train_acc: 99.3556, val_acc: 97.3800, sparsity: 65.6596
Epoch: 29, train_acc: 99.3889, val_acc: 97.5600, sparsity: 65.6596
14 trials: score: 0.1268, train_acc:99.3889, val_acc:97.5600, test_acc:90.4000, sparsity:65.6596
resume mode: ./pertrain base line/2018.11.08-213504/best.pth.tar
0.11651428155358053
Epoch: 0, train_acc: 91.6067, val_acc: 94.2800, sparsity: 66.6363
Epoch: 1, train_acc: 91.9178, val_acc: 90.0400, sparsity: 66.6363
Epoch: 2, train_acc: 93.4556, val_acc: 93.2000, sparsity: 66.6363
Epoch: 3, train_acc: 93.9378, val_acc: 94.1800, sparsity: 66.6363
Epoch: 4, train_acc: 94.6733, val_acc: 94.9000, sparsity: 66.6363
Epoch: 5, train_acc: 96.8867, val_acc: 95.0800, sparsity: 66.6363
Epoch: 6, train_acc: 97.0844, val_acc: 96.0400, sparsity: 66.6363
Epoch: 7, train_acc: 97.3044, val_acc: 96.2400, sparsity: 66.6363
Epoch: 8, train_acc: 97.5422, val_acc: 96.4200, sparsity: 66.6363
Epoch: 9, train_acc: 97.6000, val_acc: 95.9800, sparsity: 66.6363
Epoch: 10, train_acc: 97.7444, val_acc: 96.1000, sparsity: 66.6363
Epoch: 11, train_acc: 97.6778, val_acc: 96.1800, sparsity: 66.6363
Epoch: 12, train_acc: 97.9044, val_acc: 96.0800, sparsity: 66.6363
Epoch: 13, train_acc: 97.8689, val_acc: 96.6200, sparsity: 66.6363
Epoch: 14, train_acc: 97.9800, val_acc: 95.7400, sparsity: 66.6363
Epoch: 15, train_acc: 98.7422, val_acc: 97.5800, sparsity: 66.6363
Epoch: 16, train_acc: 98.8667, val_acc: 96.8400, sparsity: 66.6363
Epoch: 17, train_acc: 98.8644, val_acc: 97.5600, sparsity: 66.6363
Epoch: 18, train_acc: 98.8933, val_acc: 96.7800, sparsity: 66.6363
Epoch: 19, train_acc: 98.8822, val_acc: 97.6600, sparsity: 66.6363
Epoch: 20, train_acc: 98.9289, val_acc: 97.7200, sparsity: 66.6363
Epoch: 21, train_acc: 99.0244, val_acc: 97.5800, sparsity: 66.6363
Epoch: 22, train_acc: 99.2844, val_acc: 97.7600, sparsity: 66.6363
Epoch: 23, train_acc: 99.2644, val_acc: 97.2400, sparsity: 66.6363
Epoch: 24, train_acc: 99.3467, val_acc: 97.6200, sparsity: 66.6363
Epoch: 25, train_acc: 99.3889, val_acc: 97.8000, sparsity: 66.6363
Epoch: 26, train_acc: 99.3622, val_acc: 97.6600, sparsity: 66.6363
Epoch: 27, train_acc: 99.3111, val_acc: 97.3400, sparsity: 66.6363
Epoch: 28, train_acc: 99.3689, val_acc: 97.2200, sparsity: 66.6363
Epoch: 29, train_acc: 99.3422, val_acc: 97.6200, sparsity: 66.6363
15 trials: score: 0.1221, train_acc:99.3422, val_acc:97.6200, test_acc:90.5400, sparsity:66.6363
resume mode: ./pertrain base line/2018.11.08-213504/best.pth.tar
0.11651428155358053
Epoch: 0, train_acc: 94.3511, val_acc: 95.7400, sparsity: 57.9126
Epoch: 1, train_acc: 93.7489, val_acc: 93.3800, sparsity: 57.9126
Epoch: 2, train_acc: 95.2733, val_acc: 96.1000, sparsity: 57.9126
Epoch: 3, train_acc: 95.7022, val_acc: 95.5800, sparsity: 57.9126
Epoch: 4, train_acc: 95.8222, val_acc: 96.6000, sparsity: 57.9126
Epoch: 5, train_acc: 98.0178, val_acc: 97.4200, sparsity: 57.9126
Epoch: 6, train_acc: 98.2667, val_acc: 97.3000, sparsity: 57.9126
Epoch: 7, train_acc: 98.4711, val_acc: 96.3600, sparsity: 57.9126
Epoch: 8, train_acc: 98.5511, val_acc: 97.3000, sparsity: 57.9126
Epoch: 9, train_acc: 98.4911, val_acc: 97.3000, sparsity: 57.9126
Epoch: 10, train_acc: 98.6911, val_acc: 97.7600, sparsity: 57.9126
Epoch: 11, train_acc: 98.6800, val_acc: 98.2600, sparsity: 57.9126
Epoch: 12, train_acc: 98.8311, val_acc: 96.5200, sparsity: 57.9126
Epoch: 13, train_acc: 98.6378, val_acc: 97.5400, sparsity: 57.9126
Epoch: 14, train_acc: 98.8289, val_acc: 97.1400, sparsity: 57.9126
Epoch: 15, train_acc: 99.2933, val_acc: 98.5600, sparsity: 57.9126
Epoch: 16, train_acc: 99.4200, val_acc: 98.1600, sparsity: 57.9126
Epoch: 17, train_acc: 99.4356, val_acc: 98.1800, sparsity: 57.9126
Epoch: 18, train_acc: 99.4267, val_acc: 98.5000, sparsity: 57.9126
Epoch: 19, train_acc: 99.5200, val_acc: 98.1800, sparsity: 57.9126
Epoch: 20, train_acc: 99.5289, val_acc: 98.2800, sparsity: 57.9126
Epoch: 21, train_acc: 99.4822, val_acc: 98.2000, sparsity: 57.9126
Epoch: 22, train_acc: 99.7000, val_acc: 98.3600, sparsity: 57.9126
Epoch: 23, train_acc: 99.7178, val_acc: 98.8000, sparsity: 57.9126
Epoch: 24, train_acc: 99.7489, val_acc: 98.4400, sparsity: 57.9126
Epoch: 25, train_acc: 99.7311, val_acc: 98.2200, sparsity: 57.9126
Epoch: 26, train_acc: 99.7311, val_acc: 98.8200, sparsity: 57.9126
Epoch: 27, train_acc: 99.7711, val_acc: 98.5600, sparsity: 57.9126
Epoch: 28, train_acc: 99.7689, val_acc: 98.6800, sparsity: 57.9126
Epoch: 29, train_acc: 99.7467, val_acc: 98.5200, sparsity: 57.9126
16 trials: score: 0.1381, train_acc:99.7467, val_acc:98.5200, test_acc:90.4900, sparsity:57.9126
resume mode: ./pertrain base line/2018.11.08-213504/best.pth.tar
0.11651428155358053
Epoch: 0, train_acc: 90.6978, val_acc: 94.0400, sparsity: 65.4473
Epoch: 1, train_acc: 91.0044, val_acc: 91.2800, sparsity: 65.4473
Epoch: 2, train_acc: 92.6711, val_acc: 91.6800, sparsity: 65.4473
Epoch: 3, train_acc: 93.6778, val_acc: 93.6000, sparsity: 65.4473
Epoch: 4, train_acc: 94.2089, val_acc: 93.8600, sparsity: 65.4473
Epoch: 5, train_acc: 96.3933, val_acc: 95.2400, sparsity: 65.4473
Epoch: 6, train_acc: 96.8244, val_acc: 95.7000, sparsity: 65.4473
Epoch: 7, train_acc: 96.9711, val_acc: 95.8200, sparsity: 65.4473
Epoch: 8, train_acc: 97.0844, val_acc: 95.8200, sparsity: 65.4473
Epoch: 9, train_acc: 97.4089, val_acc: 96.6000, sparsity: 65.4473
Epoch: 10, train_acc: 97.3444, val_acc: 95.7600, sparsity: 65.4473
Epoch: 11, train_acc: 97.2689, val_acc: 94.8200, sparsity: 65.4473
Epoch: 12, train_acc: 97.5067, val_acc: 95.9000, sparsity: 65.4473
Epoch: 13, train_acc: 97.6133, val_acc: 95.6400, sparsity: 65.4473
Epoch: 14, train_acc: 97.8511, val_acc: 96.6000, sparsity: 65.4473
Epoch: 15, train_acc: 98.5267, val_acc: 96.8200, sparsity: 65.4473
Epoch: 16, train_acc: 98.5911, val_acc: 96.6400, sparsity: 65.4473
Epoch: 17, train_acc: 98.6311, val_acc: 96.5200, sparsity: 65.4473
Epoch: 18, train_acc: 98.7400, val_acc: 96.3600, sparsity: 65.4473
Epoch: 19, train_acc: 98.6511, val_acc: 96.8200, sparsity: 65.4473
Epoch: 20, train_acc: 98.6022, val_acc: 96.3200, sparsity: 65.4473
Epoch: 21, train_acc: 98.8378, val_acc: 96.4600, sparsity: 65.4473
Epoch: 22, train_acc: 99.1000, val_acc: 96.5600, sparsity: 65.4473
Epoch: 23, train_acc: 99.0867, val_acc: 97.2200, sparsity: 65.4473
Epoch: 24, train_acc: 99.2156, val_acc: 97.0200, sparsity: 65.4473
Epoch: 25, train_acc: 99.2244, val_acc: 96.9400, sparsity: 65.4473
Epoch: 26, train_acc: 99.2044, val_acc: 96.9000, sparsity: 65.4473
Epoch: 27, train_acc: 99.2022, val_acc: 97.0400, sparsity: 65.4473
Epoch: 28, train_acc: 99.1644, val_acc: 96.9000, sparsity: 65.4473
Epoch: 29, train_acc: 99.2244, val_acc: 97.2400, sparsity: 65.4473
17 trials: score: 0.1313, train_acc:99.2244, val_acc:97.2400, test_acc:90.2200, sparsity:65.4473
resume mode: ./pertrain base line/2018.11.08-213504/best.pth.tar
0.11651428155358053
Epoch: 0, train_acc: 85.8778, val_acc: 89.9000, sparsity: 69.7375
Epoch: 1, train_acc: 88.0000, val_acc: 90.4400, sparsity: 69.7375
Epoch: 2, train_acc: 90.7289, val_acc: 90.2000, sparsity: 69.7375
Epoch: 3, train_acc: 91.5044, val_acc: 91.1200, sparsity: 69.7375
Epoch: 4, train_acc: 92.3756, val_acc: 91.4000, sparsity: 69.7375
Epoch: 5, train_acc: 94.4378, val_acc: 93.8800, sparsity: 69.7375
Epoch: 6, train_acc: 95.0844, val_acc: 92.7200, sparsity: 69.7375
Epoch: 7, train_acc: 95.0644, val_acc: 93.3200, sparsity: 69.7375
Epoch: 8, train_acc: 95.4267, val_acc: 94.3800, sparsity: 69.7375
Epoch: 9, train_acc: 95.4000, val_acc: 94.0800, sparsity: 69.7375
Epoch: 10, train_acc: 95.7667, val_acc: 93.4400, sparsity: 69.7375
Epoch: 11, train_acc: 95.8467, val_acc: 94.1000, sparsity: 69.7375
Epoch: 12, train_acc: 95.8111, val_acc: 94.9600, sparsity: 69.7375
Epoch: 13, train_acc: 96.1311, val_acc: 94.5600, sparsity: 69.7375
Epoch: 14, train_acc: 96.1311, val_acc: 94.0200, sparsity: 69.7375
Epoch: 15, train_acc: 97.1600, val_acc: 94.9400, sparsity: 69.7375
Epoch: 16, train_acc: 97.2800, val_acc: 94.9600, sparsity: 69.7375
Epoch: 17, train_acc: 97.4356, val_acc: 95.3200, sparsity: 69.7375
Epoch: 18, train_acc: 97.3689, val_acc: 95.0000, sparsity: 69.7375
Epoch: 19, train_acc: 97.5178, val_acc: 94.7200, sparsity: 69.7375
Epoch: 20, train_acc: 97.7467, val_acc: 94.5800, sparsity: 69.7375
Epoch: 21, train_acc: 97.8022, val_acc: 95.2000, sparsity: 69.7375
Epoch: 22, train_acc: 98.0533, val_acc: 95.3600, sparsity: 69.7375
Epoch: 23, train_acc: 98.2000, val_acc: 95.2000, sparsity: 69.7375
Epoch: 24, train_acc: 98.1356, val_acc: 95.4000, sparsity: 69.7375
Epoch: 25, train_acc: 98.2978, val_acc: 95.4600, sparsity: 69.7375
Epoch: 26, train_acc: 98.2356, val_acc: 95.3000, sparsity: 69.7375
Epoch: 27, train_acc: 98.2133, val_acc: 95.7600, sparsity: 69.7375
Epoch: 28, train_acc: 98.3556, val_acc: 95.6200, sparsity: 69.7375
Epoch: 29, train_acc: 98.5089, val_acc: 95.8000, sparsity: 69.7375
18 trials: score: 0.1328, train_acc:98.5089, val_acc:95.8000, test_acc:89.9600, sparsity:69.7375
resume mode: ./pertrain base line/2018.11.08-213504/best.pth.tar
0.11651428155358053
Epoch: 0, train_acc: 91.8111, val_acc: 93.8600, sparsity: 68.5837
Epoch: 1, train_acc: 91.3822, val_acc: 90.9000, sparsity: 68.5837
Epoch: 2, train_acc: 93.5556, val_acc: 93.2400, sparsity: 68.5837
Epoch: 3, train_acc: 94.1600, val_acc: 93.6600, sparsity: 68.5837
Epoch: 4, train_acc: 94.5400, val_acc: 93.7200, sparsity: 68.5837
Epoch: 5, train_acc: 96.7689, val_acc: 95.3000, sparsity: 68.5837
Epoch: 6, train_acc: 97.0111, val_acc: 95.8200, sparsity: 68.5837
Epoch: 7, train_acc: 97.2067, val_acc: 95.8000, sparsity: 68.5837
Epoch: 8, train_acc: 97.3089, val_acc: 95.6000, sparsity: 68.5837
Epoch: 9, train_acc: 97.3578, val_acc: 96.3000, sparsity: 68.5837
Epoch: 10, train_acc: 97.5800, val_acc: 96.0600, sparsity: 68.5837
Epoch: 11, train_acc: 97.8333, val_acc: 93.9200, sparsity: 68.5837
Epoch: 12, train_acc: 97.9067, val_acc: 96.4200, sparsity: 68.5837
Epoch: 13, train_acc: 97.7867, val_acc: 96.7600, sparsity: 68.5837
Epoch: 14, train_acc: 97.7689, val_acc: 96.8400, sparsity: 68.5837
Epoch: 15, train_acc: 98.6711, val_acc: 96.9000, sparsity: 68.5837
Epoch: 16, train_acc: 98.7467, val_acc: 96.6200, sparsity: 68.5837
Epoch: 17, train_acc: 98.8178, val_acc: 96.7400, sparsity: 68.5837
Epoch: 18, train_acc: 98.8844, val_acc: 96.4600, sparsity: 68.5837
Epoch: 19, train_acc: 98.8556, val_acc: 96.9200, sparsity: 68.5837
Epoch: 20, train_acc: 98.9067, val_acc: 96.9000, sparsity: 68.5837
Epoch: 21, train_acc: 98.9467, val_acc: 97.2200, sparsity: 68.5837
Epoch: 22, train_acc: 99.2289, val_acc: 97.4200, sparsity: 68.5837
Epoch: 23, train_acc: 99.2889, val_acc: 96.9200, sparsity: 68.5837
Epoch: 24, train_acc: 99.2578, val_acc: 97.5000, sparsity: 68.5837
Epoch: 25, train_acc: 99.3244, val_acc: 97.4800, sparsity: 68.5837
Epoch: 26, train_acc: 99.3267, val_acc: 97.2400, sparsity: 68.5837
Epoch: 27, train_acc: 99.3844, val_acc: 97.2400, sparsity: 68.5837
Epoch: 28, train_acc: 99.3400, val_acc: 97.2200, sparsity: 68.5837
Epoch: 29, train_acc: 99.3600, val_acc: 97.3400, sparsity: 68.5837
19 trials: score: 0.1192, train_acc:99.3600, val_acc:97.3400, test_acc:90.3300, sparsity:68.5837
resume mode: ./pertrain base line/2018.11.08-213504/best.pth.tar
0.11651428155358053
Epoch: 0, train_acc: 93.0356, val_acc: 95.4000, sparsity: 61.2959
Epoch: 1, train_acc: 93.1467, val_acc: 93.2800, sparsity: 61.2959
Epoch: 2, train_acc: 94.3511, val_acc: 93.3800, sparsity: 61.2959
Epoch: 3, train_acc: 94.8600, val_acc: 94.4800, sparsity: 61.2959
Epoch: 4, train_acc: 95.5733, val_acc: 92.5200, sparsity: 61.2959
Epoch: 5, train_acc: 97.5244, val_acc: 96.7800, sparsity: 61.2959
Epoch: 6, train_acc: 97.5978, val_acc: 96.6000, sparsity: 61.2959
Epoch: 7, train_acc: 97.8400, val_acc: 96.2400, sparsity: 61.2959
Epoch: 8, train_acc: 97.8711, val_acc: 96.7000, sparsity: 61.2959
Epoch: 9, train_acc: 98.2067, val_acc: 96.8000, sparsity: 61.2959
Epoch: 10, train_acc: 98.2556, val_acc: 96.5000, sparsity: 61.2959
Epoch: 11, train_acc: 98.2400, val_acc: 96.6800, sparsity: 61.2959
Epoch: 12, train_acc: 98.1511, val_acc: 97.2000, sparsity: 61.2959
Epoch: 13, train_acc: 98.4689, val_acc: 97.0000, sparsity: 61.2959
Epoch: 14, train_acc: 98.3889, val_acc: 96.9000, sparsity: 61.2959
Epoch: 15, train_acc: 99.0533, val_acc: 97.4200, sparsity: 61.2959
Epoch: 16, train_acc: 99.1400, val_acc: 97.8000, sparsity: 61.2959
Epoch: 17, train_acc: 99.1489, val_acc: 97.6000, sparsity: 61.2959
Epoch: 18, train_acc: 99.2467, val_acc: 97.5200, sparsity: 61.2959
Epoch: 19, train_acc: 99.1911, val_acc: 97.3000, sparsity: 61.2959
Epoch: 20, train_acc: 99.2244, val_acc: 98.0200, sparsity: 61.2959
Epoch: 21, train_acc: 99.2156, val_acc: 97.1800, sparsity: 61.2959
Epoch: 22, train_acc: 99.4756, val_acc: 98.2400, sparsity: 61.2959
Epoch: 23, train_acc: 99.4956, val_acc: 98.0000, sparsity: 61.2959
Epoch: 24, train_acc: 99.6022, val_acc: 97.8400, sparsity: 61.2959
Epoch: 25, train_acc: 99.5289, val_acc: 97.9200, sparsity: 61.2959
Epoch: 26, train_acc: 99.6044, val_acc: 97.7800, sparsity: 61.2959
Epoch: 27, train_acc: 99.5644, val_acc: 97.6200, sparsity: 61.2959
Epoch: 28, train_acc: 99.5467, val_acc: 97.8600, sparsity: 61.2959
Epoch: 29, train_acc: 99.5911, val_acc: 97.9400, sparsity: 61.2959
20 trials: score: 0.1337, train_acc:99.5911, val_acc:97.9400, test_acc:90.6500, sparsity:61.2959
{'module.layer2.3.conv2.weight': 0.7267734379110851, 'module.layer2.7.conv1.weight': 0.5779341910908795, 'module.layer2.5.conv1.weight': 0.6531412496484157, 'module.layer1.8.conv1.weight': 0.8995994975880797, 'module.layer1.7.conv2.weight': 0.6993837055278187, 'module.layer1.0.conv2.weight': 0.5742628294285876, 'module.layer3.0.conv2.weight': 0.9613277220698135, 'module.conv1.weight': 0.868803883740578, 'module.layer3.6.conv1.weight': 0.8782668224089363, 'module.layer3.3.conv1.weight': 0.6553787442370609, 'module.layer3.8.conv2.weight': 0.9737636672662044, 'module.layer3.1.conv2.weight': 0.7298743603145674, 'module.layer2.0.conv2.weight': 0.7794632191342894, 'module.layer3.7.conv1.weight': 0.7570075213843027, 'module.layer3.2.conv1.weight': 0.9355775497702745, 'module.layer3.4.conv2.weight': 0.620307351161171, 'module.layer1.0.conv1.weight': 0.8477896580665993, 'module.layer3.3.conv2.weight': 0.9024532705087249, 'module.layer1.1.conv2.weight': 0.6807728689683645, 'module.layer1.1.conv1.weight': 0.3928389083948389, 'module.layer2.2.conv2.weight': 0.8394460478666044, 'module.layer2.4.conv2.weight': 0.8555886011896687, 'module.layer1.3.conv2.weight': 0.5611292898728141, 'module.layer1.3.conv1.weight': 0.8062558499877857, 'module.layer2.6.conv2.weight': 0.9702718678514284, 'module.layer3.1.conv1.weight': 0.6936293405527606, 'module.layer2.8.conv1.weight': 0.5629451734263669, 'module.layer3.7.conv2.weight': 0.8966537495183362, 'module.layer2.0.conv1.weight': 0.542018286462394, 'module.layer1.4.conv1.weight': 0.8087026140548603, 'module.layer2.8.conv2.weight': 0.7945079142230849, 'module.layer2.2.conv1.weight': 0.343402055615396, 'module.layer2.6.conv1.weight': 0.8817922942341387, 'module.layer2.7.conv2.weight': 0.8072366606164094, 'module.layer1.2.conv2.weight': 0.9053310993523338, 'module.layer1.5.conv1.weight': 0.9077947051319173, 'module.layer2.4.conv1.weight': 0.7607497431140058, 'module.layer3.5.conv2.weight': 0.7856835982423418, 'module.layer3.6.conv2.weight': 0.9787732046139399, 'module.layer1.6.conv2.weight': 0.7616170522605499, 'module.layer3.2.conv2.weight': 0.6181596175575413, 'module.layer2.5.conv2.weight': 0.6774692033919217, 'module.layer2.1.conv2.weight': 0.5264969102633357, 'module.layer3.8.conv1.weight': 0.47271998326924786, 'module.layer1.4.conv2.weight': 0.4944399955369618, 'module.layer3.5.conv1.weight': 0.9467420212227442, 'module.layer1.8.conv2.weight': 0.38059644360725653, 'module.layer2.1.conv1.weight': 0.6860971408336184, 'module.layer1.6.conv1.weight': 0.9329860846631677, 'module.layer1.2.conv1.weight': 0.9440618287832385, 'module.layer3.4.conv1.weight': 0.46291991927593334, 'module.layer3.0.conv1.weight': 0.6333724521573465, 'module.layer1.7.conv1.weight': 0.547482128369246, 'module.layer2.3.conv1.weight': 0.8218803690997611, 'module.layer1.5.conv2.weight': 0.6732545833525265}


